2026-04-14 16:26:16.640332 ==============================================================================
2026-04-14 16:26:16.680324 Suites
2026-04-14 16:26:16.680384 ==============================================================================
2026-04-14 16:26:16.680418 Suites.Auth
2026-04-14 16:26:16.683813 ==============================================================================
2026-04-14 16:26:17.037064 Suites.Auth.TC02 login valid
2026-04-14 16:26:17.070349 ==============================================================================
2026-04-14 16:30:54.770938 [ WARN ] Retrying (Retry(total=2, connect=None, read=None, redirect=None, status=None)) after connection broken by 'ReadTimeoutError("HTTPConnectionPool(host='localhost', port=46131): Read timed out. (read timeout=120)")': /session/f457c8ef302e2d31e34553254966ceb8/screenshot
2026-04-14 16:32:30.395006 [ WARN ] Account deletion confirmation not visible; continuing without failing teardown.
2026-04-14 16:32:31.008564 TC02 Login User With Correct Email And Password                       | FAIL |
2026-04-14 16:32:31.063386 ReadTimeoutError: HTTPConnectionPool(host='localhost', port=46131): Read timed out. (read timeout=120)
2026-04-14 16:32:31.063759 ------------------------------------------------------------------------------
2026-04-14 16:32:31.063830 Suites.Auth.TC02 login valid                                          | FAIL |
2026-04-14 16:32:31.063875 1 test, 0 passed, 1 failed
2026-04-14 16:32:31.063946 ==============================================================================
2026-04-14 16:32:31.063990 Suites.Auth                                                           | FAIL |
2026-04-14 16:32:31.064020 1 test, 0 passed, 1 failed
2026-04-14 16:32:31.064137 ==============================================================================
2026-04-14 16:32:31.064177 Suites                                                                | FAIL |
2026-04-14 16:32:31.064206 1 test, 0 passed, 1 failed
2026-04-14 16:32:31.064235 ==============================================================================
2026-04-14 16:32:31.064267 Output:  /home/surendra.cv/projects/practice/robot-framework/reports/pabot_results/1/output.xml
