2026-04-30 04:11:54.606455 ==============================================================================
2026-04-30 04:11:54.631807 Suites
2026-04-30 04:11:54.631826 ==============================================================================
2026-04-30 04:11:54.631838 Suites.Auth
2026-04-30 04:11:54.632627 ==============================================================================
2026-04-30 04:11:54.732826 Suites.Auth.TC04 logout user
2026-04-30 04:11:54.757645 ==============================================================================
2026-04-30 04:13:10.465206 TC04 Logout User                                                      | FAIL |
2026-04-30 04:13:10.503158 Element 'css=li a b' did not appear in 45 seconds.
2026-04-30 04:13:10.503172 ------------------------------------------------------------------------------
2026-04-30 04:13:10.503182 Suites.Auth.TC04 logout user                                          | FAIL |
2026-04-30 04:13:10.503832 1 test, 0 passed, 1 failed
2026-04-30 04:13:10.503878 ==============================================================================
2026-04-30 04:13:10.503887 Suites.Auth                                                           | FAIL |
2026-04-30 04:13:10.504308 1 test, 0 passed, 1 failed
2026-04-30 04:13:10.504349 ==============================================================================
2026-04-30 04:13:10.504358 Suites                                                                | FAIL |
2026-04-30 04:13:10.504673 1 test, 0 passed, 1 failed
2026-04-30 04:13:10.504723 ==============================================================================
2026-04-30 04:13:10.504732 Output:  /home/runner/work/engg-robot-testing-framework/engg-robot-testing-framework/reports/pabot_results/3/output.xml
