[INFO]    Initialized logging in reports/pabot_results
[INFO]    Robot Framework remote server at 127.0.0.1:8270 started.
[DEBUG]   2026-04-29 04:09:35.951558 [PID:2443] [1] [ID:1] EXECUTING Suites.Auth.TC02 login valid
[DEBUG]   2026-04-29 04:09:35.953304 [PID:2444] [0] [ID:0] EXECUTING Suites.Auth.TC01 register user
[DEBUG]   2026-04-29 04:09:40.958044 [PID:2443] [1] [ID:1] still running Suites.Auth.TC02 login valid after 5.0s
[DEBUG]   2026-04-29 04:09:40.958960 [PID:2444] [0] [ID:0] still running Suites.Auth.TC01 register user after 5.0s
[DEBUG]   2026-04-29 04:09:50.976096 [PID:2443] [1] [ID:1] still running Suites.Auth.TC02 login valid after 15.0s
[DEBUG]   2026-04-29 04:09:50.977962 [PID:2444] [0] [ID:0] still running Suites.Auth.TC01 register user after 15.0s
[DEBUG]   2026-04-29 04:10:05.995743 [PID:2444] [0] [ID:0] still running Suites.Auth.TC01 register user after 30.0s
[DEBUG]   2026-04-29 04:10:05.998532 [PID:2443] [1] [ID:1] still running Suites.Auth.TC02 login valid after 30.0s
[INFO]    2026-04-29 04:10:14.714190 [PID:2443] [1] [ID:1] PASSED Suites.Auth.TC02 login valid in 38.8 seconds
[DEBUG]   2026-04-29 04:10:14.719982 [PID:2952] [0] [ID:2] EXECUTING Suites.Auth.TC03 login invalid
[DEBUG]   2026-04-29 04:10:19.732632 [PID:2952] [0] [ID:2] still running Suites.Auth.TC03 login invalid after 5.0s
[DEBUG]   2026-04-29 04:10:26.021536 [PID:2444] [0] [ID:0] still running Suites.Auth.TC01 register user after 50.0s
[INFO]    2026-04-29 04:10:29.645928 [PID:2952] [0] [ID:2] PASSED Suites.Auth.TC03 login invalid in 14.9 seconds
[DEBUG]   2026-04-29 04:10:29.650739 [PID:3181] [1] [ID:3] EXECUTING Suites.Auth.TC04 logout user
[DEBUG]   2026-04-29 04:10:34.657798 [PID:3181] [1] [ID:3] still running Suites.Auth.TC04 logout user after 5.0s
[DEBUG]   2026-04-29 04:10:44.666929 [PID:3181] [1] [ID:3] still running Suites.Auth.TC04 logout user after 15.0s
[DEBUG]   2026-04-29 04:10:51.053817 [PID:2444] [0] [ID:0] still running Suites.Auth.TC01 register user after 75.0s
[INFO]    2026-04-29 04:10:58.564712 [PID:2444] [0] [ID:0] Execution failed in Suites.Auth.TC01 register user with 1 failing test(s)
==============================================================================
Suites
==============================================================================
Suites.Auth
==============================================================================
Suites.Auth.TC01 register user
==============================================================================
TC01 Register User                                                    | FAIL |
Element 'css=li a b' did not appear in 45 seconds.
------------------------------------------------------------------------------
Suites.Auth.TC01 register user                                        | FAIL |
1 test, 0 passed, 1 failed
==============================================================================
Suites.Auth                                                           | FAIL |
1 test, 0 passed, 1 failed
==============================================================================
Suites                                                                | FAIL |
1 test, 0 passed, 1 failed
==============================================================================
Output:  /home/runner/work/engg-robot-testing-framework/engg-robot-testing-framework/reports/pabot_results/0/output.xml
[DEBUG]   2026-04-29 04:10:58.569811 [PID:3465] [0] [ID:4] EXECUTING Suites.Auth.TC05 register existing email
[DEBUG]   2026-04-29 04:10:59.688956 [PID:3181] [1] [ID:3] still running Suites.Auth.TC04 logout user after 30.0s
[DEBUG]   2026-04-29 04:11:03.578429 [PID:3465] [0] [ID:4] still running Suites.Auth.TC05 register existing email after 5.0s
[DEBUG]   2026-04-29 04:11:13.588097 [PID:3465] [0] [ID:4] still running Suites.Auth.TC05 register existing email after 15.0s
[DEBUG]   2026-04-29 04:11:19.714195 [PID:3181] [1] [ID:3] still running Suites.Auth.TC04 logout user after 50.0s
[DEBUG]   2026-04-29 04:11:28.603053 [PID:3465] [0] [ID:4] still running Suites.Auth.TC05 register existing email after 30.0s
[INFO]    2026-04-29 04:11:33.612801 [PID:3465] [0] [ID:4] PASSED Suites.Auth.TC05 register existing email in 35.0 seconds
[DEBUG]   2026-04-29 04:11:33.617261 [PID:3717] [1] [ID:5] EXECUTING Suites.Cart.TC12 add products to cart
[DEBUG]   2026-04-29 04:11:38.624884 [PID:3717] [1] [ID:5] still running Suites.Cart.TC12 add products to cart after 5.0s
[DEBUG]   2026-04-29 04:11:44.742432 [PID:3181] [1] [ID:3] still running Suites.Auth.TC04 logout user after 75.0s
[INFO]    2026-04-29 04:11:44.845456 [PID:3181] [1] [ID:3] Execution failed in Suites.Auth.TC04 logout user with 1 failing test(s)
==============================================================================
Suites
==============================================================================
Suites.Auth
==============================================================================
Suites.Auth.TC04 logout user
==============================================================================
TC04 Logout User                                                      | FAIL |
Element 'css=li a b' did not appear in 45 seconds.
------------------------------------------------------------------------------
Suites.Auth.TC04 logout user                                          | FAIL |
1 test, 0 passed, 1 failed
==============================================================================
Suites.Auth                                                           | FAIL |
1 test, 0 passed, 1 failed
==============================================================================
Suites                                                                | FAIL |
1 test, 0 passed, 1 failed
==============================================================================
Output:  /home/runner/work/engg-robot-testing-framework/engg-robot-testing-framework/reports/pabot_results/3/output.xml
[DEBUG]   2026-04-29 04:11:44.850241 [PID:3881] [0] [ID:6] EXECUTING Suites.Cart.TC13 verify product quantity
[DEBUG]   2026-04-29 04:11:48.643640 [PID:3717] [1] [ID:5] still running Suites.Cart.TC12 add products to cart after 15.0s
[DEBUG]   2026-04-29 04:11:49.859910 [PID:3881] [0] [ID:6] still running Suites.Cart.TC13 verify product quantity after 5.0s
[INFO]    2026-04-29 04:11:50.748520 [PID:3717] [1] [ID:5] PASSED Suites.Cart.TC12 add products to cart in 17.1 seconds
[DEBUG]   2026-04-29 04:11:50.753887 [PID:4153] [1] [ID:7] EXECUTING Suites.Cart.TC17 remove products from cart
[DEBUG]   2026-04-29 04:11:55.760909 [PID:4153] [1] [ID:7] still running Suites.Cart.TC17 remove products from cart after 5.0s
[INFO]    2026-04-29 04:11:58.171294 [PID:3881] [0] [ID:6] PASSED Suites.Cart.TC13 verify product quantity in 13.3 seconds
[DEBUG]   2026-04-29 04:11:58.176046 [PID:4354] [0] [ID:8] EXECUTING Suites.Cart.TC20 search and verify cart after login
[DEBUG]   2026-04-29 04:12:03.185777 [PID:4354] [0] [ID:8] still running Suites.Cart.TC20 search and verify cart after login after 5.0s
[DEBUG]   2026-04-29 04:12:05.777095 [PID:4153] [1] [ID:7] still running Suites.Cart.TC17 remove products from cart after 15.0s
[INFO]    2026-04-29 04:12:08.382100 [PID:4153] [1] [ID:7] PASSED Suites.Cart.TC17 remove products from cart in 17.6 seconds
[DEBUG]   2026-04-29 04:12:08.386922 [PID:4598] [1] [ID:9] EXECUTING Suites.Cart.TC22 add from recommended items
[DEBUG]   2026-04-29 04:12:13.201704 [PID:4354] [0] [ID:8] still running Suites.Cart.TC20 search and verify cart after login after 15.0s
[DEBUG]   2026-04-29 04:12:13.395941 [PID:4598] [1] [ID:9] still running Suites.Cart.TC22 add from recommended items after 5.0s
[DEBUG]   2026-04-29 04:12:23.412532 [PID:4598] [1] [ID:9] still running Suites.Cart.TC22 add from recommended items after 15.0s
[INFO]    2026-04-29 04:12:24.517304 [PID:4598] [1] [ID:9] PASSED Suites.Cart.TC22 add from recommended items in 16.1 seconds
[DEBUG]   2026-04-29 04:12:28.223825 [PID:4354] [0] [ID:8] still running Suites.Cart.TC20 search and verify cart after login after 30.0s
[INFO]    2026-04-29 04:12:34.032337 [PID:4354] [0] [ID:8] PASSED Suites.Cart.TC20 search and verify cart after login in 35.9 seconds
[INFO]    10 tests, 8 passed, 2 failed, 0 skipped.
[INFO]    ===================================================
[INFO]    Output:  /home/runner/work/engg-robot-testing-framework/engg-robot-testing-framework/reports/output.xml
[INFO]    Log:     /home/runner/work/engg-robot-testing-framework/engg-robot-testing-framework/reports/log.html
[INFO]    Report:  /home/runner/work/engg-robot-testing-framework/engg-robot-testing-framework/reports/report.html
[DEBUG]   Finalizing Pabot execution...
[DEBUG]   Stopping PabotLib process
[INFO]    Robot Framework remote server at 127.0.0.1:8270 stopped.
[DEBUG]   PabotLib process stopped
[INFO]    Total testing: 5 minutes 46.50 seconds
[INFO]    Elapsed time:  2 minutes 58.68 seconds
[DEBUG]   Logs flushed successfully.
