[INFO]    Initialized logging in reports/pabot_results
[WARNING] Warning: specified pabotlibport 8270 is already in use. A free port will be assigned automatically.
[INFO]    Robot Framework remote server at 127.0.0.1:35743 started.
[DEBUG]   2026-04-15 02:54:57.574294 [PID:478412] [0] [ID:0] EXECUTING Suites.Auth.TC01 register user
[DEBUG]   2026-04-15 02:54:57.586726 [PID:478416] [3] [ID:3] EXECUTING Suites.Auth.TC04 logout user
[DEBUG]   2026-04-15 02:54:57.591902 [PID:478417] [1] [ID:1] EXECUTING Suites.Auth.TC02 login valid
[DEBUG]   2026-04-15 02:54:57.594486 [PID:478421] [2] [ID:2] EXECUTING Suites.Auth.TC03 login invalid
[DEBUG]   2026-04-15 02:55:02.591009 [PID:478412] [0] [ID:0] still running Suites.Auth.TC01 register user after 5.0s
[DEBUG]   2026-04-15 02:55:02.599266 [PID:478416] [3] [ID:3] still running Suites.Auth.TC04 logout user after 5.0s
[DEBUG]   2026-04-15 02:55:02.608630 [PID:478417] [1] [ID:1] still running Suites.Auth.TC02 login valid after 5.0s
[DEBUG]   2026-04-15 02:55:02.613234 [PID:478421] [2] [ID:2] still running Suites.Auth.TC03 login invalid after 5.0s
[DEBUG]   2026-04-15 02:55:12.609468 [PID:478412] [0] [ID:0] still running Suites.Auth.TC01 register user after 15.0s
[DEBUG]   2026-04-15 02:55:12.615981 [PID:478416] [3] [ID:3] still running Suites.Auth.TC04 logout user after 15.0s
[DEBUG]   2026-04-15 02:55:12.627586 [PID:478417] [1] [ID:1] still running Suites.Auth.TC02 login valid after 15.0s
[DEBUG]   2026-04-15 02:55:12.630571 [PID:478421] [2] [ID:2] still running Suites.Auth.TC03 login invalid after 15.0s
[INFO]    2026-04-15 02:55:24.961468 [PID:478421] [2] [ID:2] PASSED Suites.Auth.TC03 login invalid in 27.4 seconds
[DEBUG]   2026-04-15 02:55:24.968773 [PID:481128] [0] [ID:4] EXECUTING Suites.Auth.TC05 register existing email
[DEBUG]   2026-04-15 02:55:27.639191 [PID:478412] [0] [ID:0] still running Suites.Auth.TC01 register user after 30.0s
[DEBUG]   2026-04-15 02:55:27.644988 [PID:478416] [3] [ID:3] still running Suites.Auth.TC04 logout user after 30.0s
[DEBUG]   2026-04-15 02:55:27.654873 [PID:478417] [1] [ID:1] still running Suites.Auth.TC02 login valid after 30.0s
[DEBUG]   2026-04-15 02:55:29.979232 [PID:481128] [0] [ID:4] still running Suites.Auth.TC05 register existing email after 5.0s
[DEBUG]   2026-04-15 02:55:40.010020 [PID:481128] [0] [ID:4] still running Suites.Auth.TC05 register existing email after 15.0s
[DEBUG]   2026-04-15 02:55:47.677748 [PID:478412] [0] [ID:0] still running Suites.Auth.TC01 register user after 50.0s
[DEBUG]   2026-04-15 02:55:47.681990 [PID:478416] [3] [ID:3] still running Suites.Auth.TC04 logout user after 50.0s
[DEBUG]   2026-04-15 02:55:47.691398 [PID:478417] [1] [ID:1] still running Suites.Auth.TC02 login valid after 50.0s
[INFO]    2026-04-15 02:55:52.409416 [PID:478417] [1] [ID:1] PASSED Suites.Auth.TC02 login valid in 54.8 seconds
[DEBUG]   2026-04-15 02:55:52.417929 [PID:482604] [1] [ID:5] EXECUTING Suites.Cart.TC12 add products to cart
[INFO]    2026-04-15 02:55:54.799557 [PID:478412] [0] [ID:0] PASSED Suites.Auth.TC01 register user in 57.2 seconds
[DEBUG]   2026-04-15 02:55:54.808396 [PID:483123] [2] [ID:6] EXECUTING Suites.Cart.TC13 verify product quantity
[DEBUG]   2026-04-15 02:55:55.038405 [PID:481128] [0] [ID:4] still running Suites.Auth.TC05 register existing email after 30.0s
[DEBUG]   2026-04-15 02:55:57.429040 [PID:482604] [1] [ID:5] still running Suites.Cart.TC12 add products to cart after 5.0s
[INFO]    2026-04-15 02:55:59.213531 [PID:478416] [3] [ID:3] PASSED Suites.Auth.TC04 logout user in 61.6 seconds
[DEBUG]   2026-04-15 02:55:59.220525 [PID:483766] [3] [ID:7] EXECUTING Suites.Cart.TC17 remove products from cart
[DEBUG]   2026-04-15 02:55:59.820408 [PID:483123] [2] [ID:6] still running Suites.Cart.TC13 verify product quantity after 5.0s
[DEBUG]   2026-04-15 02:56:04.228462 [PID:483766] [3] [ID:7] still running Suites.Cart.TC17 remove products from cart after 5.0s
[DEBUG]   2026-04-15 02:56:07.443865 [PID:482604] [1] [ID:5] still running Suites.Cart.TC12 add products to cart after 15.0s
[DEBUG]   2026-04-15 02:56:09.834666 [PID:483123] [2] [ID:6] still running Suites.Cart.TC13 verify product quantity after 15.0s
[DEBUG]   2026-04-15 02:56:14.243154 [PID:483766] [3] [ID:7] still running Suites.Cart.TC17 remove products from cart after 15.0s
[DEBUG]   2026-04-15 02:56:15.071471 [PID:481128] [0] [ID:4] still running Suites.Auth.TC05 register existing email after 50.0s
[INFO]    2026-04-15 02:56:21.366442 [PID:483123] [2] [ID:6] PASSED Suites.Cart.TC13 verify product quantity in 26.6 seconds
[DEBUG]   2026-04-15 02:56:21.372351 [PID:485183] [0] [ID:8] EXECUTING Suites.Cart.TC20 search and verify cart after login
[INFO]    2026-04-15 02:56:22.295692 [PID:482604] [1] [ID:5] PASSED Suites.Cart.TC12 add products to cart in 29.9 seconds
[DEBUG]   2026-04-15 02:56:22.305532 [PID:485356] [1] [ID:9] EXECUTING Suites.Cart.TC22 add from recommended items
[INFO]    2026-04-15 02:56:22.698517 [PID:481128] [0] [ID:4] PASSED Suites.Auth.TC05 register existing email in 57.7 seconds
[DEBUG]   2026-04-15 02:56:26.382127 [PID:485183] [0] [ID:8] still running Suites.Cart.TC20 search and verify cart after login after 5.0s
[DEBUG]   2026-04-15 02:56:27.317210 [PID:485356] [1] [ID:9] still running Suites.Cart.TC22 add from recommended items after 5.0s
[INFO]    2026-04-15 02:56:27.680756 [PID:483766] [3] [ID:7] PASSED Suites.Cart.TC17 remove products from cart in 28.5 seconds
[DEBUG]   2026-04-15 02:56:36.400555 [PID:485183] [0] [ID:8] still running Suites.Cart.TC20 search and verify cart after login after 15.0s
[DEBUG]   2026-04-15 02:56:37.332891 [PID:485356] [1] [ID:9] still running Suites.Cart.TC22 add from recommended items after 15.0s
[INFO]    2026-04-15 02:56:49.463095 [PID:485356] [1] [ID:9] PASSED Suites.Cart.TC22 add from recommended items in 27.2 seconds
[DEBUG]   2026-04-15 02:56:51.430316 [PID:485183] [0] [ID:8] still running Suites.Cart.TC20 search and verify cart after login after 30.0s
[DEBUG]   2026-04-15 02:57:11.473108 [PID:485183] [0] [ID:8] still running Suites.Cart.TC20 search and verify cart after login after 50.0s
[INFO]    2026-04-15 02:57:27.717064 [PID:485183] [0] [ID:8] PASSED Suites.Cart.TC20 search and verify cart after login in 66.3 seconds
[INFO]    10 tests, 10 passed, 0 failed, 0 skipped.
[INFO]    ===================================================
[INFO]    Output:  /home/surendra.cv/projects/practice/robot-framework/reports/output.xml
[INFO]    Log:     /home/surendra.cv/projects/practice/robot-framework/reports/log.html
[INFO]    Report:  /home/surendra.cv/projects/practice/robot-framework/reports/report.html
[DEBUG]   Finalizing Pabot execution...
[DEBUG]   Stopping PabotLib process
[INFO]    Robot Framework remote server at 127.0.0.1:35743 stopped.
[DEBUG]   PabotLib process stopped
[INFO]    Total testing: 7 minutes 17.20 seconds
[INFO]    Elapsed time:  2 minutes 30.82 seconds
[DEBUG]   Logs flushed successfully.
