2026-04-24 03:58:04.703476 ==============================================================================
2026-04-24 03:58:04.719548 Suites
2026-04-24 03:58:04.719570 ==============================================================================
2026-04-24 03:58:04.719585 Suites.Auth
2026-04-24 03:58:04.720610 ==============================================================================
2026-04-24 03:58:04.870925 Suites.Auth.TC01 register user
2026-04-24 03:58:04.904683 ==============================================================================
2026-04-24 03:59:34.551772 [ WARN ] Native click failed on Delete Account; trying JS click fallback.
2026-04-24 03:59:35.253772 TC01 Register User                                                    | FAIL |
2026-04-24 03:59:35.280703 Text 'Account Deleted' did not appear in 1 minute.
2026-04-24 03:59:35.280718 ------------------------------------------------------------------------------
2026-04-24 03:59:35.280727 Suites.Auth.TC01 register user                                        | FAIL |
2026-04-24 03:59:35.281335 1 test, 0 passed, 1 failed
2026-04-24 03:59:35.281390 ==============================================================================
2026-04-24 03:59:35.281400 Suites.Auth                                                           | FAIL |
2026-04-24 03:59:35.281837 1 test, 0 passed, 1 failed
2026-04-24 03:59:35.281900 ==============================================================================
2026-04-24 03:59:35.281916 Suites                                                                | FAIL |
2026-04-24 03:59:35.282203 1 test, 0 passed, 1 failed
2026-04-24 03:59:35.282246 ==============================================================================
2026-04-24 03:59:35.282255 Output:  /home/runner/work/engg-robot-testing-framework/engg-robot-testing-framework/reports/pabot_results/0/output.xml
