[INFO]    Initialized logging in reports/pabot_results
[INFO]    Robot Framework remote server at 127.0.0.1:8270 started.
[DEBUG]   2026-04-25 03:39:55.903107 [PID:2380] [0] [ID:0] EXECUTING Suites.Auth.TC01 register user
[DEBUG]   2026-04-25 03:39:55.904305 [PID:2381] [1] [ID:1] EXECUTING Suites.Auth.TC02 login valid
[DEBUG]   2026-04-25 03:40:00.909071 [PID:2380] [0] [ID:0] still running Suites.Auth.TC01 register user after 5.0s
[DEBUG]   2026-04-25 03:40:00.909306 [PID:2381] [1] [ID:1] still running Suites.Auth.TC02 login valid after 5.0s
[DEBUG]   2026-04-25 03:40:10.924983 [PID:2381] [1] [ID:1] still running Suites.Auth.TC02 login valid after 15.0s
[DEBUG]   2026-04-25 03:40:10.925397 [PID:2380] [0] [ID:0] still running Suites.Auth.TC01 register user after 15.0s
[DEBUG]   2026-04-25 03:40:25.949818 [PID:2381] [1] [ID:1] still running Suites.Auth.TC02 login valid after 30.0s
[DEBUG]   2026-04-25 03:40:25.950496 [PID:2380] [0] [ID:0] still running Suites.Auth.TC01 register user after 30.0s
[INFO]    2026-04-25 03:40:33.662014 [PID:2380] [0] [ID:0] PASSED Suites.Auth.TC01 register user in 37.8 seconds
[DEBUG]   2026-04-25 03:40:33.667097 [PID:2888] [0] [ID:2] EXECUTING Suites.Auth.TC03 login invalid
[INFO]    2026-04-25 03:40:38.168607 [PID:2381] [1] [ID:1] PASSED Suites.Auth.TC02 login valid in 42.3 seconds
[DEBUG]   2026-04-25 03:40:38.174577 [PID:3055] [1] [ID:3] EXECUTING Suites.Auth.TC04 logout user
[DEBUG]   2026-04-25 03:40:38.676952 [PID:2888] [0] [ID:2] still running Suites.Auth.TC03 login invalid after 5.0s
[DEBUG]   2026-04-25 03:40:43.182250 [PID:3055] [1] [ID:3] still running Suites.Auth.TC04 logout user after 5.0s
[DEBUG]   2026-04-25 03:40:48.689049 [PID:2888] [0] [ID:2] still running Suites.Auth.TC03 login invalid after 15.0s
[INFO]    2026-04-25 03:40:49.092759 [PID:2888] [0] [ID:2] PASSED Suites.Auth.TC03 login invalid in 15.4 seconds
[DEBUG]   2026-04-25 03:40:49.098306 [PID:3291] [0] [ID:4] EXECUTING Suites.Auth.TC05 register existing email
[DEBUG]   2026-04-25 03:40:53.196942 [PID:3055] [1] [ID:3] still running Suites.Auth.TC04 logout user after 15.0s
[DEBUG]   2026-04-25 03:40:54.108587 [PID:3291] [0] [ID:4] still running Suites.Auth.TC05 register existing email after 5.0s
[DEBUG]   2026-04-25 03:41:04.119505 [PID:3291] [0] [ID:4] still running Suites.Auth.TC05 register existing email after 15.0s
[DEBUG]   2026-04-25 03:41:08.218345 [PID:3055] [1] [ID:3] still running Suites.Auth.TC04 logout user after 30.0s
[INFO]    2026-04-25 03:41:09.621650 [PID:3055] [1] [ID:3] PASSED Suites.Auth.TC04 logout user in 31.5 seconds
[DEBUG]   2026-04-25 03:41:09.626098 [PID:3600] [1] [ID:5] EXECUTING Suites.Cart.TC12 add products to cart
[DEBUG]   2026-04-25 03:41:14.634349 [PID:3600] [1] [ID:5] still running Suites.Cart.TC12 add products to cart after 5.0s
[DEBUG]   2026-04-25 03:41:19.138192 [PID:3291] [0] [ID:4] still running Suites.Auth.TC05 register existing email after 30.0s
[INFO]    2026-04-25 03:41:24.147534 [PID:3291] [0] [ID:4] PASSED Suites.Auth.TC05 register existing email in 35.1 seconds
[DEBUG]   2026-04-25 03:41:24.152849 [PID:3835] [0] [ID:6] EXECUTING Suites.Cart.TC13 verify product quantity
[DEBUG]   2026-04-25 03:41:24.644708 [PID:3600] [1] [ID:5] still running Suites.Cart.TC12 add products to cart after 15.0s
[INFO]    2026-04-25 03:41:26.951662 [PID:3600] [1] [ID:5] PASSED Suites.Cart.TC12 add products to cart in 17.3 seconds
[DEBUG]   2026-04-25 03:41:26.956482 [PID:4007] [1] [ID:7] EXECUTING Suites.Cart.TC17 remove products from cart
[DEBUG]   2026-04-25 03:41:29.161687 [PID:3835] [0] [ID:6] still running Suites.Cart.TC13 verify product quantity after 5.0s
[DEBUG]   2026-04-25 03:41:31.962873 [PID:4007] [1] [ID:7] still running Suites.Cart.TC17 remove products from cart after 5.0s
[INFO]    2026-04-25 03:41:38.072664 [PID:3835] [0] [ID:6] PASSED Suites.Cart.TC13 verify product quantity in 13.9 seconds
[DEBUG]   2026-04-25 03:41:38.078159 [PID:4245] [0] [ID:8] EXECUTING Suites.Cart.TC20 search and verify cart after login
[DEBUG]   2026-04-25 03:41:41.977601 [PID:4007] [1] [ID:7] still running Suites.Cart.TC17 remove products from cart after 15.0s
[DEBUG]   2026-04-25 03:41:43.089550 [PID:4245] [0] [ID:8] still running Suites.Cart.TC20 search and verify cart after login after 5.0s
[INFO]    2026-04-25 03:41:45.086259 [PID:4007] [1] [ID:7] PASSED Suites.Cart.TC17 remove products from cart in 18.1 seconds
[DEBUG]   2026-04-25 03:41:45.091918 [PID:4478] [1] [ID:9] EXECUTING Suites.Cart.TC22 add from recommended items
[DEBUG]   2026-04-25 03:41:50.101093 [PID:4478] [1] [ID:9] still running Suites.Cart.TC22 add from recommended items after 5.0s
[DEBUG]   2026-04-25 03:41:53.102077 [PID:4245] [0] [ID:8] still running Suites.Cart.TC20 search and verify cart after login after 15.0s
[DEBUG]   2026-04-25 03:42:00.120074 [PID:4478] [1] [ID:9] still running Suites.Cart.TC22 add from recommended items after 15.0s
[INFO]    2026-04-25 03:42:01.727055 [PID:4478] [1] [ID:9] PASSED Suites.Cart.TC22 add from recommended items in 16.6 seconds
[DEBUG]   2026-04-25 03:42:08.124224 [PID:4245] [0] [ID:8] still running Suites.Cart.TC20 search and verify cart after login after 30.0s
[INFO]    2026-04-25 03:42:15.735211 [PID:4245] [0] [ID:8] PASSED Suites.Cart.TC20 search and verify cart after login in 37.7 seconds
[INFO]    10 tests, 10 passed, 0 failed, 0 skipped.
[INFO]    ===================================================
[INFO]    Output:  /home/runner/work/engg-robot-testing-framework/engg-robot-testing-framework/reports/output.xml
[INFO]    Log:     /home/runner/work/engg-robot-testing-framework/engg-robot-testing-framework/reports/log.html
[INFO]    Report:  /home/runner/work/engg-robot-testing-framework/engg-robot-testing-framework/reports/report.html
[DEBUG]   Finalizing Pabot execution...
[DEBUG]   Stopping PabotLib process
[INFO]    Robot Framework remote server at 127.0.0.1:8270 stopped.
[DEBUG]   PabotLib process stopped
[INFO]    Total testing: 4 minutes 25.70 seconds
[INFO]    Elapsed time:  2 minutes 20.44 seconds
[DEBUG]   Logs flushed successfully.
