2026-05-02 04:02:41.649064 ==============================================================================
2026-05-02 04:02:41.655540 Suites
2026-05-02 04:02:41.655554 ==============================================================================
2026-05-02 04:02:41.655562 Suites.Cart
2026-05-02 04:02:41.656226 ==============================================================================
2026-05-02 04:02:41.756451 Suites.Cart.TC20 search and verify cart after login :: TC20 - Search Produc...
2026-05-02 04:02:41.778064 ==============================================================================
2026-05-02 04:03:08.221179 TC20 Search Products And Verify Cart After Login                      | FAIL |
2026-05-02 04:03:08.270793 ElementClickInterceptedException: Message: element click intercepted: Element <a href="/products">...</a> is not clickable at point (919, 40). Other element would receive the click: <iframe id="aswift_1" name="aswift_1" style="min-height: auto !important; max-height: none !important; min-width: auto !important; max-width: none !important; width: 100vw !important; height: 100vh !important; inset: 0px auto auto 0px !important; position: absolute !important; clear: none !important; display: inline !important; float: none !important; margin: 0px !important; opacity: 1 !important; overflow: visible !important; padding: 0px !important; vertical-align: baseline !important; visibility: visible !important; z-index: auto !important;" sandbox="allow-forms allow-popups allow-popups-to-escape-sandbox allow-same-origin allow-scripts allow-top-navigation-by-user-activation" width="" height="" frameborder="0" marginwidth="0" marginheight="0" vspace="0" hspace="0" allowtransparency="true" scrolling="no" allow="attribution-reporting; run-ad-auction" src="https://googleads.g.doubleclick.net/pagead/html/r20260430/r20190131/zrt_lookup.html#RS-0-&amp;adk=1812271808&amp;client=ca-pub-1677597403311019&amp;fa=8&amp;ifi=2&amp;uci=a!2" data-google-container-id="a!2" tabindex="0" title="Advertisement" aria-label="Advertisement" data-google-query-id="CPielKvcmZQDFd0CRAgdDaQn5Q" data-load-complete="true"></iframe>
2026-05-02 04:03:08.270823   (Session info: chrome=147.0.7727.55)
2026-05-02 04:03:08.270836     [ Message content over the limit has been removed. ]
2026-05-02 04:03:08.270846 #1 0x556b14ead265 <unknown>
2026-05-02 04:03:08.270856 #2 0x556b14f0722b <unknown>
2026-05-02 04:03:08.270866 #3 0x556b14f04e62 <unknown>
2026-05-02 04:03:08.270875 #4 0x556b14f023a9 <unknown>
2026-05-02 04:03:08.270884 #5 0x556b14f014a7 <unknown>
2026-05-02 04:03:08.270893 #6 0x556b14ef54c2 <unknown>
2026-05-02 04:03:08.270902 #7 0x556b14ef4e07 <unknown>
2026-05-02 04:03:08.270911 #8 0x556b14f48969 <unknown>
2026-05-02 04:03:08.270920 #9 0x556b14ef35cf <unknown>
2026-05-02 04:03:08.270929 #10 0x556b14ef4391 <unknown>
2026-05-02 04:03:08.270938 #11 0x556b1547104b <unknown>
2026-05-02 04:03:08.270948 #12 0x556b1547400d <unknown>
2026-05-02 04:03:08.270958 #13 0x556b1545d808 <unknown>
2026-05-02 04:03:08.270967 #14 0x556b15474ba0 <unknown>
2026-05-02 04:03:08.270991 #15 0x556b15444280 <unknown>
2026-05-02 04:03:08.271004 #16 0x556b15498db8 <unknown>
2026-05-02 04:03:08.271014 #17 0x556b15498f88 <unknown>
2026-05-02 04:03:08.271023 #18 0x556b154aa5de <unknown>
2026-05-02 04:03:08.271032 #19 0x7f9f6ec9caa4 <unknown>
2026-05-02 04:03:08.271041 #20 0x7f9f6ed29c6c <unknown>
2026-05-02 04:03:08.271064 ------------------------------------------------------------------------------
2026-05-02 04:03:08.271076 Suites.Cart.TC20 search and verify cart after login :: TC20 - Sear... | FAIL |
2026-05-02 04:03:08.272460 1 test, 0 passed, 1 failed
2026-05-02 04:03:08.272475 ==============================================================================
2026-05-02 04:03:08.272496 Suites.Cart                                                           | FAIL |
2026-05-02 04:03:08.272507 1 test, 0 passed, 1 failed
2026-05-02 04:03:08.272517 ==============================================================================
2026-05-02 04:03:08.272532 Suites                                                                | FAIL |
2026-05-02 04:03:08.272824 1 test, 0 passed, 1 failed
2026-05-02 04:03:08.273022 ==============================================================================
2026-05-02 04:03:08.273418 Output:  /home/runner/work/engg-robot-testing-framework/engg-robot-testing-framework/reports/pabot_results/8/output.xml
