==============================================================================
Suites
==============================================================================
Suites.Cart
==============================================================================
Suites.Cart.TC12 add products to cart :: TC12 - Add Products In Cart
==============================================================================
TC12 Add Products In Cart                                             | FAIL |
ReadTimeoutError: HTTPConnectionPool(host='localhost', port=44757): Read timed out. (read timeout=120)
------------------------------------------------------------------------------
Suites.Cart.TC12 add products to cart :: TC12 - Add Products In Cart  | FAIL |
1 test, 0 passed, 1 failed
==============================================================================
Suites.Cart                                                           | FAIL |
1 test, 0 passed, 1 failed
==============================================================================
Suites                                                                | FAIL |
1 test, 0 passed, 1 failed
==============================================================================
Output:  /home/runner/work/engg-robot-testing-framework/engg-robot-testing-framework/reports/pabot_results/5/output.xml
