2026-04-28 04:14:26.997898 ==============================================================================
2026-04-28 04:14:27.026804 Suites
2026-04-28 04:14:27.026826 ==============================================================================
2026-04-28 04:14:27.026841 Suites.Cart
2026-04-28 04:14:27.027994 ==============================================================================
2026-04-28 04:14:27.178423 Suites.Cart.TC12 add products to cart :: TC12 - Add Products In Cart
2026-04-28 04:14:27.215195 ==============================================================================
2026-04-28 04:18:34.233421 [ WARN ] Retrying (Retry(total=2, connect=None, read=None, redirect=None, status=None)) after connection broken by 'ReadTimeoutError("HTTPConnectionPool(host='localhost', port=44757): Read timed out. (read timeout=120)")': /session/8b11da7635daf146eb7b7d04e436a8cf/screenshot
2026-04-28 04:20:34.295812 [ WARN ] Retrying (Retry(total=1, connect=None, read=None, redirect=None, status=None)) after connection broken by 'ReadTimeoutError("HTTPConnectionPool(host='localhost', port=44757): Read timed out. (read timeout=120)")': /session/8b11da7635daf146eb7b7d04e436a8cf/screenshot
2026-04-28 04:22:34.384115 [ WARN ] Retrying (Retry(total=0, connect=None, read=None, redirect=None, status=None)) after connection broken by 'ReadTimeoutError("HTTPConnectionPool(host='localhost', port=44757): Read timed out. (read timeout=120)")': /session/8b11da7635daf146eb7b7d04e436a8cf/screenshot
2026-04-28 04:24:34.466007 [ WARN ] Keyword 'Capture Failure Screenshot' could not be run on failure: MaxRetryError: HTTPConnectionPool(host='localhost', port=44757): Max retries exceeded with url: /session/8b11da7635daf146eb7b7d04e436a8cf/screenshot (Caused by ReadTimeoutError("HTTPConnectionPool(host='localhost', port=44757): Read timed out. (read timeout=120)"))
2026-04-28 04:28:34.621634 [ WARN ] Retrying (Retry(total=2, connect=None, read=None, redirect=None, status=None)) after connection broken by 'ReadTimeoutError("HTTPConnectionPool(host='localhost', port=44757): Read timed out. (read timeout=120)")': /session/8b11da7635daf146eb7b7d04e436a8cf/screenshot
2026-04-28 04:30:34.723123 [ WARN ] Retrying (Retry(total=1, connect=None, read=None, redirect=None, status=None)) after connection broken by 'ReadTimeoutError("HTTPConnectionPool(host='localhost', port=44757): Read timed out. (read timeout=120)")': /session/8b11da7635daf146eb7b7d04e436a8cf/screenshot
2026-04-28 04:32:34.791972 [ WARN ] Retrying (Retry(total=0, connect=None, read=None, redirect=None, status=None)) after connection broken by 'ReadTimeoutError("HTTPConnectionPool(host='localhost', port=44757): Read timed out. (read timeout=120)")': /session/8b11da7635daf146eb7b7d04e436a8cf/screenshot
2026-04-28 04:34:34.923805 [ WARN ] Keyword 'Capture Failure Screenshot' could not be run on failure: MaxRetryError: HTTPConnectionPool(host='localhost', port=44757): Max retries exceeded with url: /session/8b11da7635daf146eb7b7d04e436a8cf/screenshot (Caused by ReadTimeoutError("HTTPConnectionPool(host='localhost', port=44757): Read timed out. (read timeout=120)"))
2026-04-28 04:36:34.997527 [ WARN ] Retrying (Retry(total=2, connect=None, read=None, redirect=None, status=None)) after connection broken by 'ReadTimeoutError("HTTPConnectionPool(host='localhost', port=44757): Read timed out. (read timeout=120)")': /session/8b11da7635daf146eb7b7d04e436a8cf
2026-04-28 04:38:35.041565 [ WARN ] Retrying (Retry(total=1, connect=None, read=None, redirect=None, status=None)) after connection broken by 'ReadTimeoutError("HTTPConnectionPool(host='localhost', port=44757): Read timed out. (read timeout=120)")': /session/8b11da7635daf146eb7b7d04e436a8cf
2026-04-28 04:40:35.154003 [ WARN ] Retrying (Retry(total=0, connect=None, read=None, redirect=None, status=None)) after connection broken by 'ReadTimeoutError("HTTPConnectionPool(host='localhost', port=44757): Read timed out. (read timeout=120)")': /session/8b11da7635daf146eb7b7d04e436a8cf
2026-04-28 04:42:45.242850 TC12 Add Products In Cart                                             | FAIL |
2026-04-28 04:42:45.272243 ReadTimeoutError: HTTPConnectionPool(host='localhost', port=44757): Read timed out. (read timeout=120)
2026-04-28 04:42:45.272263 ------------------------------------------------------------------------------
2026-04-28 04:42:45.272280 Suites.Cart.TC12 add products to cart :: TC12 - Add Products In Cart  | FAIL |
2026-04-28 04:42:45.274598 1 test, 0 passed, 1 failed
2026-04-28 04:42:45.274621 ==============================================================================
2026-04-28 04:42:45.274639 Suites.Cart                                                           | FAIL |
2026-04-28 04:42:45.274655 1 test, 0 passed, 1 failed
2026-04-28 04:42:45.274670 ==============================================================================
2026-04-28 04:42:45.274686 Suites                                                                | FAIL |
2026-04-28 04:42:45.274701 1 test, 0 passed, 1 failed
2026-04-28 04:42:45.274728 ==============================================================================
2026-04-28 04:42:45.274745 Output:  /home/runner/work/engg-robot-testing-framework/engg-robot-testing-framework/reports/pabot_results/5/output.xml
