[INFO]    Initialized logging in reports/pabot_results
[INFO]    Robot Framework remote server at 127.0.0.1:8270 started.
[DEBUG]   2026-04-16 03:54:24.390711 [PID:2368] [0] [ID:0] EXECUTING Suites.Auth.TC01 register user
[DEBUG]   2026-04-16 03:54:24.392400 [PID:2369] [1] [ID:1] EXECUTING Suites.Auth.TC02 login valid
[DEBUG]   2026-04-16 03:54:29.409241 [PID:2369] [1] [ID:1] still running Suites.Auth.TC02 login valid after 5.0s
[DEBUG]   2026-04-16 03:54:29.410116 [PID:2368] [0] [ID:0] still running Suites.Auth.TC01 register user after 5.0s
[DEBUG]   2026-04-16 03:54:39.424742 [PID:2369] [1] [ID:1] still running Suites.Auth.TC02 login valid after 15.0s
[DEBUG]   2026-04-16 03:54:39.427642 [PID:2368] [0] [ID:0] still running Suites.Auth.TC01 register user after 15.0s
[DEBUG]   2026-04-16 03:54:54.440201 [PID:2369] [1] [ID:1] still running Suites.Auth.TC02 login valid after 30.0s
[DEBUG]   2026-04-16 03:54:54.440496 [PID:2368] [0] [ID:0] still running Suites.Auth.TC01 register user after 30.0s
[DEBUG]   2026-04-16 03:55:14.465314 [PID:2369] [1] [ID:1] still running Suites.Auth.TC02 login valid after 50.0s
[DEBUG]   2026-04-16 03:55:14.467101 [PID:2368] [0] [ID:0] still running Suites.Auth.TC01 register user after 50.0s
[DEBUG]   2026-04-16 03:55:39.490673 [PID:2369] [1] [ID:1] still running Suites.Auth.TC02 login valid after 75.0s
[DEBUG]   2026-04-16 03:55:39.494386 [PID:2368] [0] [ID:0] still running Suites.Auth.TC01 register user after 75.0s
[INFO]    2026-04-16 03:55:42.897364 [PID:2369] [1] [ID:1] Execution failed in Suites.Auth.TC02 login valid with 1 failing test(s)
==============================================================================
Suites
==============================================================================
Suites.Auth
==============================================================================
Suites.Auth.TC02 login valid
==============================================================================
TC02 Login User With Correct Email And Password                       | FAIL |
Element 'xpath=//a[contains(text(),'Logout')]' not visible after 45 seconds.
------------------------------------------------------------------------------
Suites.Auth.TC02 login valid                                          | FAIL |
1 test, 0 passed, 1 failed
==============================================================================
Suites.Auth                                                           | FAIL |
1 test, 0 passed, 1 failed
==============================================================================
Suites                                                                | FAIL |
1 test, 0 passed, 1 failed
==============================================================================
Output:  /home/runner/work/engg-robot-testing-framework/engg-robot-testing-framework/reports/pabot_results/1/output.xml
[DEBUG]   2026-04-16 03:55:42.902275 [PID:3084] [0] [ID:2] EXECUTING Suites.Auth.TC03 login invalid
[INFO]    2026-04-16 03:55:47.417246 [PID:2368] [0] [ID:0] Execution failed in Suites.Auth.TC01 register user with 1 failing test(s)
==============================================================================
Suites
==============================================================================
Suites.Auth
==============================================================================
Suites.Auth.TC01 register user
==============================================================================
TC01 Register User                                                    | FAIL |
Text 'Account Deleted' did not appear in 1 minute.
------------------------------------------------------------------------------
Suites.Auth.TC01 register user                                        | FAIL |
1 test, 0 passed, 1 failed
==============================================================================
Suites.Auth                                                           | FAIL |
1 test, 0 passed, 1 failed
==============================================================================
Suites                                                                | FAIL |
1 test, 0 passed, 1 failed
==============================================================================
Output:  /home/runner/work/engg-robot-testing-framework/engg-robot-testing-framework/reports/pabot_results/0/output.xml

[ WARN ] Native click failed on Delete Account; trying JS click fallback.
[DEBUG]   2026-04-16 03:55:47.422134 [PID:3251] [1] [ID:3] EXECUTING Suites.Auth.TC04 logout user
[DEBUG]   2026-04-16 03:55:47.914714 [PID:3084] [0] [ID:2] still running Suites.Auth.TC03 login invalid after 5.0s
[DEBUG]   2026-04-16 03:55:52.429830 [PID:3251] [1] [ID:3] still running Suites.Auth.TC04 logout user after 5.0s
[DEBUG]   2026-04-16 03:55:57.929064 [PID:3084] [0] [ID:2] still running Suites.Auth.TC03 login invalid after 15.0s
[INFO]    2026-04-16 03:55:58.030998 [PID:3084] [0] [ID:2] PASSED Suites.Auth.TC03 login invalid in 15.1 seconds
[DEBUG]   2026-04-16 03:55:58.034876 [PID:3508] [0] [ID:4] EXECUTING Suites.Auth.TC05 register existing email
[DEBUG]   2026-04-16 03:56:02.444960 [PID:3251] [1] [ID:3] still running Suites.Auth.TC04 logout user after 15.0s
[DEBUG]   2026-04-16 03:56:03.044054 [PID:3508] [0] [ID:4] still running Suites.Auth.TC05 register existing email after 5.0s
[DEBUG]   2026-04-16 03:56:13.057616 [PID:3508] [0] [ID:4] still running Suites.Auth.TC05 register existing email after 15.0s
[DEBUG]   2026-04-16 03:56:17.462976 [PID:3251] [1] [ID:3] still running Suites.Auth.TC04 logout user after 30.0s
[DEBUG]   2026-04-16 03:56:28.073557 [PID:3508] [0] [ID:4] still running Suites.Auth.TC05 register existing email after 30.0s
[INFO]    2026-04-16 03:56:33.384406 [PID:3508] [0] [ID:4] PASSED Suites.Auth.TC05 register existing email in 35.3 seconds
[DEBUG]   2026-04-16 03:56:33.389109 [PID:3819] [1] [ID:5] EXECUTING Suites.Cart.TC12 add products to cart
[DEBUG]   2026-04-16 03:56:37.484751 [PID:3251] [1] [ID:3] still running Suites.Auth.TC04 logout user after 50.0s
[DEBUG]   2026-04-16 03:56:38.395955 [PID:3819] [1] [ID:5] still running Suites.Cart.TC12 add products to cart after 5.0s
[DEBUG]   2026-04-16 03:56:48.406225 [PID:3819] [1] [ID:5] still running Suites.Cart.TC12 add products to cart after 15.0s
[INFO]    2026-04-16 03:56:51.416235 [PID:3819] [1] [ID:5] PASSED Suites.Cart.TC12 add products to cart in 18.0 seconds
[DEBUG]   2026-04-16 03:56:51.420390 [PID:4188] [0] [ID:6] EXECUTING Suites.Cart.TC13 verify product quantity
[DEBUG]   2026-04-16 03:56:56.429283 [PID:4188] [0] [ID:6] still running Suites.Cart.TC13 verify product quantity after 5.0s
[DEBUG]   2026-04-16 03:57:02.511400 [PID:3251] [1] [ID:3] still running Suites.Auth.TC04 logout user after 75.0s
[INFO]    2026-04-16 03:57:03.215375 [PID:3251] [1] [ID:3] Execution failed in Suites.Auth.TC04 logout user with 1 failing test(s)
==============================================================================
Suites
==============================================================================
Suites.Auth
==============================================================================
Suites.Auth.TC04 logout user
==============================================================================
TC04 Logout User                                                      | FAIL |
Element 'css=li a b' did not appear in 45 seconds.
------------------------------------------------------------------------------
Suites.Auth.TC04 logout user                                          | FAIL |
1 test, 0 passed, 1 failed
==============================================================================
Suites.Auth                                                           | FAIL |
1 test, 0 passed, 1 failed
==============================================================================
Suites                                                                | FAIL |
1 test, 0 passed, 1 failed
==============================================================================
Output:  /home/runner/work/engg-robot-testing-framework/engg-robot-testing-framework/reports/pabot_results/3/output.xml
[DEBUG]   2026-04-16 03:57:03.220617 [PID:4456] [1] [ID:7] EXECUTING Suites.Cart.TC17 remove products from cart
[INFO]    2026-04-16 03:57:05.342604 [PID:4188] [0] [ID:6] PASSED Suites.Cart.TC13 verify product quantity in 13.9 seconds
[DEBUG]   2026-04-16 03:57:05.348355 [PID:4685] [0] [ID:8] EXECUTING Suites.Cart.TC20 search and verify cart after login
[DEBUG]   2026-04-16 03:57:08.230668 [PID:4456] [1] [ID:7] still running Suites.Cart.TC17 remove products from cart after 5.0s
[DEBUG]   2026-04-16 03:57:10.355454 [PID:4685] [0] [ID:8] still running Suites.Cart.TC20 search and verify cart after login after 5.0s
[DEBUG]   2026-04-16 03:57:18.242424 [PID:4456] [1] [ID:7] still running Suites.Cart.TC17 remove products from cart after 15.0s
[DEBUG]   2026-04-16 03:57:20.370321 [PID:4685] [0] [ID:8] still running Suites.Cart.TC20 search and verify cart after login after 15.0s
[INFO]    2026-04-16 03:57:21.447995 [PID:4456] [1] [ID:7] PASSED Suites.Cart.TC17 remove products from cart in 18.2 seconds
[DEBUG]   2026-04-16 03:57:21.452285 [PID:4998] [1] [ID:9] EXECUTING Suites.Cart.TC22 add from recommended items
[DEBUG]   2026-04-16 03:57:26.460566 [PID:4998] [1] [ID:9] still running Suites.Cart.TC22 add from recommended items after 5.0s
[DEBUG]   2026-04-16 03:57:35.388023 [PID:4685] [0] [ID:8] still running Suites.Cart.TC20 search and verify cart after login after 30.0s
[DEBUG]   2026-04-16 03:57:36.470618 [PID:4998] [1] [ID:9] still running Suites.Cart.TC22 add from recommended items after 15.0s
[INFO]    2026-04-16 03:57:37.775465 [PID:4998] [1] [ID:9] PASSED Suites.Cart.TC22 add from recommended items in 16.3 seconds
[INFO]    2026-04-16 03:57:42.799777 [PID:4685] [0] [ID:8] PASSED Suites.Cart.TC20 search and verify cart after login in 37.5 seconds
[INFO]    10 tests, 7 passed, 3 failed, 0 skipped.
[INFO]    ===================================================
[INFO]    Output:  /home/runner/work/engg-robot-testing-framework/engg-robot-testing-framework/reports/output.xml
[INFO]    Log:     /home/runner/work/engg-robot-testing-framework/engg-robot-testing-framework/reports/log.html
[INFO]    Report:  /home/runner/work/engg-robot-testing-framework/engg-robot-testing-framework/reports/report.html
[DEBUG]   Finalizing Pabot execution...
[DEBUG]   Stopping PabotLib process
[INFO]    Robot Framework remote server at 127.0.0.1:8270 stopped.
[DEBUG]   PabotLib process stopped
[INFO]    Total testing: 6 minutes 31.60 seconds
[INFO]    Elapsed time:  3 minutes 19.4 seconds
[DEBUG]   Logs flushed successfully.
