[INFO]    Initialized logging in reports/pabot_results
[INFO]    Robot Framework remote server at 127.0.0.1:8270 started.
[DEBUG]   2026-04-17 03:51:22.052935 [PID:2368] [0] [ID:0] EXECUTING Suites.Auth.TC01 register user
[DEBUG]   2026-04-17 03:51:22.054924 [PID:2369] [1] [ID:1] EXECUTING Suites.Auth.TC02 login valid
[DEBUG]   2026-04-17 03:51:27.077219 [PID:2369] [1] [ID:1] still running Suites.Auth.TC02 login valid after 5.0s
[DEBUG]   2026-04-17 03:51:27.083177 [PID:2368] [0] [ID:0] still running Suites.Auth.TC01 register user after 5.0s
[DEBUG]   2026-04-17 03:51:37.096661 [PID:2369] [1] [ID:1] still running Suites.Auth.TC02 login valid after 15.0s
[DEBUG]   2026-04-17 03:51:37.098586 [PID:2368] [0] [ID:0] still running Suites.Auth.TC01 register user after 15.0s
[DEBUG]   2026-04-17 03:51:52.122901 [PID:2368] [0] [ID:0] still running Suites.Auth.TC01 register user after 30.0s
[DEBUG]   2026-04-17 03:51:52.123954 [PID:2369] [1] [ID:1] still running Suites.Auth.TC02 login valid after 30.0s
[DEBUG]   2026-04-17 03:52:12.148070 [PID:2368] [0] [ID:0] still running Suites.Auth.TC01 register user after 50.0s
[DEBUG]   2026-04-17 03:52:12.153748 [PID:2369] [1] [ID:1] still running Suites.Auth.TC02 login valid after 50.0s
[DEBUG]   2026-04-17 03:52:37.186957 [PID:2368] [0] [ID:0] still running Suites.Auth.TC01 register user after 75.0s
[DEBUG]   2026-04-17 03:52:37.190743 [PID:2369] [1] [ID:1] still running Suites.Auth.TC02 login valid after 75.0s
[INFO]    2026-04-17 03:52:46.607132 [PID:2368] [0] [ID:0] Execution failed in Suites.Auth.TC01 register user with 1 failing test(s)
==============================================================================
Suites
==============================================================================
Suites.Auth
==============================================================================
Suites.Auth.TC01 register user
==============================================================================
TC01 Register User                                                    | FAIL |
Text 'Account Deleted' did not appear in 1 minute.
------------------------------------------------------------------------------
Suites.Auth.TC01 register user                                        | FAIL |
1 test, 0 passed, 1 failed
==============================================================================
Suites.Auth                                                           | FAIL |
1 test, 0 passed, 1 failed
==============================================================================
Suites                                                                | FAIL |
1 test, 0 passed, 1 failed
==============================================================================
Output:  /home/runner/work/engg-robot-testing-framework/engg-robot-testing-framework/reports/pabot_results/0/output.xml

[ WARN ] Native click failed on Delete Account; trying JS click fallback.
[DEBUG]   2026-04-17 03:52:46.615512 [PID:3280] [0] [ID:2] EXECUTING Suites.Auth.TC03 login invalid
[INFO]    2026-04-17 03:52:50.319079 [PID:2369] [1] [ID:1] Execution failed in Suites.Auth.TC02 login valid with 1 failing test(s)
==============================================================================
Suites
==============================================================================
Suites.Auth
==============================================================================
Suites.Auth.TC02 login valid
==============================================================================
TC02 Login User With Correct Email And Password                       | FAIL |
Text 'Account Deleted' did not appear in 1 minute.
------------------------------------------------------------------------------
Suites.Auth.TC02 login valid                                          | FAIL |
1 test, 0 passed, 1 failed
==============================================================================
Suites.Auth                                                           | FAIL |
1 test, 0 passed, 1 failed
==============================================================================
Suites                                                                | FAIL |
1 test, 0 passed, 1 failed
==============================================================================
Output:  /home/runner/work/engg-robot-testing-framework/engg-robot-testing-framework/reports/pabot_results/1/output.xml

[ WARN ] Native click failed on Delete Account; trying JS click fallback.
[DEBUG]   2026-04-17 03:52:50.324522 [PID:3445] [1] [ID:3] EXECUTING Suites.Auth.TC04 logout user
[DEBUG]   2026-04-17 03:52:51.624516 [PID:3280] [0] [ID:2] still running Suites.Auth.TC03 login invalid after 5.0s
[DEBUG]   2026-04-17 03:52:55.332630 [PID:3445] [1] [ID:3] still running Suites.Auth.TC04 logout user after 5.0s
[DEBUG]   2026-04-17 03:53:01.636031 [PID:3280] [0] [ID:2] still running Suites.Auth.TC03 login invalid after 15.0s
[INFO]    2026-04-17 03:53:02.040970 [PID:3280] [0] [ID:2] PASSED Suites.Auth.TC03 login invalid in 15.4 seconds
[DEBUG]   2026-04-17 03:53:02.046402 [PID:3694] [0] [ID:4] EXECUTING Suites.Auth.TC05 register existing email
[DEBUG]   2026-04-17 03:53:05.349806 [PID:3445] [1] [ID:3] still running Suites.Auth.TC04 logout user after 15.0s
[DEBUG]   2026-04-17 03:53:07.060527 [PID:3694] [0] [ID:4] still running Suites.Auth.TC05 register existing email after 5.0s
[DEBUG]   2026-04-17 03:53:17.073848 [PID:3694] [0] [ID:4] still running Suites.Auth.TC05 register existing email after 15.0s
[DEBUG]   2026-04-17 03:53:20.370335 [PID:3445] [1] [ID:3] still running Suites.Auth.TC04 logout user after 30.0s
[INFO]    2026-04-17 03:53:23.681227 [PID:3445] [1] [ID:3] PASSED Suites.Auth.TC04 logout user in 33.4 seconds
[DEBUG]   2026-04-17 03:53:23.687003 [PID:4003] [1] [ID:5] EXECUTING Suites.Cart.TC12 add products to cart
[DEBUG]   2026-04-17 03:53:28.694535 [PID:4003] [1] [ID:5] still running Suites.Cart.TC12 add products to cart after 5.0s
[DEBUG]   2026-04-17 03:53:32.094882 [PID:3694] [0] [ID:4] still running Suites.Auth.TC05 register existing email after 30.0s
[INFO]    2026-04-17 03:53:37.905588 [PID:3694] [0] [ID:4] PASSED Suites.Auth.TC05 register existing email in 35.9 seconds
[DEBUG]   2026-04-17 03:53:37.909996 [PID:4234] [0] [ID:6] EXECUTING Suites.Cart.TC13 verify product quantity
[DEBUG]   2026-04-17 03:53:38.709350 [PID:4003] [1] [ID:5] still running Suites.Cart.TC12 add products to cart after 15.0s
[INFO]    2026-04-17 03:53:41.119234 [PID:4003] [1] [ID:5] PASSED Suites.Cart.TC12 add products to cart in 17.4 seconds
[DEBUG]   2026-04-17 03:53:41.124521 [PID:4403] [1] [ID:7] EXECUTING Suites.Cart.TC17 remove products from cart
[DEBUG]   2026-04-17 03:53:42.923662 [PID:4234] [0] [ID:6] still running Suites.Cart.TC13 verify product quantity after 5.0s
[DEBUG]   2026-04-17 03:53:46.132734 [PID:4403] [1] [ID:7] still running Suites.Cart.TC17 remove products from cart after 5.0s
[INFO]    2026-04-17 03:53:51.435642 [PID:4234] [0] [ID:6] PASSED Suites.Cart.TC13 verify product quantity in 13.5 seconds
[DEBUG]   2026-04-17 03:53:51.440635 [PID:4631] [0] [ID:8] EXECUTING Suites.Cart.TC20 search and verify cart after login
[DEBUG]   2026-04-17 03:53:56.146856 [PID:4403] [1] [ID:7] still running Suites.Cart.TC17 remove products from cart after 15.0s
[DEBUG]   2026-04-17 03:53:56.456907 [PID:4631] [0] [ID:8] still running Suites.Cart.TC20 search and verify cart after login after 5.0s
[INFO]    2026-04-17 03:53:59.453420 [PID:4403] [1] [ID:7] PASSED Suites.Cart.TC17 remove products from cart in 18.3 seconds
[DEBUG]   2026-04-17 03:53:59.460289 [PID:4875] [1] [ID:9] EXECUTING Suites.Cart.TC22 add from recommended items
[DEBUG]   2026-04-17 03:54:04.473616 [PID:4875] [1] [ID:9] still running Suites.Cart.TC22 add from recommended items after 5.0s
[DEBUG]   2026-04-17 03:54:06.473812 [PID:4631] [0] [ID:8] still running Suites.Cart.TC20 search and verify cart after login after 15.0s
[DEBUG]   2026-04-17 03:54:14.486406 [PID:4875] [1] [ID:9] still running Suites.Cart.TC22 add from recommended items after 15.0s
[INFO]    2026-04-17 03:54:15.692769 [PID:4875] [1] [ID:9] PASSED Suites.Cart.TC22 add from recommended items in 16.2 seconds
[DEBUG]   2026-04-17 03:54:21.495417 [PID:4631] [0] [ID:8] still running Suites.Cart.TC20 search and verify cart after login after 30.0s
[INFO]    2026-04-17 03:54:28.709432 [PID:4631] [0] [ID:8] PASSED Suites.Cart.TC20 search and verify cart after login in 37.3 seconds
[INFO]    10 tests, 8 passed, 2 failed, 0 skipped.
[INFO]    ===================================================
[INFO]    Output:  /home/runner/work/engg-robot-testing-framework/engg-robot-testing-framework/reports/output.xml
[INFO]    Log:     /home/runner/work/engg-robot-testing-framework/engg-robot-testing-framework/reports/log.html
[INFO]    Report:  /home/runner/work/engg-robot-testing-framework/engg-robot-testing-framework/reports/report.html
[DEBUG]   Finalizing Pabot execution...
[DEBUG]   Stopping PabotLib process
[INFO]    Robot Framework remote server at 127.0.0.1:8270 stopped.
[DEBUG]   PabotLib process stopped
[INFO]    Total testing: 6 minutes 0.29 seconds
[INFO]    Elapsed time:  3 minutes 7.32 seconds
[DEBUG]   Logs flushed successfully.
