==============================================================================
Suites
==============================================================================
Suites.Cart
==============================================================================
Suites.Cart.TC20 search and verify cart after login :: TC20 - Search Produc...
==============================================================================
TC20 Search Products And Verify Cart After Login                      | FAIL |
ElementClickInterceptedException: Message: element click intercepted: Element <a href="/products">...</a> is not clickable at point (918, 40). Other element would receive the click: <iframe id="aswift_1" name="aswift_1" style="min-height: auto !important; max-height: none !important; min-width: auto !important; max-width: none !important; width: 100vw !important; height: 100vh !important; inset: 0px auto auto 0px !important; position: absolute !important; clear: none !important; display: inline !important; float: none !important; margin: 0px !important; opacity: 1 !important; overflow: visible !important; padding: 0px !important; vertical-align: baseline !important; visibility: visible !important; z-index: auto !important;" sandbox="allow-forms allow-popups allow-popups-to-escape-sandbox allow-same-origin allow-scripts allow-top-navigation-by-user-activation" width="" height="" frameborder="0" marginwidth="0" marginheight="0" vspace="0" hspace="0" allowtransparency="true" scrolling="no" allow="attribution-reporting; run-ad-auction" src="https://googleads.g.doubleclick.net/pagead/html/r20260429/r20190131/zrt_lookup.html#RS-0-&amp;adk=1812271808&amp;client=ca-pub-1677597403311019&amp;fa=8&amp;ifi=2&amp;uci=a!2" data-google-container-id="a!2" tabindex="0" title="Advertisement" aria-label="Advertisement" data-google-query-id="CKDctr6il5QDFRkHvAEdCX4ydQ" data-load-complete="true"></iframe>
  (Session info: chrome=147.0.7727.55)
    [ Message content over the limit has been removed. ]
#1 0x55ca7670e265 <unknown>
#2 0x55ca7676822b <unknown>
#3 0x55ca76765e62 <unknown>
#4 0x55ca767633a9 <unknown>
#5 0x55ca767624a7 <unknown>
#6 0x55ca767564c2 <unknown>
#7 0x55ca76755e07 <unknown>
#8 0x55ca767a9969 <unknown>
#9 0x55ca767545cf <unknown>
#10 0x55ca76755391 <unknown>
#11 0x55ca76cd204b <unknown>
#12 0x55ca76cd500d <unknown>
#13 0x55ca76cbe808 <unknown>
#14 0x55ca76cd5ba0 <unknown>
#15 0x55ca76ca5280 <unknown>
#16 0x55ca76cf9db8 <unknown>
#17 0x55ca76cf9f88 <unknown>
#18 0x55ca76d0b5de <unknown>
#19 0x7fc14109caa4 <unknown>
#20 0x7fc141129c6c <unknown>
------------------------------------------------------------------------------
Suites.Cart.TC20 search and verify cart after login :: TC20 - Sear... | FAIL |
1 test, 0 passed, 1 failed
==============================================================================
Suites.Cart                                                           | FAIL |
1 test, 0 passed, 1 failed
==============================================================================
Suites                                                                | FAIL |
1 test, 0 passed, 1 failed
==============================================================================
Output:  /home/runner/work/engg-robot-testing-framework/engg-robot-testing-framework/reports/pabot_results/8/output.xml
