[INFO]    Initialized logging in reports/pabot_results
[INFO]    Robot Framework remote server at 127.0.0.1:8270 started.
[DEBUG]   2026-04-20 03:57:52.022747 [PID:2292] [0] [ID:0] EXECUTING Suites.Auth.TC01 register user
[DEBUG]   2026-04-20 03:57:52.024107 [PID:2293] [1] [ID:1] EXECUTING Suites.Auth.TC02 login valid
[DEBUG]   2026-04-20 03:57:57.031864 [PID:2292] [0] [ID:0] still running Suites.Auth.TC01 register user after 5.0s
[DEBUG]   2026-04-20 03:57:57.031963 [PID:2293] [1] [ID:1] still running Suites.Auth.TC02 login valid after 5.0s
[DEBUG]   2026-04-20 03:58:07.045154 [PID:2293] [1] [ID:1] still running Suites.Auth.TC02 login valid after 15.0s
[DEBUG]   2026-04-20 03:58:07.045453 [PID:2292] [0] [ID:0] still running Suites.Auth.TC01 register user after 15.0s
[DEBUG]   2026-04-20 03:58:22.072435 [PID:2293] [1] [ID:1] still running Suites.Auth.TC02 login valid after 30.0s
[DEBUG]   2026-04-20 03:58:22.073864 [PID:2292] [0] [ID:0] still running Suites.Auth.TC01 register user after 30.0s
[INFO]    2026-04-20 03:58:38.098141 [PID:2292] [0] [ID:0] PASSED Suites.Auth.TC01 register user in 46.1 seconds
[DEBUG]   2026-04-20 03:58:38.102745 [PID:2783] [0] [ID:2] EXECUTING Suites.Auth.TC03 login invalid
[INFO]    2026-04-20 03:58:41.110549 [PID:2293] [1] [ID:1] PASSED Suites.Auth.TC02 login valid in 49.1 seconds
[DEBUG]   2026-04-20 03:58:41.116756 [PID:2976] [1] [ID:3] EXECUTING Suites.Auth.TC04 logout user
[DEBUG]   2026-04-20 03:58:43.125697 [PID:2783] [0] [ID:2] still running Suites.Auth.TC03 login invalid after 5.0s
[DEBUG]   2026-04-20 03:58:46.127343 [PID:2976] [1] [ID:3] still running Suites.Auth.TC04 logout user after 5.0s
[DEBUG]   2026-04-20 03:58:53.139610 [PID:2783] [0] [ID:2] still running Suites.Auth.TC03 login invalid after 15.0s
[INFO]    2026-04-20 03:58:55.445932 [PID:2783] [0] [ID:2] PASSED Suites.Auth.TC03 login invalid in 17.3 seconds
[DEBUG]   2026-04-20 03:58:55.449836 [PID:3285] [0] [ID:4] EXECUTING Suites.Auth.TC05 register existing email
[DEBUG]   2026-04-20 03:58:56.141142 [PID:2976] [1] [ID:3] still running Suites.Auth.TC04 logout user after 15.0s
[DEBUG]   2026-04-20 03:59:00.458802 [PID:3285] [0] [ID:4] still running Suites.Auth.TC05 register existing email after 5.0s
[DEBUG]   2026-04-20 03:59:10.470744 [PID:3285] [0] [ID:4] still running Suites.Auth.TC05 register existing email after 15.0s
[DEBUG]   2026-04-20 03:59:11.160770 [PID:2976] [1] [ID:3] still running Suites.Auth.TC04 logout user after 30.0s
[INFO]    2026-04-20 03:59:12.765780 [PID:2976] [1] [ID:3] PASSED Suites.Auth.TC04 logout user in 31.7 seconds
[DEBUG]   2026-04-20 03:59:12.770497 [PID:3521] [1] [ID:5] EXECUTING Suites.Cart.TC12 add products to cart
[DEBUG]   2026-04-20 03:59:17.778656 [PID:3521] [1] [ID:5] still running Suites.Cart.TC12 add products to cart after 5.0s
[DEBUG]   2026-04-20 03:59:25.490344 [PID:3285] [0] [ID:4] still running Suites.Auth.TC05 register existing email after 30.0s
[DEBUG]   2026-04-20 03:59:27.789777 [PID:3521] [1] [ID:5] still running Suites.Cart.TC12 add products to cart after 15.0s
[INFO]    2026-04-20 03:59:29.999254 [PID:3285] [0] [ID:4] PASSED Suites.Auth.TC05 register existing email in 34.5 seconds
[DEBUG]   2026-04-20 03:59:30.003928 [PID:3762] [0] [ID:6] EXECUTING Suites.Cart.TC13 verify product quantity
[INFO]    2026-04-20 03:59:31.001395 [PID:3521] [1] [ID:5] PASSED Suites.Cart.TC12 add products to cart in 18.2 seconds
[DEBUG]   2026-04-20 03:59:31.006675 [PID:3897] [1] [ID:7] EXECUTING Suites.Cart.TC17 remove products from cart
[DEBUG]   2026-04-20 03:59:35.023653 [PID:3762] [0] [ID:6] still running Suites.Cart.TC13 verify product quantity after 5.0s
[DEBUG]   2026-04-20 03:59:36.027268 [PID:3897] [1] [ID:7] still running Suites.Cart.TC17 remove products from cart after 5.0s
[INFO]    2026-04-20 03:59:43.836819 [PID:3762] [0] [ID:6] PASSED Suites.Cart.TC13 verify product quantity in 13.8 seconds
[DEBUG]   2026-04-20 03:59:43.840478 [PID:4287] [0] [ID:8] EXECUTING Suites.Cart.TC20 search and verify cart after login
[DEBUG]   2026-04-20 03:59:46.038848 [PID:3897] [1] [ID:7] still running Suites.Cart.TC17 remove products from cart after 15.0s
[DEBUG]   2026-04-20 03:59:48.845525 [PID:4287] [0] [ID:8] still running Suites.Cart.TC20 search and verify cart after login after 5.0s
[INFO]    2026-04-20 03:59:49.545640 [PID:3897] [1] [ID:7] PASSED Suites.Cart.TC17 remove products from cart in 18.5 seconds
[DEBUG]   2026-04-20 03:59:49.550593 [PID:4461] [1] [ID:9] EXECUTING Suites.Cart.TC22 add from recommended items
[DEBUG]   2026-04-20 03:59:54.559920 [PID:4461] [1] [ID:9] still running Suites.Cart.TC22 add from recommended items after 5.0s
[DEBUG]   2026-04-20 03:59:58.861541 [PID:4287] [0] [ID:8] still running Suites.Cart.TC20 search and verify cart after login after 15.0s
[DEBUG]   2026-04-20 04:00:04.569958 [PID:4461] [1] [ID:9] still running Suites.Cart.TC22 add from recommended items after 15.0s
[INFO]    2026-04-20 04:00:06.174749 [PID:4461] [1] [ID:9] PASSED Suites.Cart.TC22 add from recommended items in 16.6 seconds
[DEBUG]   2026-04-20 04:00:13.881746 [PID:4287] [0] [ID:8] still running Suites.Cart.TC20 search and verify cart after login after 30.0s
[INFO]    2026-04-20 04:00:21.393466 [PID:4287] [0] [ID:8] PASSED Suites.Cart.TC20 search and verify cart after login in 37.6 seconds
[INFO]    10 tests, 10 passed, 0 failed, 0 skipped.
[INFO]    ===================================================
[INFO]    Output:  /home/runner/work/engg-robot-testing-framework/engg-robot-testing-framework/reports/output.xml
[INFO]    Log:     /home/runner/work/engg-robot-testing-framework/engg-robot-testing-framework/reports/log.html
[INFO]    Report:  /home/runner/work/engg-robot-testing-framework/engg-robot-testing-framework/reports/report.html
[DEBUG]   Finalizing Pabot execution...
[DEBUG]   Stopping PabotLib process
[INFO]    Robot Framework remote server at 127.0.0.1:8270 stopped.
[DEBUG]   PabotLib process stopped
[INFO]    Total testing: 4 minutes 43.39 seconds
[INFO]    Elapsed time:  2 minutes 29.95 seconds
[DEBUG]   Logs flushed successfully.
