2026-04-17 03:51:22.205896 ==============================================================================
2026-04-17 03:51:22.229107 Suites
2026-04-17 03:51:22.229124 ==============================================================================
2026-04-17 03:51:22.229139 Suites.Auth
2026-04-17 03:51:22.229935 ==============================================================================
2026-04-17 03:51:22.380265 Suites.Auth.TC02 login valid
2026-04-17 03:51:22.425546 ==============================================================================
2026-04-17 03:52:49.605830 [ WARN ] Native click failed on Delete Account; trying JS click fallback.
2026-04-17 03:52:50.109533 TC02 Login User With Correct Email And Password                       | FAIL |
2026-04-17 03:52:50.117571 Text 'Account Deleted' did not appear in 1 minute.
2026-04-17 03:52:50.117616 ------------------------------------------------------------------------------
2026-04-17 03:52:50.117642 Suites.Auth.TC02 login valid                                          | FAIL |
2026-04-17 03:52:50.118335 1 test, 0 passed, 1 failed
2026-04-17 03:52:50.118365 ==============================================================================
2026-04-17 03:52:50.118428 Suites.Auth                                                           | FAIL |
2026-04-17 03:52:50.118843 1 test, 0 passed, 1 failed
2026-04-17 03:52:50.118906 ==============================================================================
2026-04-17 03:52:50.118925 Suites                                                                | FAIL |
2026-04-17 03:52:50.119239 1 test, 0 passed, 1 failed
2026-04-17 03:52:50.119302 ==============================================================================
2026-04-17 03:52:50.119322 Output:  /home/runner/work/engg-robot-testing-framework/engg-robot-testing-framework/reports/pabot_results/1/output.xml
