==============================================================================
Suites
==============================================================================
Suites.Cart
==============================================================================
Suites.Cart.TC17 remove products from cart :: TC17 - Remove Products From Cart
==============================================================================
TC17 Remove Products From Cart                                        | FAIL |
Setup failed:
WebDriverException: Message: unknown error: net::ERR_NAME_NOT_RESOLVED
  (Session info: chrome=145.0.7632.116)
Stacktrace:
#0 0x556000e7eb6a <unknown>
#1 0x556000891a32 <unknown>
#2 0x5560008887ba <unknown>
#3 0x556000879481 <unknown>
#4 0x55600087b27c <unknown>
#5 0x556000879979 <unknown>
#6 0x556000879065 <unknown>
#7 0x556000878c16 <unknown>
#8 0x556000876731 <unknown>
#9 0x556000876f80 <unknown>
#10 0x55600089541d <unknown>
#11 0x55600092ffeb <unknown>
#12 0x55600092f369 <unknown>
#13 0x5560008d8c0f <unknown>
#14 0x5560008d99d1 <unknown>
#15 0x556000e436b9 <unknown>
#16 0x556000e465c1 <unknown>
#17 0x556000e2fe29 <unknown>
#18 0x556000e4717e <unknown>
#19 0x556000e164b0 <unknown>
#20 0x556000e6b578 <unknown>
#21 0x556000e6b74b <unknown>
#22 0x556000e7d1a3 <unknown>
#23 0x7f4b53a8aaa4 <unknown>
#24 0x7f4b53b17c6c <unknown>
------------------------------------------------------------------------------
Suites.Cart.TC17 remove products from cart :: TC17 - Remove Produc... | FAIL |
1 test, 0 passed, 1 failed
==============================================================================
Suites.Cart                                                           | FAIL |
1 test, 0 passed, 1 failed
==============================================================================
Suites                                                                | FAIL |
1 test, 0 passed, 1 failed
==============================================================================
Output:  /home/surendra.cv/projects/practice/robot-framework/reports/pabot_results/7/output.xml
