2026-05-04 04:28:27.749945 ==============================================================================
2026-05-04 04:28:27.797471 Suites
2026-05-04 04:28:27.797488 ==============================================================================
2026-05-04 04:28:27.797500 Suites.Auth
2026-05-04 04:28:27.798211 ==============================================================================
2026-05-04 04:28:27.898440 Suites.Auth.TC04 logout user
2026-05-04 04:28:27.899488 ==============================================================================
2026-05-04 04:29:51.169847 [ WARN ] Native click failed on Delete Account; trying JS click fallback.
2026-05-04 04:29:51.823317 TC04 Logout User                                                      | FAIL |
2026-05-04 04:29:51.854398 Text 'Account Deleted' did not appear in 1 minute.
2026-05-04 04:29:51.854411 ------------------------------------------------------------------------------
2026-05-04 04:29:51.854418 Suites.Auth.TC04 logout user                                          | FAIL |
2026-05-04 04:29:51.854909 1 test, 0 passed, 1 failed
2026-05-04 04:29:51.854943 ==============================================================================
2026-05-04 04:29:51.854951 Suites.Auth                                                           | FAIL |
2026-05-04 04:29:51.855240 1 test, 0 passed, 1 failed
2026-05-04 04:29:51.855294 ==============================================================================
2026-05-04 04:29:51.855413 Suites                                                                | FAIL |
2026-05-04 04:29:51.855663 1 test, 0 passed, 1 failed
2026-05-04 04:29:51.855700 ==============================================================================
2026-05-04 04:29:51.855706 Output:  /home/runner/work/engg-robot-testing-framework/engg-robot-testing-framework/reports/pabot_results/3/output.xml
