2026-04-14 16:33:58.779317 ==============================================================================
2026-04-14 16:33:58.795011 Suites
2026-04-14 16:33:58.795052 ==============================================================================
2026-04-14 16:33:58.795069 Suites.Cart
2026-04-14 16:33:58.796463 ==============================================================================
2026-04-14 16:33:58.947084 Suites.Cart.TC12 add products to cart :: TC12 - Add Products In Cart
2026-04-14 16:33:58.969214 ==============================================================================
2026-04-14 16:35:19.396704 TC12 Add Products In Cart                                             | FAIL |
2026-04-14 16:35:19.438848 Setup failed:
2026-04-14 16:35:19.438894 WebDriverException: Message: unknown error: net::ERR_NAME_NOT_RESOLVED
2026-04-14 16:35:19.438918   (Session info: chrome=145.0.7632.116)
2026-04-14 16:35:19.438938 Stacktrace:
2026-04-14 16:35:19.438957 #0 0x55aa513a5b6a <unknown>
2026-04-14 16:35:19.438976 #1 0x55aa50db8a32 <unknown>
2026-04-14 16:35:19.438995 #2 0x55aa50daf7ba <unknown>
2026-04-14 16:35:19.439013 #3 0x55aa50da0481 <unknown>
2026-04-14 16:35:19.439031 #4 0x55aa50da227c <unknown>
2026-04-14 16:35:19.439049 #5 0x55aa50da0979 <unknown>
2026-04-14 16:35:19.439067 #6 0x55aa50da0065 <unknown>
2026-04-14 16:35:19.439085 #7 0x55aa50d9fc16 <unknown>
2026-04-14 16:35:19.439103 #8 0x55aa50d9d731 <unknown>
2026-04-14 16:35:19.439121 #9 0x55aa50d9df80 <unknown>
2026-04-14 16:35:19.439139 #10 0x55aa50dbc41d <unknown>
2026-04-14 16:35:19.439158 #11 0x55aa50e56feb <unknown>
2026-04-14 16:35:19.439175 #12 0x55aa50e56369 <unknown>
2026-04-14 16:35:19.439265 #13 0x55aa50dffc0f <unknown>
2026-04-14 16:35:19.439403 #14 0x55aa50e009d1 <unknown>
2026-04-14 16:35:19.439441 #15 0x55aa5136a6b9 <unknown>
2026-04-14 16:35:19.439462 #16 0x55aa5136d5c1 <unknown>
2026-04-14 16:35:19.439480 #17 0x55aa51356e29 <unknown>
2026-04-14 16:35:19.439499 #18 0x55aa5136e17e <unknown>
2026-04-14 16:35:19.439517 #19 0x55aa5133d4b0 <unknown>
2026-04-14 16:35:19.439564 #20 0x55aa51392578 <unknown>
2026-04-14 16:35:19.439584 #21 0x55aa5139274b <unknown>
2026-04-14 16:35:19.439594 #22 0x55aa513a41a3 <unknown>
2026-04-14 16:35:19.439602 #23 0x7f7476304aa4 <unknown>
2026-04-14 16:35:19.439610 #24 0x7f7476391c6c <unknown>
2026-04-14 16:35:19.439618 ------------------------------------------------------------------------------
2026-04-14 16:35:19.439626 Suites.Cart.TC12 add products to cart :: TC12 - Add Products In Cart  | FAIL |
2026-04-14 16:35:19.439634 1 test, 0 passed, 1 failed
2026-04-14 16:35:19.439642 ==============================================================================
2026-04-14 16:35:19.439650 Suites.Cart                                                           | FAIL |
2026-04-14 16:35:19.439939 1 test, 0 passed, 1 failed
2026-04-14 16:35:19.439957 ==============================================================================
2026-04-14 16:35:19.439966 Suites                                                                | FAIL |
2026-04-14 16:35:19.440163 1 test, 0 passed, 1 failed
2026-04-14 16:35:19.440219 ==============================================================================
2026-04-14 16:35:19.440231 Output:  /home/surendra.cv/projects/practice/robot-framework/reports/pabot_results/5/output.xml
