2026-04-19 03:56:34.821478 ==============================================================================
2026-04-19 03:56:34.824029 Suites
2026-04-19 03:56:34.824047 ==============================================================================
2026-04-19 03:56:34.824058 Suites.Auth
2026-04-19 03:56:34.824853 ==============================================================================
2026-04-19 03:56:34.925101 Suites.Auth.TC05 register existing email
2026-04-19 03:56:34.930491 ==============================================================================
2026-04-19 03:57:50.710122 TC05 Register User With Existing Email                                | FAIL |
2026-04-19 03:57:50.711418 Element 'xpath=//a[contains(text(),'Logout')]' not visible after 45 seconds.
2026-04-19 03:57:50.711428 ------------------------------------------------------------------------------
2026-04-19 03:57:50.711452 Suites.Auth.TC05 register existing email                              | FAIL |
2026-04-19 03:57:50.712000 1 test, 0 passed, 1 failed
2026-04-19 03:57:50.712045 ==============================================================================
2026-04-19 03:57:50.712054 Suites.Auth                                                           | FAIL |
2026-04-19 03:57:50.712297 1 test, 0 passed, 1 failed
2026-04-19 03:57:50.712349 ==============================================================================
2026-04-19 03:57:50.712356 Suites                                                                | FAIL |
2026-04-19 03:57:50.712581 1 test, 0 passed, 1 failed
2026-04-19 03:57:50.712589 ==============================================================================
2026-04-19 03:57:50.712596 Output:  /home/runner/work/engg-robot-testing-framework/engg-robot-testing-framework/reports/pabot_results/4/output.xml
