[INFO]    Initialized logging in reports/pabot_results
[INFO]    Robot Framework remote server at 127.0.0.1:8270 started.
[DEBUG]   2026-05-01 04:36:10.082788 [PID:2143] [1] [ID:1] EXECUTING Suites.Auth.TC02 login valid
[DEBUG]   2026-05-01 04:36:10.084321 [PID:2144] [0] [ID:0] EXECUTING Suites.Auth.TC01 register user
[DEBUG]   2026-05-01 04:36:15.089127 [PID:2143] [1] [ID:1] still running Suites.Auth.TC02 login valid after 5.0s
[DEBUG]   2026-05-01 04:36:15.089244 [PID:2144] [0] [ID:0] still running Suites.Auth.TC01 register user after 5.0s
[DEBUG]   2026-05-01 04:36:25.107899 [PID:2143] [1] [ID:1] still running Suites.Auth.TC02 login valid after 15.0s
[DEBUG]   2026-05-01 04:36:25.108336 [PID:2144] [0] [ID:0] still running Suites.Auth.TC01 register user after 15.0s
[DEBUG]   2026-05-01 04:36:40.124084 [PID:2143] [1] [ID:1] still running Suites.Auth.TC02 login valid after 30.0s
[DEBUG]   2026-05-01 04:36:40.129507 [PID:2144] [0] [ID:0] still running Suites.Auth.TC01 register user after 30.0s
[INFO]    2026-05-01 04:36:48.842772 [PID:2144] [0] [ID:0] PASSED Suites.Auth.TC01 register user in 38.8 seconds
[DEBUG]   2026-05-01 04:36:48.846561 [PID:2647] [0] [ID:2] EXECUTING Suites.Auth.TC03 login invalid
[DEBUG]   2026-05-01 04:36:53.852223 [PID:2647] [0] [ID:2] still running Suites.Auth.TC03 login invalid after 5.0s
[DEBUG]   2026-05-01 04:37:00.147752 [PID:2143] [1] [ID:1] still running Suites.Auth.TC02 login valid after 50.0s
[INFO]    2026-05-01 04:37:03.338534 [PID:2647] [0] [ID:2] PASSED Suites.Auth.TC03 login invalid in 14.3 seconds
[DEBUG]   2026-05-01 04:37:03.342447 [PID:2882] [1] [ID:3] EXECUTING Suites.Auth.TC04 logout user
[DEBUG]   2026-05-01 04:37:08.349933 [PID:2882] [1] [ID:3] still running Suites.Auth.TC04 logout user after 5.0s
[DEBUG]   2026-05-01 04:37:18.365722 [PID:2882] [1] [ID:3] still running Suites.Auth.TC04 logout user after 15.0s
[DEBUG]   2026-05-01 04:37:25.174003 [PID:2143] [1] [ID:1] still running Suites.Auth.TC02 login valid after 75.0s
[INFO]    2026-05-01 04:37:32.784113 [PID:2882] [1] [ID:3] PASSED Suites.Auth.TC04 logout user in 29.4 seconds
[DEBUG]   2026-05-01 04:37:32.787594 [PID:3299] [0] [ID:4] EXECUTING Suites.Auth.TC05 register existing email
[DEBUG]   2026-05-01 04:37:37.795536 [PID:3299] [0] [ID:4] still running Suites.Auth.TC05 register existing email after 5.0s
[INFO]    2026-05-01 04:37:44.878726 [PID:2143] [1] [ID:1] Execution failed in Suites.Auth.TC02 login valid with 1 failing test(s)
==============================================================================
Suites
==============================================================================
Suites.Auth
==============================================================================
Suites.Auth.TC02 login valid
==============================================================================
TC02 Login User With Correct Email And Password                       | FAIL |
Text 'Account Deleted' did not appear in 1 minute.
------------------------------------------------------------------------------
Suites.Auth.TC02 login valid                                          | FAIL |
1 test, 0 passed, 1 failed
==============================================================================
Suites.Auth                                                           | FAIL |
1 test, 0 passed, 1 failed
==============================================================================
Suites                                                                | FAIL |
1 test, 0 passed, 1 failed
==============================================================================
Output:  /home/runner/work/engg-robot-testing-framework/engg-robot-testing-framework/reports/pabot_results/1/output.xml

[ WARN ] Native click failed on Delete Account; trying JS click fallback.
[DEBUG]   2026-05-01 04:37:44.882442 [PID:3478] [1] [ID:5] EXECUTING Suites.Cart.TC12 add products to cart
[DEBUG]   2026-05-01 04:37:47.806866 [PID:3299] [0] [ID:4] still running Suites.Auth.TC05 register existing email after 15.0s
[DEBUG]   2026-05-01 04:37:49.889776 [PID:3478] [1] [ID:5] still running Suites.Cart.TC12 add products to cart after 5.0s
[DEBUG]   2026-05-01 04:37:59.900274 [PID:3478] [1] [ID:5] still running Suites.Cart.TC12 add products to cart after 15.0s
[DEBUG]   2026-05-01 04:38:02.821979 [PID:3299] [0] [ID:4] still running Suites.Auth.TC05 register existing email after 30.0s
[INFO]    2026-05-01 04:38:04.008636 [PID:3478] [1] [ID:5] Execution failed in Suites.Cart.TC12 add products to cart with 1 failing test(s)
==============================================================================
Suites
==============================================================================
Suites.Cart
==============================================================================
Suites.Cart.TC12 add products to cart :: TC12 - Add Products In Cart
==============================================================================
TC12 Add Products In Cart                                             | FAIL |
ElementClickInterceptedException: Message: element click intercepted: Element <a href="/view_cart">...</a> is not clickable at point (945, 242). Other element would receive the click: <iframe id="aswift_2" name="aswift_2" style="min-height: auto !important; max-height: none !important; min-width: auto !important; max-width: none !important; width: 100vw !important; height: 100vh !important; inset: 0px auto auto 0px !important; position: absolute !important; clear: none !important; display: inline !important; float: none !important; margin: 0px !important; opacity: 1 !important; overflow: visible !important; padding: 0px !important; vertical-align: baseline !important; visibility: visible !important; z-index: auto !important;" sandbox="allow-forms allow-popups allow-popups-to-escape-sandbox allow-same-origin allow-scripts allow-top-navigation-by-user-activation" width="" height="" frameborder="0" marginwidth="0" marginheight="0" vspace="0" hspace="0" allowtransparency="true" scrolling="no" allow="attribution-reporting; run-ad-auction" src="https://googleads.g.doubleclick.net/pagead/html/r20260429/r20190131/zrt_lookup.html#RS-0-&amp;adk=1812271808&amp;client=ca-pub-1677597403311019&amp;fa=8&amp;ifi=3&amp;uci=a!3" data-google-container-id="a!3" tabindex="0" title="Advertisement" aria-label="Advertisement" data-google-query-id="CJqY1KOil5QDFWsMRAgdIQsEKg" data-load-complete="true"></iframe>
  (Session info: chrome=147.0.7727.55)
    [ Message content over the limit has been removed. ]
#1 0x56426bcdf265 <unknown>
#2 0x56426bd3922b <unknown>
#3 0x56426bd36e62 <unknown>
#4 0x56426bd343a9 <unknown>
#5 0x56426bd334a7 <unknown>
#6 0x56426bd274c2 <unknown>
#7 0x56426bd26e07 <unknown>
#8 0x56426bd7a969 <unknown>
#9 0x56426bd255cf <unknown>
#10 0x56426bd26391 <unknown>
#11 0x56426c2a304b <unknown>
#12 0x56426c2a600d <unknown>
#13 0x56426c28f808 <unknown>
#14 0x56426c2a6ba0 <unknown>
#15 0x56426c276280 <unknown>
#16 0x56426c2cadb8 <unknown>
#17 0x56426c2caf88 <unknown>
#18 0x56426c2dc5de <unknown>
#19 0x7f7e02c9caa4 <unknown>
#20 0x7f7e02d29c6c <unknown>
------------------------------------------------------------------------------
Suites.Cart.TC12 add products to cart :: TC12 - Add Products In Cart  | FAIL |
1 test, 0 passed, 1 failed
==============================================================================
Suites.Cart                                                           | FAIL |
1 test, 0 passed, 1 failed
==============================================================================
Suites                                                                | FAIL |
1 test, 0 passed, 1 failed
==============================================================================
Output:  /home/runner/work/engg-robot-testing-framework/engg-robot-testing-framework/reports/pabot_results/5/output.xml
[DEBUG]   2026-05-01 04:38:04.012227 [PID:3807] [0] [ID:6] EXECUTING Suites.Cart.TC13 verify product quantity
[DEBUG]   2026-05-01 04:38:09.019437 [PID:3807] [0] [ID:6] still running Suites.Cart.TC13 verify product quantity after 5.0s
[INFO]    2026-05-01 04:38:18.232651 [PID:3807] [0] [ID:6] PASSED Suites.Cart.TC13 verify product quantity in 14.2 seconds
[DEBUG]   2026-05-01 04:38:18.236119 [PID:4058] [1] [ID:7] EXECUTING Suites.Cart.TC17 remove products from cart
[DEBUG]   2026-05-01 04:38:22.847577 [PID:3299] [0] [ID:4] still running Suites.Auth.TC05 register existing email after 50.0s
[DEBUG]   2026-05-01 04:38:23.242878 [PID:4058] [1] [ID:7] still running Suites.Cart.TC17 remove products from cart after 5.0s
[DEBUG]   2026-05-01 04:38:33.253164 [PID:4058] [1] [ID:7] still running Suites.Cart.TC17 remove products from cart after 15.0s
[INFO]    2026-05-01 04:38:35.572763 [PID:4058] [1] [ID:7] PASSED Suites.Cart.TC17 remove products from cart in 17.3 seconds
[DEBUG]   2026-05-01 04:38:35.576384 [PID:4374] [0] [ID:8] EXECUTING Suites.Cart.TC20 search and verify cart after login
[DEBUG]   2026-05-01 04:38:40.584039 [PID:4374] [0] [ID:8] still running Suites.Cart.TC20 search and verify cart after login after 5.0s
[INFO]    2026-05-01 04:38:47.952474 [PID:3299] [0] [ID:4] Execution failed in Suites.Auth.TC05 register existing email with 1 failing test(s)
==============================================================================
Suites
==============================================================================
Suites.Auth
==============================================================================
Suites.Auth.TC05 register existing email
==============================================================================
TC05 Register User With Existing Email                                | FAIL |
Element 'xpath=//a[contains(text(),'Logout')]' not visible after 45 seconds.
------------------------------------------------------------------------------
Suites.Auth.TC05 register existing email                              | FAIL |
1 test, 0 passed, 1 failed
==============================================================================
Suites.Auth                                                           | FAIL |
1 test, 0 passed, 1 failed
==============================================================================
Suites                                                                | FAIL |
1 test, 0 passed, 1 failed
==============================================================================
Output:  /home/runner/work/engg-robot-testing-framework/engg-robot-testing-framework/reports/pabot_results/4/output.xml
[DEBUG]   2026-05-01 04:38:47.956175 [PID:4671] [1] [ID:9] EXECUTING Suites.Cart.TC22 add from recommended items
[DEBUG]   2026-05-01 04:38:50.595041 [PID:4374] [0] [ID:8] still running Suites.Cart.TC20 search and verify cart after login after 15.0s
[DEBUG]   2026-05-01 04:38:52.961546 [PID:4671] [1] [ID:9] still running Suites.Cart.TC22 add from recommended items after 5.0s
[INFO]    2026-05-01 04:39:00.706654 [PID:4374] [0] [ID:8] Execution failed in Suites.Cart.TC20 search and verify cart after login with 1 failing test(s)
==============================================================================
Suites
==============================================================================
Suites.Cart
==============================================================================
Suites.Cart.TC20 search and verify cart after login :: TC20 - Search Produc...
==============================================================================
TC20 Search Products And Verify Cart After Login                      | FAIL |
ElementClickInterceptedException: Message: element click intercepted: Element <a href="/products">...</a> is not clickable at point (918, 40). Other element would receive the click: <iframe id="aswift_1" name="aswift_1" style="min-height: auto !important; max-height: none !important; min-width: auto !important; max-width: none !important; width: 100vw !important; height: 100vh !important; inset: 0px auto auto 0px !important; position: absolute !important; clear: none !important; display: inline !important; float: none !important; margin: 0px !important; opacity: 1 !important; overflow: visible !important; padding: 0px !important; vertical-align: baseline !important; visibility: visible !important; z-index: auto !important;" sandbox="allow-forms allow-popups allow-popups-to-escape-sandbox allow-same-origin allow-scripts allow-top-navigation-by-user-activation" width="" height="" frameborder="0" marginwidth="0" marginheight="0" vspace="0" hspace="0" allowtransparency="true" scrolling="no" allow="attribution-reporting; run-ad-auction" src="https://googleads.g.doubleclick.net/pagead/html/r20260429/r20190131/zrt_lookup.html#RS-0-&amp;adk=1812271808&amp;client=ca-pub-1677597403311019&amp;fa=8&amp;ifi=2&amp;uci=a!2" data-google-container-id="a!2" tabindex="0" title="Advertisement" aria-label="Advertisement" data-google-query-id="CKDctr6il5QDFRkHvAEdCX4ydQ" data-load-complete="true"></iframe>
  (Session info: chrome=147.0.7727.55)
    [ Message content over the limit has been removed. ]
#1 0x55ca7670e265 <unknown>
#2 0x55ca7676822b <unknown>
#3 0x55ca76765e62 <unknown>
#4 0x55ca767633a9 <unknown>
#5 0x55ca767624a7 <unknown>
#6 0x55ca767564c2 <unknown>
#7 0x55ca76755e07 <unknown>
#8 0x55ca767a9969 <unknown>
#9 0x55ca767545cf <unknown>
#10 0x55ca76755391 <unknown>
#11 0x55ca76cd204b <unknown>
#12 0x55ca76cd500d <unknown>
#13 0x55ca76cbe808 <unknown>
#14 0x55ca76cd5ba0 <unknown>
#15 0x55ca76ca5280 <unknown>
#16 0x55ca76cf9db8 <unknown>
#17 0x55ca76cf9f88 <unknown>
#18 0x55ca76d0b5de <unknown>
#19 0x7fc14109caa4 <unknown>
#20 0x7fc141129c6c <unknown>
------------------------------------------------------------------------------
Suites.Cart.TC20 search and verify cart after login :: TC20 - Sear... | FAIL |
1 test, 0 passed, 1 failed
==============================================================================
Suites.Cart                                                           | FAIL |
1 test, 0 passed, 1 failed
==============================================================================
Suites                                                                | FAIL |
1 test, 0 passed, 1 failed
==============================================================================
Output:  /home/runner/work/engg-robot-testing-framework/engg-robot-testing-framework/reports/pabot_results/8/output.xml
[DEBUG]   2026-05-01 04:39:02.972175 [PID:4671] [1] [ID:9] still running Suites.Cart.TC22 add from recommended items after 15.0s
[INFO]    2026-05-01 04:39:03.577206 [PID:4671] [1] [ID:9] PASSED Suites.Cart.TC22 add from recommended items in 15.6 seconds
[INFO]    10 tests, 6 passed, 4 failed, 0 skipped.
[INFO]    ===================================================
[INFO]    Output:  /home/runner/work/engg-robot-testing-framework/engg-robot-testing-framework/reports/output.xml
[INFO]    Log:     /home/runner/work/engg-robot-testing-framework/engg-robot-testing-framework/reports/log.html
[INFO]    Report:  /home/runner/work/engg-robot-testing-framework/engg-robot-testing-framework/reports/report.html
[DEBUG]   Finalizing Pabot execution...
[DEBUG]   Stopping PabotLib process
[INFO]    Robot Framework remote server at 127.0.0.1:8270 stopped.
[DEBUG]   PabotLib process stopped
[INFO]    Total testing: 5 minutes 43.60 seconds
[INFO]    Elapsed time:  2 minutes 54.5 seconds
[DEBUG]   Logs flushed successfully.
