[INFO]    Initialized logging in reports/pabot_results
[INFO]    Robot Framework remote server at 127.0.0.1:8270 started.
[DEBUG]   2026-04-15 00:42:53.711638 [PID:2405] [0] [ID:0] EXECUTING Suites.Auth.TC01 register user
[DEBUG]   2026-04-15 00:42:53.713297 [PID:2406] [1] [ID:1] EXECUTING Suites.Auth.TC02 login valid
[DEBUG]   2026-04-15 00:42:58.718228 [PID:2405] [0] [ID:0] still running Suites.Auth.TC01 register user after 5.0s
[DEBUG]   2026-04-15 00:42:58.718981 [PID:2406] [1] [ID:1] still running Suites.Auth.TC02 login valid after 5.0s
[DEBUG]   2026-04-15 00:43:08.740687 [PID:2406] [1] [ID:1] still running Suites.Auth.TC02 login valid after 15.0s
[DEBUG]   2026-04-15 00:43:08.740845 [PID:2405] [0] [ID:0] still running Suites.Auth.TC01 register user after 15.0s
[DEBUG]   2026-04-15 00:43:23.759579 [PID:2406] [1] [ID:1] still running Suites.Auth.TC02 login valid after 30.0s
[DEBUG]   2026-04-15 00:43:23.759658 [PID:2405] [0] [ID:0] still running Suites.Auth.TC01 register user after 30.0s
[INFO]    2026-04-15 00:43:34.073021 [PID:2406] [1] [ID:1] PASSED Suites.Auth.TC02 login valid in 40.4 seconds
[DEBUG]   2026-04-15 00:43:34.078758 [PID:2892] [0] [ID:2] EXECUTING Suites.Auth.TC03 login invalid
[DEBUG]   2026-04-15 00:43:39.085447 [PID:2892] [0] [ID:2] still running Suites.Auth.TC03 login invalid after 5.0s
[DEBUG]   2026-04-15 00:43:43.782932 [PID:2405] [0] [ID:0] still running Suites.Auth.TC01 register user after 50.0s
[INFO]    2026-04-15 00:43:46.589058 [PID:2405] [0] [ID:0] Execution failed in Suites.Auth.TC01 register user with 1 failing test(s)
==============================================================================
Suites
==============================================================================
Suites.Auth
==============================================================================
Suites.Auth.TC01 register user
==============================================================================
TC01 Register User                                                    | FAIL |
Element 'css=li a b' did not appear in 15 seconds.
------------------------------------------------------------------------------
Suites.Auth.TC01 register user                                        | FAIL |
1 test, 0 passed, 1 failed
==============================================================================
Suites.Auth                                                           | FAIL |
1 test, 0 passed, 1 failed
==============================================================================
Suites                                                                | FAIL |
1 test, 0 passed, 1 failed
==============================================================================
Output:  /home/runner/work/engg-robot-testing-framework/engg-robot-testing-framework/reports/pabot_results/0/output.xml
[DEBUG]   2026-04-15 00:43:46.595016 [PID:3067] [1] [ID:3] EXECUTING Suites.Auth.TC04 logout user
[INFO]    2026-04-15 00:43:49.106241 [PID:2892] [0] [ID:2] PASSED Suites.Auth.TC03 login invalid in 15.0 seconds
[DEBUG]   2026-04-15 00:43:49.113338 [PID:3294] [0] [ID:4] EXECUTING Suites.Auth.TC05 register existing email
[DEBUG]   2026-04-15 00:43:51.610383 [PID:3067] [1] [ID:3] still running Suites.Auth.TC04 logout user after 5.0s
[DEBUG]   2026-04-15 00:43:54.122720 [PID:3294] [0] [ID:4] still running Suites.Auth.TC05 register existing email after 5.0s
[DEBUG]   2026-04-15 00:44:01.627743 [PID:3067] [1] [ID:3] still running Suites.Auth.TC04 logout user after 15.0s
[DEBUG]   2026-04-15 00:44:04.135472 [PID:3294] [0] [ID:4] still running Suites.Auth.TC05 register existing email after 15.0s
[DEBUG]   2026-04-15 00:44:16.647007 [PID:3067] [1] [ID:3] still running Suites.Auth.TC04 logout user after 30.0s
[INFO]    2026-04-15 00:44:18.652078 [PID:3067] [1] [ID:3] PASSED Suites.Auth.TC04 logout user in 32.1 seconds
[DEBUG]   2026-04-15 00:44:18.657450 [PID:3615] [1] [ID:5] EXECUTING Suites.Cart.TC12 add products to cart
[DEBUG]   2026-04-15 00:44:19.151268 [PID:3294] [0] [ID:4] still running Suites.Auth.TC05 register existing email after 30.0s
[DEBUG]   2026-04-15 00:44:23.666191 [PID:3615] [1] [ID:5] still running Suites.Cart.TC12 add products to cart after 5.0s
[INFO]    2026-04-15 00:44:24.566682 [PID:3294] [0] [ID:4] PASSED Suites.Auth.TC05 register existing email in 35.5 seconds
[DEBUG]   2026-04-15 00:44:24.570803 [PID:3780] [0] [ID:6] EXECUTING Suites.Cart.TC13 verify product quantity
[DEBUG]   2026-04-15 00:44:29.581057 [PID:3780] [0] [ID:6] still running Suites.Cart.TC13 verify product quantity after 5.0s
[DEBUG]   2026-04-15 00:44:33.682071 [PID:3615] [1] [ID:5] still running Suites.Cart.TC12 add products to cart after 15.0s
[INFO]    2026-04-15 00:44:36.987820 [PID:3615] [1] [ID:5] PASSED Suites.Cart.TC12 add products to cart in 18.3 seconds
[DEBUG]   2026-04-15 00:44:36.992079 [PID:4018] [1] [ID:7] EXECUTING Suites.Cart.TC17 remove products from cart
[INFO]    2026-04-15 00:44:38.596351 [PID:3780] [0] [ID:6] PASSED Suites.Cart.TC13 verify product quantity in 14.0 seconds
[DEBUG]   2026-04-15 00:44:38.602492 [PID:4224] [0] [ID:8] EXECUTING Suites.Cart.TC20 search and verify cart after login
[DEBUG]   2026-04-15 00:44:42.002118 [PID:4018] [1] [ID:7] still running Suites.Cart.TC17 remove products from cart after 5.0s
[DEBUG]   2026-04-15 00:44:43.614446 [PID:4224] [0] [ID:8] still running Suites.Cart.TC20 search and verify cart after login after 5.0s
[DEBUG]   2026-04-15 00:44:52.015607 [PID:4018] [1] [ID:7] still running Suites.Cart.TC17 remove products from cart after 15.0s
[DEBUG]   2026-04-15 00:44:53.626093 [PID:4224] [0] [ID:8] still running Suites.Cart.TC20 search and verify cart after login after 15.0s
[INFO]    2026-04-15 00:44:55.221950 [PID:4018] [1] [ID:7] PASSED Suites.Cart.TC17 remove products from cart in 18.2 seconds
[DEBUG]   2026-04-15 00:44:55.228477 [PID:4550] [1] [ID:9] EXECUTING Suites.Cart.TC22 add from recommended items
[DEBUG]   2026-04-15 00:45:00.238795 [PID:4550] [1] [ID:9] still running Suites.Cart.TC22 add from recommended items after 5.0s
[DEBUG]   2026-04-15 00:45:08.648043 [PID:4224] [0] [ID:8] still running Suites.Cart.TC20 search and verify cart after login after 30.0s
[DEBUG]   2026-04-15 00:45:10.250989 [PID:4550] [1] [ID:9] still running Suites.Cart.TC22 add from recommended items after 15.0s
[INFO]    2026-04-15 00:45:11.655418 [PID:4550] [1] [ID:9] PASSED Suites.Cart.TC22 add from recommended items in 16.4 seconds
[INFO]    2026-04-15 00:45:17.861889 [PID:4224] [0] [ID:8] PASSED Suites.Cart.TC20 search and verify cart after login in 39.3 seconds
[INFO]    10 tests, 9 passed, 1 failed, 0 skipped.
[INFO]    ===================================================
[INFO]    Output:  /home/runner/work/engg-robot-testing-framework/engg-robot-testing-framework/reports/output.xml
[INFO]    Log:     /home/runner/work/engg-robot-testing-framework/engg-robot-testing-framework/reports/log.html
[INFO]    Report:  /home/runner/work/engg-robot-testing-framework/engg-robot-testing-framework/reports/report.html
[DEBUG]   Finalizing Pabot execution...
[DEBUG]   Stopping PabotLib process
[INFO]    Robot Framework remote server at 127.0.0.1:8270 stopped.
[DEBUG]   PabotLib process stopped
[INFO]    Total testing: 4 minutes 42.10 seconds
[INFO]    Elapsed time:  2 minutes 24.79 seconds
[DEBUG]   Logs flushed successfully.
