2026-04-23 03:55:14.493379 ==============================================================================
2026-04-23 03:55:14.541625 Suites
2026-04-23 03:55:14.541643 ==============================================================================
2026-04-23 03:55:14.541655 Suites.Auth
2026-04-23 03:55:14.542404 ==============================================================================
2026-04-23 03:55:14.642601 Suites.Auth.TC04 logout user
2026-04-23 03:55:14.646627 ==============================================================================
2026-04-23 03:56:29.555502 TC04 Logout User                                                      | FAIL |
2026-04-23 03:56:29.592914 Element 'css=li a b' did not appear in 45 seconds.
2026-04-23 03:56:29.592941 ------------------------------------------------------------------------------
2026-04-23 03:56:29.592949 Suites.Auth.TC04 logout user                                          | FAIL |
2026-04-23 03:56:29.593463 1 test, 0 passed, 1 failed
2026-04-23 03:56:29.593491 ==============================================================================
2026-04-23 03:56:29.593498 Suites.Auth                                                           | FAIL |
2026-04-23 03:56:29.593793 1 test, 0 passed, 1 failed
2026-04-23 03:56:29.593824 ==============================================================================
2026-04-23 03:56:29.593831 Suites                                                                | FAIL |
2026-04-23 03:56:29.594407 1 test, 0 passed, 1 failed
2026-04-23 03:56:29.594415 ==============================================================================
2026-04-23 03:56:29.594422 Output:  /home/runner/work/engg-robot-testing-framework/engg-robot-testing-framework/reports/pabot_results/3/output.xml
