2026-04-28 04:14:20.407852 ==============================================================================
2026-04-28 04:14:20.430385 Suites
2026-04-28 04:14:20.430399 ==============================================================================
2026-04-28 04:14:20.430407 Suites.Auth
2026-04-28 04:14:20.431190 ==============================================================================
2026-04-28 04:14:20.531460 Suites.Auth.TC05 register existing email
2026-04-28 04:14:20.558582 ==============================================================================
2026-04-28 04:15:48.601139 [ WARN ] Native click failed on Delete Account; trying JS click fallback.
2026-04-28 04:15:49.605105 TC05 Register User With Existing Email                                | FAIL |
2026-04-28 04:15:49.629834 Text 'Account Deleted' did not appear in 1 minute.
2026-04-28 04:15:49.629850 ------------------------------------------------------------------------------
2026-04-28 04:15:49.629860 Suites.Auth.TC05 register existing email                              | FAIL |
2026-04-28 04:15:49.630511 1 test, 0 passed, 1 failed
2026-04-28 04:15:49.630628 ==============================================================================
2026-04-28 04:15:49.630639 Suites.Auth                                                           | FAIL |
2026-04-28 04:15:49.631020 1 test, 0 passed, 1 failed
2026-04-28 04:15:49.631074 ==============================================================================
2026-04-28 04:15:49.631084 Suites                                                                | FAIL |
2026-04-28 04:15:49.631403 1 test, 0 passed, 1 failed
2026-04-28 04:15:49.631449 ==============================================================================
2026-04-28 04:15:49.631458 Output:  /home/runner/work/engg-robot-testing-framework/engg-robot-testing-framework/reports/pabot_results/4/output.xml
