2026-05-02 03:59:52.569219 ==============================================================================
2026-05-02 03:59:52.575129 Suites
2026-05-02 03:59:52.575171 ==============================================================================
2026-05-02 03:59:52.575187 Suites.Auth
2026-05-02 03:59:52.576368 ==============================================================================
2026-05-02 03:59:52.776720 Suites.Auth.TC02 login valid
2026-05-02 03:59:52.805923 ==============================================================================
2026-05-02 04:01:25.368168 TC02 Login User With Correct Email And Password                       | FAIL |
2026-05-02 04:01:25.386844 Element 'xpath=//a[contains(text(),'Logout')]' not visible after 45 seconds.
2026-05-02 04:01:25.386862 ------------------------------------------------------------------------------
2026-05-02 04:01:25.386874 Suites.Auth.TC02 login valid                                          | FAIL |
2026-05-02 04:01:25.387451 1 test, 0 passed, 1 failed
2026-05-02 04:01:25.387474 ==============================================================================
2026-05-02 04:01:25.387526 Suites.Auth                                                           | FAIL |
2026-05-02 04:01:25.387820 1 test, 0 passed, 1 failed
2026-05-02 04:01:25.387836 ==============================================================================
2026-05-02 04:01:25.387848 Suites                                                                | FAIL |
2026-05-02 04:01:25.388141 1 test, 0 passed, 1 failed
2026-05-02 04:01:25.388189 ==============================================================================
2026-05-02 04:01:25.388202 Output:  /home/runner/work/engg-robot-testing-framework/engg-robot-testing-framework/reports/pabot_results/1/output.xml
