2026-04-14 16:34:33.235895 ==============================================================================
2026-04-14 16:34:33.274199 Suites
2026-04-14 16:34:33.274220 ==============================================================================
2026-04-14 16:34:33.274230 Suites.Cart
2026-04-14 16:34:33.275189 ==============================================================================
2026-04-14 16:34:33.425791 Suites.Cart.TC13 verify product quantity :: TC13 - Verify Product Quantity ...
2026-04-14 16:34:33.465472 ==============================================================================
2026-04-14 16:35:54.334236 TC13 Verify Product Quantity In Cart                                  | FAIL |
2026-04-14 16:35:54.381569 Setup failed:
2026-04-14 16:35:54.381594 WebDriverException: Message: unknown error: net::ERR_NAME_NOT_RESOLVED
2026-04-14 16:35:54.381606   (Session info: chrome=145.0.7632.116)
2026-04-14 16:35:54.381616 Stacktrace:
2026-04-14 16:35:54.381625 #0 0x55e2bcca6b6a <unknown>
2026-04-14 16:35:54.381635 #1 0x55e2bc6b9a32 <unknown>
2026-04-14 16:35:54.381644 #2 0x55e2bc6b07ba <unknown>
2026-04-14 16:35:54.381653 #3 0x55e2bc6a1481 <unknown>
2026-04-14 16:35:54.381662 #4 0x55e2bc6a327c <unknown>
2026-04-14 16:35:54.381671 #5 0x55e2bc6a1979 <unknown>
2026-04-14 16:35:54.381680 #6 0x55e2bc6a1065 <unknown>
2026-04-14 16:35:54.381689 #7 0x55e2bc6a0c16 <unknown>
2026-04-14 16:35:54.381700 #8 0x55e2bc69e731 <unknown>
2026-04-14 16:35:54.381710 #9 0x55e2bc69ef80 <unknown>
2026-04-14 16:35:54.381719 #10 0x55e2bc6bd41d <unknown>
2026-04-14 16:35:54.381728 #11 0x55e2bc757feb <unknown>
2026-04-14 16:35:54.381737 #12 0x55e2bc757369 <unknown>
2026-04-14 16:35:54.381746 #13 0x55e2bc700c0f <unknown>
2026-04-14 16:35:54.381755 #14 0x55e2bc7019d1 <unknown>
2026-04-14 16:35:54.381764 #15 0x55e2bcc6b6b9 <unknown>
2026-04-14 16:35:54.381773 #16 0x55e2bcc6e5c1 <unknown>
2026-04-14 16:35:54.381781 #17 0x55e2bcc57e29 <unknown>
2026-04-14 16:35:54.381790 #18 0x55e2bcc6f17e <unknown>
2026-04-14 16:35:54.381799 #19 0x55e2bcc3e4b0 <unknown>
2026-04-14 16:35:54.381808 #20 0x55e2bcc93578 <unknown>
2026-04-14 16:35:54.381818 #21 0x55e2bcc9374b <unknown>
2026-04-14 16:35:54.381827 #22 0x55e2bcca51a3 <unknown>
2026-04-14 16:35:54.381836 #23 0x7fdeb069aaa4 <unknown>
2026-04-14 16:35:54.381844 #24 0x7fdeb0727c6c <unknown>
2026-04-14 16:35:54.381853 ------------------------------------------------------------------------------
2026-04-14 16:35:54.381862 Suites.Cart.TC13 verify product quantity :: TC13 - Verify Product ... | FAIL |
2026-04-14 16:35:54.382182 1 test, 0 passed, 1 failed
2026-04-14 16:35:54.382203 ==============================================================================
2026-04-14 16:35:54.382215 Suites.Cart                                                           | FAIL |
2026-04-14 16:35:54.382861 1 test, 0 passed, 1 failed
2026-04-14 16:35:54.382896 ==============================================================================
2026-04-14 16:35:54.382907 Suites                                                                | FAIL |
2026-04-14 16:35:54.383655 1 test, 0 passed, 1 failed
2026-04-14 16:35:54.383680 ==============================================================================
2026-04-14 16:35:54.383692 Output:  /home/surendra.cv/projects/practice/robot-framework/reports/pabot_results/6/output.xml
