==============================================================================
Suites
==============================================================================
Suites.Cart
==============================================================================
Suites.Cart.TC13 verify product quantity :: TC13 - Verify Product Quantity ...
==============================================================================
TC13 Verify Product Quantity In Cart                                  | FAIL |
Setup failed:
WebDriverException: Message: unknown error: net::ERR_NAME_NOT_RESOLVED
  (Session info: chrome=145.0.7632.116)
Stacktrace:
#0 0x55e2bcca6b6a <unknown>
#1 0x55e2bc6b9a32 <unknown>
#2 0x55e2bc6b07ba <unknown>
#3 0x55e2bc6a1481 <unknown>
#4 0x55e2bc6a327c <unknown>
#5 0x55e2bc6a1979 <unknown>
#6 0x55e2bc6a1065 <unknown>
#7 0x55e2bc6a0c16 <unknown>
#8 0x55e2bc69e731 <unknown>
#9 0x55e2bc69ef80 <unknown>
#10 0x55e2bc6bd41d <unknown>
#11 0x55e2bc757feb <unknown>
#12 0x55e2bc757369 <unknown>
#13 0x55e2bc700c0f <unknown>
#14 0x55e2bc7019d1 <unknown>
#15 0x55e2bcc6b6b9 <unknown>
#16 0x55e2bcc6e5c1 <unknown>
#17 0x55e2bcc57e29 <unknown>
#18 0x55e2bcc6f17e <unknown>
#19 0x55e2bcc3e4b0 <unknown>
#20 0x55e2bcc93578 <unknown>
#21 0x55e2bcc9374b <unknown>
#22 0x55e2bcca51a3 <unknown>
#23 0x7fdeb069aaa4 <unknown>
#24 0x7fdeb0727c6c <unknown>
------------------------------------------------------------------------------
Suites.Cart.TC13 verify product quantity :: TC13 - Verify Product ... | FAIL |
1 test, 0 passed, 1 failed
==============================================================================
Suites.Cart                                                           | FAIL |
1 test, 0 passed, 1 failed
==============================================================================
Suites                                                                | FAIL |
1 test, 0 passed, 1 failed
==============================================================================
Output:  /home/surendra.cv/projects/practice/robot-framework/reports/pabot_results/6/output.xml
