2026-04-15 00:42:53.863585 ==============================================================================
2026-04-15 00:42:53.873577 Suites
2026-04-15 00:42:53.873597 ==============================================================================
2026-04-15 00:42:53.873610 Suites.Auth
2026-04-15 00:42:53.874376 ==============================================================================
2026-04-15 00:42:54.024771 Suites.Auth.TC01 register user
2026-04-15 00:42:54.060253 ==============================================================================
2026-04-15 00:43:46.408603 TC01 Register User                                                    | FAIL |
2026-04-15 00:43:46.419295 Element 'css=li a b' did not appear in 15 seconds.
2026-04-15 00:43:46.419310 ------------------------------------------------------------------------------
2026-04-15 00:43:46.419320 Suites.Auth.TC01 register user                                        | FAIL |
2026-04-15 00:43:46.419957 1 test, 0 passed, 1 failed
2026-04-15 00:43:46.420001 ==============================================================================
2026-04-15 00:43:46.420011 Suites.Auth                                                           | FAIL |
2026-04-15 00:43:46.420383 1 test, 0 passed, 1 failed
2026-04-15 00:43:46.420446 ==============================================================================
2026-04-15 00:43:46.420455 Suites                                                                | FAIL |
2026-04-15 00:43:46.420948 1 test, 0 passed, 1 failed
2026-04-15 00:43:46.420959 ==============================================================================
2026-04-15 00:43:46.420967 Output:  /home/runner/work/engg-robot-testing-framework/engg-robot-testing-framework/reports/pabot_results/0/output.xml
