2026-04-14 16:27:38.440548 ==============================================================================
2026-04-14 16:27:38.472742 Suites
2026-04-14 16:27:38.472937 ==============================================================================
2026-04-14 16:27:38.472997 Suites.Auth
2026-04-14 16:27:38.483835 ==============================================================================
2026-04-14 16:27:39.036860 Suites.Auth.TC03 login invalid
2026-04-14 16:27:39.045371 ==============================================================================
2026-04-14 16:31:54.851055 [ WARN ] Retrying (Retry(total=2, connect=None, read=None, redirect=None, status=None)) after connection broken by 'ReadTimeoutError("HTTPConnectionPool(host='localhost', port=43381): Read timed out. (read timeout=120)")': /session/75ce5a8003513dbc5cd0f702951b61fa/screenshot
2026-04-14 16:33:05.884268 TC03 Login User With Incorrect Email And Password                     | FAIL |
2026-04-14 16:33:05.895863 ReadTimeoutError: HTTPConnectionPool(host='localhost', port=43381): Read timed out. (read timeout=120)
2026-04-14 16:33:05.895913 ------------------------------------------------------------------------------
2026-04-14 16:33:05.895936 Suites.Auth.TC03 login invalid                                        | FAIL |
2026-04-14 16:33:05.899657 1 test, 0 passed, 1 failed
2026-04-14 16:33:05.899753 ==============================================================================
2026-04-14 16:33:05.899797 Suites.Auth                                                           | FAIL |
2026-04-14 16:33:05.901193 1 test, 0 passed, 1 failed
2026-04-14 16:33:05.901237 ==============================================================================
2026-04-14 16:33:05.901260 Suites                                                                | FAIL |
2026-04-14 16:33:05.902017 1 test, 0 passed, 1 failed
2026-04-14 16:33:05.902094 ==============================================================================
2026-04-14 16:33:05.902140 Output:  /home/surendra.cv/projects/practice/robot-framework/reports/pabot_results/2/output.xml
