==============================================================================
Suites
==============================================================================
Suites.Cart
==============================================================================
Suites.Cart.TC22 add from recommended items :: TC22 - Add To Cart From Reco...
==============================================================================
TC22 Add To Cart From Recommended Items                               | FAIL |
Setup failed:
WebDriverException: Message: unknown error: net::ERR_NAME_NOT_RESOLVED
  (Session info: chrome=145.0.7632.116)
Stacktrace:
#0 0x556d9b395b6a <unknown>
#1 0x556d9ada8a32 <unknown>
#2 0x556d9ad9f7ba <unknown>
#3 0x556d9ad90481 <unknown>
#4 0x556d9ad9227c <unknown>
#5 0x556d9ad90979 <unknown>
#6 0x556d9ad90065 <unknown>
#7 0x556d9ad8fc16 <unknown>
#8 0x556d9ad8d731 <unknown>
#9 0x556d9ad8df80 <unknown>
#10 0x556d9adac41d <unknown>
#11 0x556d9ae46feb <unknown>
#12 0x556d9ae46369 <unknown>
#13 0x556d9adefc0f <unknown>
#14 0x556d9adf09d1 <unknown>
#15 0x556d9b35a6b9 <unknown>
#16 0x556d9b35d5c1 <unknown>
#17 0x556d9b346e29 <unknown>
#18 0x556d9b35e17e <unknown>
#19 0x556d9b32d4b0 <unknown>
#20 0x556d9b382578 <unknown>
#21 0x556d9b38274b <unknown>
#22 0x556d9b3941a3 <unknown>
#23 0x7f6344060aa4 <unknown>
#24 0x7f63440edc6c <unknown>
------------------------------------------------------------------------------
Suites.Cart.TC22 add from recommended items :: TC22 - Add To Cart ... | FAIL |
1 test, 0 passed, 1 failed
==============================================================================
Suites.Cart                                                           | FAIL |
1 test, 0 passed, 1 failed
==============================================================================
Suites                                                                | FAIL |
1 test, 0 passed, 1 failed
==============================================================================
Output:  /home/surendra.cv/projects/practice/robot-framework/reports/pabot_results/9/output.xml
