[INFO]    Initialized logging in reports/pabot_results
[INFO]    Robot Framework remote server at 127.0.0.1:8270 started.
[DEBUG]   2026-04-28 04:12:57.747510 [PID:2382] [0] [ID:0] EXECUTING Suites.Auth.TC01 register user
[DEBUG]   2026-04-28 04:12:57.748963 [PID:2383] [1] [ID:1] EXECUTING Suites.Auth.TC02 login valid
[DEBUG]   2026-04-28 04:13:02.754471 [PID:2382] [0] [ID:0] still running Suites.Auth.TC01 register user after 5.0s
[DEBUG]   2026-04-28 04:13:02.757508 [PID:2383] [1] [ID:1] still running Suites.Auth.TC02 login valid after 5.0s
[DEBUG]   2026-04-28 04:13:12.771497 [PID:2383] [1] [ID:1] still running Suites.Auth.TC02 login valid after 15.0s
[DEBUG]   2026-04-28 04:13:12.771717 [PID:2382] [0] [ID:0] still running Suites.Auth.TC01 register user after 15.0s
[DEBUG]   2026-04-28 04:13:27.789602 [PID:2382] [0] [ID:0] still running Suites.Auth.TC01 register user after 30.0s
[DEBUG]   2026-04-28 04:13:27.791286 [PID:2383] [1] [ID:1] still running Suites.Auth.TC02 login valid after 30.0s
[INFO]    2026-04-28 04:13:38.204783 [PID:2383] [1] [ID:1] PASSED Suites.Auth.TC02 login valid in 40.5 seconds
[DEBUG]   2026-04-28 04:13:38.209732 [PID:2915] [0] [ID:2] EXECUTING Suites.Auth.TC03 login invalid
[DEBUG]   2026-04-28 04:13:43.217049 [PID:2915] [0] [ID:2] still running Suites.Auth.TC03 login invalid after 5.0s
[DEBUG]   2026-04-28 04:13:47.812326 [PID:2382] [0] [ID:0] still running Suites.Auth.TC01 register user after 50.0s
[DEBUG]   2026-04-28 04:13:53.226423 [PID:2915] [0] [ID:2] still running Suites.Auth.TC03 login invalid after 15.0s
[INFO]    2026-04-28 04:13:53.830663 [PID:2915] [0] [ID:2] PASSED Suites.Auth.TC03 login invalid in 15.6 seconds
[DEBUG]   2026-04-28 04:13:53.836884 [PID:3154] [1] [ID:3] EXECUTING Suites.Auth.TC04 logout user
[DEBUG]   2026-04-28 04:13:58.845355 [PID:3154] [1] [ID:3] still running Suites.Auth.TC04 logout user after 5.0s
[DEBUG]   2026-04-28 04:14:08.857096 [PID:3154] [1] [ID:3] still running Suites.Auth.TC04 logout user after 15.0s
[DEBUG]   2026-04-28 04:14:12.840825 [PID:2382] [0] [ID:0] still running Suites.Auth.TC01 register user after 75.0s
[INFO]    2026-04-28 04:14:20.252118 [PID:2382] [0] [ID:0] Execution failed in Suites.Auth.TC01 register user with 1 failing test(s)
==============================================================================
Suites
==============================================================================
Suites.Auth
==============================================================================
Suites.Auth.TC01 register user
==============================================================================
TC01 Register User                                                    | FAIL |
Element 'css=li a b' did not appear in 45 seconds.
------------------------------------------------------------------------------
Suites.Auth.TC01 register user                                        | FAIL |
1 test, 0 passed, 1 failed
==============================================================================
Suites.Auth                                                           | FAIL |
1 test, 0 passed, 1 failed
==============================================================================
Suites                                                                | FAIL |
1 test, 0 passed, 1 failed
==============================================================================
Output:  /home/runner/work/engg-robot-testing-framework/engg-robot-testing-framework/reports/pabot_results/0/output.xml
[DEBUG]   2026-04-28 04:14:20.256822 [PID:3568] [0] [ID:4] EXECUTING Suites.Auth.TC05 register existing email
[DEBUG]   2026-04-28 04:14:23.880374 [PID:3154] [1] [ID:3] still running Suites.Auth.TC04 logout user after 30.0s
[DEBUG]   2026-04-28 04:14:25.268917 [PID:3568] [0] [ID:4] still running Suites.Auth.TC05 register existing email after 5.0s
[INFO]    2026-04-28 04:14:26.787402 [PID:3154] [1] [ID:3] PASSED Suites.Auth.TC04 logout user in 33.0 seconds
[DEBUG]   2026-04-28 04:14:26.793785 [PID:3734] [1] [ID:5] EXECUTING Suites.Cart.TC12 add products to cart
[DEBUG]   2026-04-28 04:14:31.800875 [PID:3734] [1] [ID:5] still running Suites.Cart.TC12 add products to cart after 5.0s
[DEBUG]   2026-04-28 04:14:35.288584 [PID:3568] [0] [ID:4] still running Suites.Auth.TC05 register existing email after 15.0s
[DEBUG]   2026-04-28 04:14:41.821079 [PID:3734] [1] [ID:5] still running Suites.Cart.TC12 add products to cart after 15.0s
[DEBUG]   2026-04-28 04:14:50.308809 [PID:3568] [0] [ID:4] still running Suites.Auth.TC05 register existing email after 30.0s
[DEBUG]   2026-04-28 04:14:56.839848 [PID:3734] [1] [ID:5] still running Suites.Cart.TC12 add products to cart after 30.0s
[DEBUG]   2026-04-28 04:15:10.338057 [PID:3568] [0] [ID:4] still running Suites.Auth.TC05 register existing email after 50.0s
[DEBUG]   2026-04-28 04:15:16.863877 [PID:3734] [1] [ID:5] still running Suites.Cart.TC12 add products to cart after 50.0s
[DEBUG]   2026-04-28 04:15:35.363492 [PID:3568] [0] [ID:4] still running Suites.Auth.TC05 register existing email after 75.0s
[DEBUG]   2026-04-28 04:15:41.891917 [PID:3734] [1] [ID:5] still running Suites.Cart.TC12 add products to cart after 75.0s
[INFO]    2026-04-28 04:15:49.784620 [PID:3568] [0] [ID:4] Execution failed in Suites.Auth.TC05 register existing email with 1 failing test(s)
==============================================================================
Suites
==============================================================================
Suites.Auth
==============================================================================
Suites.Auth.TC05 register existing email
==============================================================================
TC05 Register User With Existing Email                                | FAIL |
Text 'Account Deleted' did not appear in 1 minute.
------------------------------------------------------------------------------
Suites.Auth.TC05 register existing email                              | FAIL |
1 test, 0 passed, 1 failed
==============================================================================
Suites.Auth                                                           | FAIL |
1 test, 0 passed, 1 failed
==============================================================================
Suites                                                                | FAIL |
1 test, 0 passed, 1 failed
==============================================================================
Output:  /home/runner/work/engg-robot-testing-framework/engg-robot-testing-framework/reports/pabot_results/4/output.xml

[ WARN ] Native click failed on Delete Account; trying JS click fallback.
[DEBUG]   2026-04-28 04:15:49.789515 [PID:4438] [0] [ID:6] EXECUTING Suites.Cart.TC13 verify product quantity
[DEBUG]   2026-04-28 04:15:54.797523 [PID:4438] [0] [ID:6] still running Suites.Cart.TC13 verify product quantity after 5.0s
[INFO]    2026-04-28 04:16:04.011862 [PID:4438] [0] [ID:6] PASSED Suites.Cart.TC13 verify product quantity in 14.2 seconds
[DEBUG]   2026-04-28 04:16:04.016753 [PID:4725] [1] [ID:7] EXECUTING Suites.Cart.TC17 remove products from cart
[DEBUG]   2026-04-28 04:16:09.022318 [PID:4725] [1] [ID:7] still running Suites.Cart.TC17 remove products from cart after 5.0s
[DEBUG]   2026-04-28 04:16:11.926170 [PID:3734] [1] [ID:5] still running Suites.Cart.TC12 add products to cart after 105.0s
[DEBUG]   2026-04-28 04:16:19.033073 [PID:4725] [1] [ID:7] still running Suites.Cart.TC17 remove products from cart after 15.0s
[INFO]    2026-04-28 04:16:21.940983 [PID:4725] [1] [ID:7] PASSED Suites.Cart.TC17 remove products from cart in 17.9 seconds
[DEBUG]   2026-04-28 04:16:21.945284 [PID:4960] [0] [ID:8] EXECUTING Suites.Cart.TC20 search and verify cart after login
[DEBUG]   2026-04-28 04:16:26.951669 [PID:4960] [0] [ID:8] still running Suites.Cart.TC20 search and verify cart after login after 5.0s
[DEBUG]   2026-04-28 04:16:36.961921 [PID:4960] [0] [ID:8] still running Suites.Cart.TC20 search and verify cart after login after 15.0s
[DEBUG]   2026-04-28 04:16:46.964518 [PID:3734] [1] [ID:5] still running Suites.Cart.TC12 add products to cart after 140.0s
[INFO]    2026-04-28 04:16:47.776606 [PID:4960] [0] [ID:8] Execution failed in Suites.Cart.TC20 search and verify cart after login with 1 failing test(s)
==============================================================================
Suites
==============================================================================
Suites.Cart
==============================================================================
Suites.Cart.TC20 search and verify cart after login :: TC20 - Search Produc...
==============================================================================
TC20 Search Products And Verify Cart After Login                      | FAIL |
ElementClickInterceptedException: Message: element click intercepted: Element <a href="/products">...</a> is not clickable at point (926, 40). Other element would receive the click: <iframe id="aswift_1" name="aswift_1" style="min-height: auto !important; max-height: none !important; min-width: auto !important; max-width: none !important; width: 100vw !important; height: 100vh !important; inset: 0px auto auto 0px !important; position: absolute !important; clear: none !important; display: inline !important; float: none !important; margin: 0px !important; opacity: 1 !important; overflow: visible !important; padding: 0px !important; vertical-align: baseline !important; visibility: visible !important; z-index: auto !important;" sandbox="allow-forms allow-popups allow-popups-to-escape-sandbox allow-same-origin allow-scripts allow-top-navigation-by-user-activation" width="" height="" frameborder="0" marginwidth="0" marginheight="0" vspace="0" hspace="0" allowtransparency="true" scrolling="no" allow="attribution-reporting; run-ad-auction" src="https://googleads.g.doubleclick.net/pagead/html/r20260424/r20190131/zrt_lookup.html#RS-0-&amp;adk=1812271808&amp;client=ca-pub-1677597403311019&amp;fa=8&amp;ifi=2&amp;uci=a!2" data-google-container-id="a!2" tabindex="0" title="Advertisement" aria-label="Advertisement" data-google-query-id="CMiDlPfXj5QDFSDm_QUdQ3YEWw" data-load-complete="true"></iframe>
  (Session info: chrome=147.0.7727.55)
    [ Message content over the limit has been removed. ]
#1 0x5618cc06f265 <unknown>
#2 0x5618cc0c922b <unknown>
#3 0x5618cc0c6e62 <unknown>
#4 0x5618cc0c43a9 <unknown>
#5 0x5618cc0c34a7 <unknown>
#6 0x5618cc0b74c2 <unknown>
#7 0x5618cc0b6e07 <unknown>
#8 0x5618cc10a969 <unknown>
#9 0x5618cc0b55cf <unknown>
#10 0x5618cc0b6391 <unknown>
#11 0x5618cc63304b <unknown>
#12 0x5618cc63600d <unknown>
#13 0x5618cc61f808 <unknown>
#14 0x5618cc636ba0 <unknown>
#15 0x5618cc606280 <unknown>
#16 0x5618cc65adb8 <unknown>
#17 0x5618cc65af88 <unknown>
#18 0x5618cc66c5de <unknown>
#19 0x7f80e349caa4 <unknown>
#20 0x7f80e3529c6c <unknown>
------------------------------------------------------------------------------
Suites.Cart.TC20 search and verify cart after login :: TC20 - Sear... | FAIL |
1 test, 0 passed, 1 failed
==============================================================================
Suites.Cart                                                           | FAIL |
1 test, 0 passed, 1 failed
==============================================================================
Suites                                                                | FAIL |
1 test, 0 passed, 1 failed
==============================================================================
Output:  /home/runner/work/engg-robot-testing-framework/engg-robot-testing-framework/reports/pabot_results/8/output.xml
[DEBUG]   2026-04-28 04:16:47.780852 [PID:5214] [1] [ID:9] EXECUTING Suites.Cart.TC22 add from recommended items
[DEBUG]   2026-04-28 04:16:52.787544 [PID:5214] [1] [ID:9] still running Suites.Cart.TC22 add from recommended items after 5.0s
[DEBUG]   2026-04-28 04:17:02.798180 [PID:5214] [1] [ID:9] still running Suites.Cart.TC22 add from recommended items after 15.0s
[INFO]    2026-04-28 04:17:05.304006 [PID:5214] [1] [ID:9] PASSED Suites.Cart.TC22 add from recommended items in 17.5 seconds
[DEBUG]   2026-04-28 04:17:27.010834 [PID:3734] [1] [ID:5] still running Suites.Cart.TC12 add products to cart after 180.0s
[DEBUG]   2026-04-28 04:18:12.064449 [PID:3734] [1] [ID:5] still running Suites.Cart.TC12 add products to cart after 225.0s
[DEBUG]   2026-04-28 04:19:02.127920 [PID:3734] [1] [ID:5] still running Suites.Cart.TC12 add products to cart after 275.0s
[DEBUG]   2026-04-28 04:19:57.195395 [PID:3734] [1] [ID:5] still running Suites.Cart.TC12 add products to cart after 330.0s
[DEBUG]   2026-04-28 04:20:57.266391 [PID:3734] [1] [ID:5] still running Suites.Cart.TC12 add products to cart after 390.0s
[DEBUG]   2026-04-28 04:22:02.345252 [PID:3734] [1] [ID:5] still running Suites.Cart.TC12 add products to cart after 455.0s
[DEBUG]   2026-04-28 04:23:12.434589 [PID:3734] [1] [ID:5] still running Suites.Cart.TC12 add products to cart after 525.0s
[DEBUG]   2026-04-28 04:24:27.542906 [PID:3734] [1] [ID:5] still running Suites.Cart.TC12 add products to cart after 600.0s
[DEBUG]   2026-04-28 04:25:47.667512 [PID:3734] [1] [ID:5] still running Suites.Cart.TC12 add products to cart after 680.0s
[DEBUG]   2026-04-28 04:27:12.779889 [PID:3734] [1] [ID:5] still running Suites.Cart.TC12 add products to cart after 765.0s
[DEBUG]   2026-04-28 04:28:42.894720 [PID:3734] [1] [ID:5] still running Suites.Cart.TC12 add products to cart after 855.0s
[DEBUG]   2026-04-28 04:30:18.013880 [PID:3734] [1] [ID:5] still running Suites.Cart.TC12 add products to cart after 950.0s
[DEBUG]   2026-04-28 04:31:58.132291 [PID:3734] [1] [ID:5] still running Suites.Cart.TC12 add products to cart after 1050.0s
[DEBUG]   2026-04-28 04:33:43.260808 [PID:3734] [1] [ID:5] still running Suites.Cart.TC12 add products to cart after 1155.0s
[DEBUG]   2026-04-28 04:35:33.393574 [PID:3734] [1] [ID:5] still running Suites.Cart.TC12 add products to cart after 1265.0s
[DEBUG]   2026-04-28 04:37:28.534221 [PID:3734] [1] [ID:5] still running Suites.Cart.TC12 add products to cart after 1380.0s
[DEBUG]   2026-04-28 04:39:28.681327 [PID:3734] [1] [ID:5] still running Suites.Cart.TC12 add products to cart after 1500.0s
[DEBUG]   2026-04-28 04:41:33.831853 [PID:3734] [1] [ID:5] still running Suites.Cart.TC12 add products to cart after 1625.0s
[INFO]    2026-04-28 04:42:45.516190 [PID:3734] [1] [ID:5] Execution failed in Suites.Cart.TC12 add products to cart with 1 failing test(s)
==============================================================================
Suites
==============================================================================
Suites.Cart
==============================================================================
Suites.Cart.TC12 add products to cart :: TC12 - Add Products In Cart
==============================================================================
TC12 Add Products In Cart                                             | FAIL |
ReadTimeoutError: HTTPConnectionPool(host='localhost', port=44757): Read timed out. (read timeout=120)
------------------------------------------------------------------------------
Suites.Cart.TC12 add products to cart :: TC12 - Add Products In Cart  | FAIL |
1 test, 0 passed, 1 failed
==============================================================================
Suites.Cart                                                           | FAIL |
1 test, 0 passed, 1 failed
==============================================================================
Suites                                                                | FAIL |
1 test, 0 passed, 1 failed
==============================================================================
Output:  /home/runner/work/engg-robot-testing-framework/engg-robot-testing-framework/reports/pabot_results/5/output.xml

[ WARN ] Retrying (Retry(total=2, connect=None, read=None, redirect=None, status=None)) after connection broken by 'ReadTimeoutError("HTTPConnectionPool(host='localhost', port=44757): Read timed out. (read timeout=120)")': /session/8b11da7635daf146eb7b7d04e436a8cf/screenshot
[ WARN ] Retrying (Retry(total=1, connect=None, read=None, redirect=None, status=None)) after connection broken by 'ReadTimeoutError("HTTPConnectionPool(host='localhost', port=44757): Read timed out. (read timeout=120)")': /session/8b11da7635daf146eb7b7d04e436a8cf/screenshot
[ WARN ] Retrying (Retry(total=0, connect=None, read=None, redirect=None, status=None)) after connection broken by 'ReadTimeoutError("HTTPConnectionPool(host='localhost', port=44757): Read timed out. (read timeout=120)")': /session/8b11da7635daf146eb7b7d04e436a8cf/screenshot
[ WARN ] Keyword 'Capture Failure Screenshot' could not be run on failure: MaxRetryError: HTTPConnectionPool(host='localhost', port=44757): Max retries exceeded with url: /session/8b11da7635daf146eb7b7d04e436a8cf/screenshot (Caused by ReadTimeoutError("HTTPConnectionPool(host='localhost', port=44757): Read timed out. (read timeout=120)"))
[ WARN ] Retrying (Retry(total=2, connect=None, read=None, redirect=None, status=None)) after connection broken by 'ReadTimeoutError("HTTPConnectionPool(host='localhost', port=44757): Read timed out. (read timeout=120)")': /session/8b11da7635daf146eb7b7d04e436a8cf/screenshot
[ WARN ] Retrying (Retry(total=1, connect=None, read=None, redirect=None, status=None)) after connection broken by 'ReadTimeoutError("HTTPConnectionPool(host='localhost', port=44757): Read timed out. (read timeout=120)")': /session/8b11da7635daf146eb7b7d04e436a8cf/screenshot
[ WARN ] Retrying (Retry(total=0, connect=None, read=None, redirect=None, status=None)) after connection broken by 'ReadTimeoutError("HTTPConnectionPool(host='localhost', port=44757): Read timed out. (read timeout=120)")': /session/8b11da7635daf146eb7b7d04e436a8cf/screenshot
[ WARN ] Keyword 'Capture Failure Screenshot' could not be run on failure: MaxRetryError: HTTPConnectionPool(host='localhost', port=44757): Max retries exceeded with url: /session/8b11da7635daf146eb7b7d04e436a8cf/screenshot (Caused by ReadTimeoutError("HTTPConnectionPool(host='localhost', port=44757): Read timed out. (read timeout=120)"))
[ WARN ] Retrying (Retry(total=2, connect=None, read=None, redirect=None, status=None)) after connection broken by 'ReadTimeoutError("HTTPConnectionPool(host='localhost', port=44757): Read timed out. (read timeout=120)")': /session/8b11da7635daf146eb7b7d04e436a8cf
[ WARN ] Retrying (Retry(total=1, connect=None, read=None, redirect=None, status=None)) after connection broken by 'ReadTimeoutError("HTTPConnectionPool(host='localhost', port=44757): Read timed out. (read timeout=120)")': /session/8b11da7635daf146eb7b7d04e436a8cf
[ WARN ] Retrying (Retry(total=0, connect=None, read=None, redirect=None, status=None)) after connection broken by 'ReadTimeoutError("HTTPConnectionPool(host='localhost', port=44757): Read timed out. (read timeout=120)")': /session/8b11da7635daf146eb7b7d04e436a8cf
[INFO]    10 tests, 6 passed, 4 failed, 0 skipped.
[INFO]    ===================================================
[INFO]    Output:  /home/runner/work/engg-robot-testing-framework/engg-robot-testing-framework/reports/output.xml
[INFO]    Log:     /home/runner/work/engg-robot-testing-framework/engg-robot-testing-framework/reports/log.html
[INFO]    Report:  /home/runner/work/engg-robot-testing-framework/engg-robot-testing-framework/reports/report.html
[DEBUG]   Finalizing Pabot execution...
[DEBUG]   Stopping PabotLib process
[INFO]    Robot Framework remote server at 127.0.0.1:8270 stopped.
[DEBUG]   PabotLib process stopped
[INFO]    Total testing: 33 minutes 55.20 seconds
[INFO]    Elapsed time:  29 minutes 48.40 seconds
[DEBUG]   Logs flushed successfully.
