2026-04-18 03:37:55.281436 ==============================================================================
2026-04-18 03:37:55.302012 Suites
2026-04-18 03:37:55.302029 ==============================================================================
2026-04-18 03:37:55.302039 Suites.Auth
2026-04-18 03:37:55.302755 ==============================================================================
2026-04-18 03:37:55.402967 Suites.Auth.TC05 register existing email
2026-04-18 03:37:55.425050 ==============================================================================
2026-04-18 03:39:23.449038 [ WARN ] Native click failed on Delete Account; trying JS click fallback.
2026-04-18 03:39:24.150945 TC05 Register User With Existing Email                                | FAIL |
2026-04-18 03:39:24.194377 Text 'Account Deleted' did not appear in 1 minute.
2026-04-18 03:39:24.194400 ------------------------------------------------------------------------------
2026-04-18 03:39:24.194418 Suites.Auth.TC05 register existing email                              | FAIL |
2026-04-18 03:39:24.195146 1 test, 0 passed, 1 failed
2026-04-18 03:39:24.195204 ==============================================================================
2026-04-18 03:39:24.195222 Suites.Auth                                                           | FAIL |
2026-04-18 03:39:24.195594 1 test, 0 passed, 1 failed
2026-04-18 03:39:24.195648 ==============================================================================
2026-04-18 03:39:24.195667 Suites                                                                | FAIL |
2026-04-18 03:39:24.196035 1 test, 0 passed, 1 failed
2026-04-18 03:39:24.196089 ==============================================================================
2026-04-18 03:39:24.196107 Output:  /home/runner/work/engg-robot-testing-framework/engg-robot-testing-framework/reports/pabot_results/4/output.xml
