==============================================================================
Suites
==============================================================================
Suites.Auth
==============================================================================
Suites.Auth.TC04 logout user
==============================================================================
TC04 Logout User                                                      | FAIL |
Setup failed:
WebDriverException: Message: unknown error: net::ERR_NAME_NOT_RESOLVED
  (Session info: chrome=145.0.7632.116)
Stacktrace:
#0 0x56383fff9b6a <unknown>
#1 0x56383fa0ca32 <unknown>
#2 0x56383fa037ba <unknown>
#3 0x56383f9f4481 <unknown>
#4 0x56383f9f627c <unknown>
#5 0x56383f9f4979 <unknown>
#6 0x56383f9f4065 <unknown>
#7 0x56383f9f3c16 <unknown>
#8 0x56383f9f1731 <unknown>
#9 0x56383f9f1f80 <unknown>
#10 0x56383fa1041d <unknown>
#11 0x56383faaafeb <unknown>
#12 0x56383faaa369 <unknown>
#13 0x56383fa53c0f <unknown>
#14 0x56383fa549d1 <unknown>
#15 0x56383ffbe6b9 <unknown>
#16 0x56383ffc15c1 <unknown>
#17 0x56383ffaae29 <unknown>
#18 0x56383ffc217e <unknown>
#19 0x56383ff914b0 <unknown>
#20 0x56383ffe6578 <unknown>
#21 0x56383ffe674b <unknown>
#22 0x56383fff81a3 <unknown>
#23 0x7f85c4543aa4 <unknown>
#24 0x7f85c45d0c6c <unknown>
------------------------------------------------------------------------------
Suites.Auth.TC04 logout user                                          | FAIL |
1 test, 0 passed, 1 failed
==============================================================================
Suites.Auth                                                           | FAIL |
1 test, 0 passed, 1 failed
==============================================================================
Suites                                                                | FAIL |
1 test, 0 passed, 1 failed
==============================================================================
Output:  /home/surendra.cv/projects/practice/robot-framework/reports/pabot_results/3/output.xml
