2026-04-14 16:32:32.864106 ==============================================================================
2026-04-14 16:32:32.912556 Suites
2026-04-14 16:32:32.912631 ==============================================================================
2026-04-14 16:32:32.912668 Suites.Auth
2026-04-14 16:32:32.916466 ==============================================================================
2026-04-14 16:32:33.469740 Suites.Auth.TC04 logout user
2026-04-14 16:32:33.505221 ==============================================================================
2026-04-14 16:33:58.328277 TC04 Logout User                                                      | FAIL |
2026-04-14 16:33:58.338003 Setup failed:
2026-04-14 16:33:58.338025 WebDriverException: Message: unknown error: net::ERR_NAME_NOT_RESOLVED
2026-04-14 16:33:58.338037   (Session info: chrome=145.0.7632.116)
2026-04-14 16:33:58.338045 Stacktrace:
2026-04-14 16:33:58.338054 #0 0x56383fff9b6a <unknown>
2026-04-14 16:33:58.338062 #1 0x56383fa0ca32 <unknown>
2026-04-14 16:33:58.338071 #2 0x56383fa037ba <unknown>
2026-04-14 16:33:58.338081 #3 0x56383f9f4481 <unknown>
2026-04-14 16:33:58.338099 #4 0x56383f9f627c <unknown>
2026-04-14 16:33:58.338122 #5 0x56383f9f4979 <unknown>
2026-04-14 16:33:58.338135 #6 0x56383f9f4065 <unknown>
2026-04-14 16:33:58.338150 #7 0x56383f9f3c16 <unknown>
2026-04-14 16:33:58.338164 #8 0x56383f9f1731 <unknown>
2026-04-14 16:33:58.338177 #9 0x56383f9f1f80 <unknown>
2026-04-14 16:33:58.338190 #10 0x56383fa1041d <unknown>
2026-04-14 16:33:58.338203 #11 0x56383faaafeb <unknown>
2026-04-14 16:33:58.338215 #12 0x56383faaa369 <unknown>
2026-04-14 16:33:58.338226 #13 0x56383fa53c0f <unknown>
2026-04-14 16:33:58.338237 #14 0x56383fa549d1 <unknown>
2026-04-14 16:33:58.338249 #15 0x56383ffbe6b9 <unknown>
2026-04-14 16:33:58.338261 #16 0x56383ffc15c1 <unknown>
2026-04-14 16:33:58.338276 #17 0x56383ffaae29 <unknown>
2026-04-14 16:33:58.338293 #18 0x56383ffc217e <unknown>
2026-04-14 16:33:58.338306 #19 0x56383ff914b0 <unknown>
2026-04-14 16:33:58.338315 #20 0x56383ffe6578 <unknown>
2026-04-14 16:33:58.338323 #21 0x56383ffe674b <unknown>
2026-04-14 16:33:58.338331 #22 0x56383fff81a3 <unknown>
2026-04-14 16:33:58.338339 #23 0x7f85c4543aa4 <unknown>
2026-04-14 16:33:58.338349 #24 0x7f85c45d0c6c <unknown>
2026-04-14 16:33:58.338357 ------------------------------------------------------------------------------
2026-04-14 16:33:58.338366 Suites.Auth.TC04 logout user                                          | FAIL |
2026-04-14 16:33:58.338839 1 test, 0 passed, 1 failed
2026-04-14 16:33:58.338873 ==============================================================================
2026-04-14 16:33:58.338888 Suites.Auth                                                           | FAIL |
2026-04-14 16:33:58.339650 1 test, 0 passed, 1 failed
2026-04-14 16:33:58.339673 ==============================================================================
2026-04-14 16:33:58.339682 Suites                                                                | FAIL |
2026-04-14 16:33:58.340183 1 test, 0 passed, 1 failed
2026-04-14 16:33:58.340212 ==============================================================================
2026-04-14 16:33:58.340225 Output:  /home/surendra.cv/projects/practice/robot-framework/reports/pabot_results/3/output.xml
