2026-04-29 04:10:29.801972 ==============================================================================
2026-04-29 04:10:29.819049 Suites
2026-04-29 04:10:29.819071 ==============================================================================
2026-04-29 04:10:29.819086 Suites.Auth
2026-04-29 04:10:29.819898 ==============================================================================
2026-04-29 04:10:29.920139 Suites.Auth.TC04 logout user
2026-04-29 04:10:29.940598 ==============================================================================
2026-04-29 04:11:44.635942 TC04 Logout User                                                      | FAIL |
2026-04-29 04:11:44.672644 Element 'css=li a b' did not appear in 45 seconds.
2026-04-29 04:11:44.672697 ------------------------------------------------------------------------------
2026-04-29 04:11:44.672710 Suites.Auth.TC04 logout user                                          | FAIL |
2026-04-29 04:11:44.673281 1 test, 0 passed, 1 failed
2026-04-29 04:11:44.673293 ==============================================================================
2026-04-29 04:11:44.673302 Suites.Auth                                                           | FAIL |
2026-04-29 04:11:44.673637 1 test, 0 passed, 1 failed
2026-04-29 04:11:44.673649 ==============================================================================
2026-04-29 04:11:44.673698 Suites                                                                | FAIL |
2026-04-29 04:11:44.673984 1 test, 0 passed, 1 failed
2026-04-29 04:11:44.673996 ==============================================================================
2026-04-29 04:11:44.674005 Output:  /home/runner/work/engg-robot-testing-framework/engg-robot-testing-framework/reports/pabot_results/3/output.xml
