2026-04-29 04:09:36.104281 ==============================================================================
2026-04-29 04:09:36.120670 Suites
2026-04-29 04:09:36.120700 ==============================================================================
2026-04-29 04:09:36.120718 Suites.Auth
2026-04-29 04:09:36.121430 ==============================================================================
2026-04-29 04:09:36.271822 Suites.Auth.TC01 register user
2026-04-29 04:09:36.314285 ==============================================================================
2026-04-29 04:10:58.285503 TC01 Register User                                                    | FAIL |
2026-04-29 04:10:58.333620 Element 'css=li a b' did not appear in 45 seconds.
2026-04-29 04:10:58.333643 ------------------------------------------------------------------------------
2026-04-29 04:10:58.333684 Suites.Auth.TC01 register user                                        | FAIL |
2026-04-29 04:10:58.334458 1 test, 0 passed, 1 failed
2026-04-29 04:10:58.334487 ==============================================================================
2026-04-29 04:10:58.334552 Suites.Auth                                                           | FAIL |
2026-04-29 04:10:58.334988 1 test, 0 passed, 1 failed
2026-04-29 04:10:58.335011 ==============================================================================
2026-04-29 04:10:58.335028 Suites                                                                | FAIL |
2026-04-29 04:10:58.335358 1 test, 0 passed, 1 failed
2026-04-29 04:10:58.335379 ==============================================================================
2026-04-29 04:10:58.335395 Output:  /home/runner/work/engg-robot-testing-framework/engg-robot-testing-framework/reports/pabot_results/0/output.xml
