2026-04-21 03:52:20.519296 ==============================================================================
2026-04-21 03:52:20.530829 Suites
2026-04-21 03:52:20.530848 ==============================================================================
2026-04-21 03:52:20.530862 Suites.Auth
2026-04-21 03:52:20.531593 ==============================================================================
2026-04-21 03:52:20.631840 Suites.Auth.TC04 logout user
2026-04-21 03:52:20.637108 ==============================================================================
2026-04-21 03:53:44.703165 [ WARN ] Native click failed on Delete Account; trying JS click fallback.
2026-04-21 03:53:45.356474 TC04 Logout User                                                      | FAIL |
2026-04-21 03:53:45.362938 Text 'Account Deleted' did not appear in 1 minute.
2026-04-21 03:53:45.362958 ------------------------------------------------------------------------------
2026-04-21 03:53:45.362973 Suites.Auth.TC04 logout user                                          | FAIL |
2026-04-21 03:53:45.363753 1 test, 0 passed, 1 failed
2026-04-21 03:53:45.363770 ==============================================================================
2026-04-21 03:53:45.363783 Suites.Auth                                                           | FAIL |
2026-04-21 03:53:45.364133 1 test, 0 passed, 1 failed
2026-04-21 03:53:45.364186 ==============================================================================
2026-04-21 03:53:45.364201 Suites                                                                | FAIL |
2026-04-21 03:53:45.364486 1 test, 0 passed, 1 failed
2026-04-21 03:53:45.364564 ==============================================================================
2026-04-21 03:53:45.364578 Output:  /home/runner/work/engg-robot-testing-framework/engg-robot-testing-framework/reports/pabot_results/3/output.xml
