2026-04-16 03:55:47.573239 ==============================================================================
2026-04-16 03:55:47.592690 Suites
2026-04-16 03:55:47.592710 ==============================================================================
2026-04-16 03:55:47.592725 Suites.Auth
2026-04-16 03:55:47.593538 ==============================================================================
2026-04-16 03:55:47.694614 Suites.Auth.TC04 logout user
2026-04-16 03:55:47.725552 ==============================================================================
2026-04-16 03:57:02.984852 TC04 Logout User                                                      | FAIL |
2026-04-16 03:57:03.025758 Element 'css=li a b' did not appear in 45 seconds.
2026-04-16 03:57:03.025772 ------------------------------------------------------------------------------
2026-04-16 03:57:03.025782 Suites.Auth.TC04 logout user                                          | FAIL |
2026-04-16 03:57:03.026433 1 test, 0 passed, 1 failed
2026-04-16 03:57:03.026473 ==============================================================================
2026-04-16 03:57:03.026485 Suites.Auth                                                           | FAIL |
2026-04-16 03:57:03.026938 1 test, 0 passed, 1 failed
2026-04-16 03:57:03.026955 ==============================================================================
2026-04-16 03:57:03.026968 Suites                                                                | FAIL |
2026-04-16 03:57:03.027269 1 test, 0 passed, 1 failed
2026-04-16 03:57:03.027312 ==============================================================================
2026-04-16 03:57:03.027324 Output:  /home/runner/work/engg-robot-testing-framework/engg-robot-testing-framework/reports/pabot_results/3/output.xml
