[INFO]    Initialized logging in reports/pabot_results
[INFO]    Robot Framework remote server at 127.0.0.1:8270 started.
[DEBUG]   2026-04-26 04:02:19.111079 [PID:2310] [0] [ID:0] EXECUTING Suites.Auth.TC01 register user
[DEBUG]   2026-04-26 04:02:19.112750 [PID:2311] [1] [ID:1] EXECUTING Suites.Auth.TC02 login valid
[DEBUG]   2026-04-26 04:02:24.118827 [PID:2310] [0] [ID:0] still running Suites.Auth.TC01 register user after 5.0s
[DEBUG]   2026-04-26 04:02:24.119187 [PID:2311] [1] [ID:1] still running Suites.Auth.TC02 login valid after 5.0s
[DEBUG]   2026-04-26 04:02:34.132325 [PID:2310] [0] [ID:0] still running Suites.Auth.TC01 register user after 15.0s
[DEBUG]   2026-04-26 04:02:34.133669 [PID:2311] [1] [ID:1] still running Suites.Auth.TC02 login valid after 15.0s
[DEBUG]   2026-04-26 04:02:49.159808 [PID:2310] [0] [ID:0] still running Suites.Auth.TC01 register user after 30.0s
[DEBUG]   2026-04-26 04:02:49.161922 [PID:2311] [1] [ID:1] still running Suites.Auth.TC02 login valid after 30.0s
[INFO]    2026-04-26 04:03:04.689862 [PID:2310] [0] [ID:0] PASSED Suites.Auth.TC01 register user in 45.6 seconds
[DEBUG]   2026-04-26 04:03:04.693383 [PID:2838] [0] [ID:2] EXECUTING Suites.Auth.TC03 login invalid
[INFO]    2026-04-26 04:03:08.000960 [PID:2311] [1] [ID:1] PASSED Suites.Auth.TC02 login valid in 48.9 seconds
[DEBUG]   2026-04-26 04:03:08.006290 [PID:3059] [1] [ID:3] EXECUTING Suites.Auth.TC04 logout user
[DEBUG]   2026-04-26 04:03:09.709311 [PID:2838] [0] [ID:2] still running Suites.Auth.TC03 login invalid after 5.0s
[DEBUG]   2026-04-26 04:03:13.014398 [PID:3059] [1] [ID:3] still running Suites.Auth.TC04 logout user after 5.0s
[DEBUG]   2026-04-26 04:03:19.722704 [PID:2838] [0] [ID:2] still running Suites.Auth.TC03 login invalid after 15.0s
[INFO]    2026-04-26 04:03:20.026242 [PID:2838] [0] [ID:2] PASSED Suites.Auth.TC03 login invalid in 15.3 seconds
[DEBUG]   2026-04-26 04:03:20.030270 [PID:3295] [0] [ID:4] EXECUTING Suites.Auth.TC05 register existing email
[DEBUG]   2026-04-26 04:03:23.028575 [PID:3059] [1] [ID:3] still running Suites.Auth.TC04 logout user after 15.0s
[DEBUG]   2026-04-26 04:03:25.046054 [PID:3295] [0] [ID:4] still running Suites.Auth.TC05 register existing email after 5.0s
[DEBUG]   2026-04-26 04:03:35.059660 [PID:3295] [0] [ID:4] still running Suites.Auth.TC05 register existing email after 15.0s
[DEBUG]   2026-04-26 04:03:38.055498 [PID:3059] [1] [ID:3] still running Suites.Auth.TC04 logout user after 30.0s
[INFO]    2026-04-26 04:03:39.363523 [PID:3059] [1] [ID:3] PASSED Suites.Auth.TC04 logout user in 31.4 seconds
[DEBUG]   2026-04-26 04:03:39.372043 [PID:3602] [1] [ID:5] EXECUTING Suites.Cart.TC12 add products to cart
[DEBUG]   2026-04-26 04:03:44.386808 [PID:3602] [1] [ID:5] still running Suites.Cart.TC12 add products to cart after 5.0s
[DEBUG]   2026-04-26 04:03:50.085755 [PID:3295] [0] [ID:4] still running Suites.Auth.TC05 register existing email after 30.0s
[DEBUG]   2026-04-26 04:03:54.397903 [PID:3602] [1] [ID:5] still running Suites.Cart.TC12 add products to cart after 15.0s
[INFO]    2026-04-26 04:03:55.397305 [PID:3295] [0] [ID:4] PASSED Suites.Auth.TC05 register existing email in 35.4 seconds
[DEBUG]   2026-04-26 04:03:55.400932 [PID:3838] [0] [ID:6] EXECUTING Suites.Cart.TC13 verify product quantity
[INFO]    2026-04-26 04:03:57.010441 [PID:3602] [1] [ID:5] PASSED Suites.Cart.TC12 add products to cart in 17.6 seconds
[DEBUG]   2026-04-26 04:03:57.016583 [PID:4002] [1] [ID:7] EXECUTING Suites.Cart.TC17 remove products from cart
[DEBUG]   2026-04-26 04:04:00.412731 [PID:3838] [0] [ID:6] still running Suites.Cart.TC13 verify product quantity after 5.0s
[DEBUG]   2026-04-26 04:04:02.029956 [PID:4002] [1] [ID:7] still running Suites.Cart.TC17 remove products from cart after 5.0s
[INFO]    2026-04-26 04:04:09.025103 [PID:3838] [0] [ID:6] PASSED Suites.Cart.TC13 verify product quantity in 13.6 seconds
[DEBUG]   2026-04-26 04:04:09.028573 [PID:4268] [0] [ID:8] EXECUTING Suites.Cart.TC20 search and verify cart after login
[DEBUG]   2026-04-26 04:04:12.047624 [PID:4002] [1] [ID:7] still running Suites.Cart.TC17 remove products from cart after 15.0s
[DEBUG]   2026-04-26 04:04:14.037222 [PID:4268] [0] [ID:8] still running Suites.Cart.TC20 search and verify cart after login after 5.0s
[INFO]    2026-04-26 04:04:15.053914 [PID:4002] [1] [ID:7] PASSED Suites.Cart.TC17 remove products from cart in 18.0 seconds
[DEBUG]   2026-04-26 04:04:15.057573 [PID:4504] [1] [ID:9] EXECUTING Suites.Cart.TC22 add from recommended items
[DEBUG]   2026-04-26 04:04:20.065223 [PID:4504] [1] [ID:9] still running Suites.Cart.TC22 add from recommended items after 5.0s
[DEBUG]   2026-04-26 04:04:24.051901 [PID:4268] [0] [ID:8] still running Suites.Cart.TC20 search and verify cart after login after 15.0s
[DEBUG]   2026-04-26 04:04:30.084715 [PID:4504] [1] [ID:9] still running Suites.Cart.TC22 add from recommended items after 15.0s
[INFO]    2026-04-26 04:04:31.390030 [PID:4504] [1] [ID:9] PASSED Suites.Cart.TC22 add from recommended items in 16.3 seconds
[DEBUG]   2026-04-26 04:04:39.075847 [PID:4268] [0] [ID:8] still running Suites.Cart.TC20 search and verify cart after login after 30.0s
[INFO]    2026-04-26 04:04:45.886287 [PID:4268] [0] [ID:8] PASSED Suites.Cart.TC20 search and verify cart after login in 36.9 seconds
[INFO]    10 tests, 10 passed, 0 failed, 0 skipped.
[INFO]    ===================================================
[INFO]    Output:  /home/runner/work/engg-robot-testing-framework/engg-robot-testing-framework/reports/output.xml
[INFO]    Log:     /home/runner/work/engg-robot-testing-framework/engg-robot-testing-framework/reports/log.html
[INFO]    Report:  /home/runner/work/engg-robot-testing-framework/engg-robot-testing-framework/reports/report.html
[DEBUG]   Finalizing Pabot execution...
[DEBUG]   Stopping PabotLib process
[INFO]    Robot Framework remote server at 127.0.0.1:8270 stopped.
[DEBUG]   PabotLib process stopped
[INFO]    Total testing: 4 minutes 39.0 seconds
[INFO]    Elapsed time:  2 minutes 27.37 seconds
[DEBUG]   Logs flushed successfully.
