2026-04-15 03:08:44.392633 ==============================================================================
2026-04-15 03:08:44.441060 Suites
2026-04-15 03:08:44.441076 ==============================================================================
2026-04-15 03:08:44.441090 Suites.Auth
2026-04-15 03:08:44.441879 ==============================================================================
2026-04-15 03:08:44.642301 Suites.Auth.TC02 login valid
2026-04-15 03:08:44.675357 ==============================================================================
2026-04-15 03:10:15.416558 TC02 Login User With Correct Email And Password                       | FAIL |
2026-04-15 03:10:15.466085 Element 'xpath=//a[contains(text(),'Logout')]' not visible after 45 seconds.
2026-04-15 03:10:15.466107 ------------------------------------------------------------------------------
2026-04-15 03:10:15.466119 Suites.Auth.TC02 login valid                                          | FAIL |
2026-04-15 03:10:15.466680 1 test, 0 passed, 1 failed
2026-04-15 03:10:15.466698 ==============================================================================
2026-04-15 03:10:15.466709 Suites.Auth                                                           | FAIL |
2026-04-15 03:10:15.466995 1 test, 0 passed, 1 failed
2026-04-15 03:10:15.467049 ==============================================================================
2026-04-15 03:10:15.467063 Suites                                                                | FAIL |
2026-04-15 03:10:15.467281 1 test, 0 passed, 1 failed
2026-04-15 03:10:15.467333 ==============================================================================
2026-04-15 03:10:15.467344 Output:  /home/runner/work/engg-robot-testing-framework/engg-robot-testing-framework/reports/pabot_results/1/output.xml
