2026-04-23 03:56:32.466726 ==============================================================================
2026-04-23 03:56:32.499050 Suites
2026-04-23 03:56:32.499063 ==============================================================================
2026-04-23 03:56:32.499070 Suites.Cart
2026-04-23 03:56:32.499720 ==============================================================================
2026-04-23 03:56:32.599932 Suites.Cart.TC20 search and verify cart after login :: TC20 - Search Produc...
2026-04-23 03:56:32.619939 ==============================================================================
2026-04-23 03:56:57.546938 TC20 Search Products And Verify Cart After Login                      | FAIL |
2026-04-23 03:56:57.580330 ElementClickInterceptedException: Message: element click intercepted: Element <a href="/products">...</a> is not clickable at point (926, 40). Other element would receive the click: <iframe id="aswift_1" name="aswift_1" style="min-height: auto !important; max-height: none !important; min-width: auto !important; max-width: none !important; width: 100vw !important; height: 100vh !important; inset: 0px auto auto 0px !important; position: absolute !important; clear: none !important; display: inline !important; float: none !important; margin: 0px !important; opacity: 1 !important; overflow: visible !important; padding: 0px !important; vertical-align: baseline !important; visibility: visible !important; z-index: auto !important;" sandbox="allow-forms allow-popups allow-popups-to-escape-sandbox allow-same-origin allow-scripts allow-top-navigation-by-user-activation" width="" height="" frameborder="0" marginwidth="0" marginheight="0" vspace="0" hspace="0" allowtransparency="true" scrolling="no" allow="attribution-reporting; run-ad-auction" src="https://googleads.g.doubleclick.net/pagead/html/r20260422/r20190131/zrt_lookup.html#RS-0-&amp;adk=1812271808&amp;client=ca-pub-1677597403311019&amp;fa=8&amp;ifi=2&amp;uci=a!2" data-google-container-id="a!2" tabindex="0" title="Advertisement" aria-label="Advertisement" data-google-query-id="CMOigZaKg5QDFfxaCAQdFlYLfA" data-load-complete="true"></iframe>
2026-04-23 03:56:57.580348   (Session info: chrome=147.0.7727.55)
2026-04-23 03:56:57.580357     [ Message content over the limit has been removed. ]
2026-04-23 03:56:57.580364 #1 0x5590977bf265 <unknown>
2026-04-23 03:56:57.580370 #2 0x55909781922b <unknown>
2026-04-23 03:56:57.580375 #3 0x559097816e62 <unknown>
2026-04-23 03:56:57.580381 #4 0x5590978143a9 <unknown>
2026-04-23 03:56:57.580387 #5 0x5590978134a7 <unknown>
2026-04-23 03:56:57.580392 #6 0x5590978074c2 <unknown>
2026-04-23 03:56:57.580398 #7 0x559097806e07 <unknown>
2026-04-23 03:56:57.580403 #8 0x55909785a969 <unknown>
2026-04-23 03:56:57.580408 #9 0x5590978055cf <unknown>
2026-04-23 03:56:57.580414 #10 0x559097806391 <unknown>
2026-04-23 03:56:57.580419 #11 0x559097d8304b <unknown>
2026-04-23 03:56:57.580424 #12 0x559097d8600d <unknown>
2026-04-23 03:56:57.580430 #13 0x559097d6f808 <unknown>
2026-04-23 03:56:57.580435 #14 0x559097d86ba0 <unknown>
2026-04-23 03:56:57.580441 #15 0x559097d56280 <unknown>
2026-04-23 03:56:57.580446 #16 0x559097daadb8 <unknown>
2026-04-23 03:56:57.580451 #17 0x559097daaf88 <unknown>
2026-04-23 03:56:57.580456 #18 0x559097dbc5de <unknown>
2026-04-23 03:56:57.580462 #19 0x7f2f2b09caa4 <unknown>
2026-04-23 03:56:57.580467 #20 0x7f2f2b129c6c <unknown>
2026-04-23 03:56:57.580472 ------------------------------------------------------------------------------
2026-04-23 03:56:57.580479 Suites.Cart.TC20 search and verify cart after login :: TC20 - Sear... | FAIL |
2026-04-23 03:56:57.581368 1 test, 0 passed, 1 failed
2026-04-23 03:56:57.581391 ==============================================================================
2026-04-23 03:56:57.581398 Suites.Cart                                                           | FAIL |
2026-04-23 03:56:57.581405 1 test, 0 passed, 1 failed
2026-04-23 03:56:57.581411 ==============================================================================
2026-04-23 03:56:57.581417 Suites                                                                | FAIL |
2026-04-23 03:56:57.581646 1 test, 0 passed, 1 failed
2026-04-23 03:56:57.581687 ==============================================================================
2026-04-23 03:56:57.581694 Output:  /home/runner/work/engg-robot-testing-framework/engg-robot-testing-framework/reports/pabot_results/8/output.xml
