[INFO]    Initialized logging in reports/pabot_results
[INFO]    Robot Framework remote server at 127.0.0.1:8270 started.
[DEBUG]   2026-04-30 04:11:16.432786 [PID:2389] [0] [ID:0] EXECUTING Suites.Auth.TC01 register user
[DEBUG]   2026-04-30 04:11:16.434573 [PID:2390] [1] [ID:1] EXECUTING Suites.Auth.TC02 login valid
[DEBUG]   2026-04-30 04:11:21.438921 [PID:2389] [0] [ID:0] still running Suites.Auth.TC01 register user after 5.0s
[DEBUG]   2026-04-30 04:11:21.440423 [PID:2390] [1] [ID:1] still running Suites.Auth.TC02 login valid after 5.0s
[DEBUG]   2026-04-30 04:11:31.460338 [PID:2390] [1] [ID:1] still running Suites.Auth.TC02 login valid after 15.0s
[DEBUG]   2026-04-30 04:11:31.463119 [PID:2389] [0] [ID:0] still running Suites.Auth.TC01 register user after 15.0s
[DEBUG]   2026-04-30 04:11:46.478532 [PID:2390] [1] [ID:1] still running Suites.Auth.TC02 login valid after 30.0s
[DEBUG]   2026-04-30 04:11:46.478631 [PID:2389] [0] [ID:0] still running Suites.Auth.TC01 register user after 30.0s
[INFO]    2026-04-30 04:11:51.186441 [PID:2389] [0] [ID:0] PASSED Suites.Auth.TC01 register user in 34.8 seconds
[DEBUG]   2026-04-30 04:11:51.192743 [PID:2881] [0] [ID:2] EXECUTING Suites.Auth.TC03 login invalid
[INFO]    2026-04-30 04:11:54.394057 [PID:2390] [1] [ID:1] PASSED Suites.Auth.TC02 login valid in 38.0 seconds
[DEBUG]   2026-04-30 04:11:54.400488 [PID:3098] [1] [ID:3] EXECUTING Suites.Auth.TC04 logout user
[DEBUG]   2026-04-30 04:11:56.202406 [PID:2881] [0] [ID:2] still running Suites.Auth.TC03 login invalid after 5.0s
[DEBUG]   2026-04-30 04:11:59.411391 [PID:3098] [1] [ID:3] still running Suites.Auth.TC04 logout user after 5.0s
[INFO]    2026-04-30 04:12:05.917195 [PID:2881] [0] [ID:2] PASSED Suites.Auth.TC03 login invalid in 14.7 seconds
[DEBUG]   2026-04-30 04:12:05.923290 [PID:3445] [0] [ID:4] EXECUTING Suites.Auth.TC05 register existing email
[DEBUG]   2026-04-30 04:12:09.429628 [PID:3098] [1] [ID:3] still running Suites.Auth.TC04 logout user after 15.0s
[DEBUG]   2026-04-30 04:12:10.933739 [PID:3445] [0] [ID:4] still running Suites.Auth.TC05 register existing email after 5.0s
[DEBUG]   2026-04-30 04:12:20.950462 [PID:3445] [0] [ID:4] still running Suites.Auth.TC05 register existing email after 15.0s
[DEBUG]   2026-04-30 04:12:24.446875 [PID:3098] [1] [ID:3] still running Suites.Auth.TC04 logout user after 30.0s
[DEBUG]   2026-04-30 04:12:35.963929 [PID:3445] [0] [ID:4] still running Suites.Auth.TC05 register existing email after 30.0s
[DEBUG]   2026-04-30 04:12:44.467352 [PID:3098] [1] [ID:3] still running Suites.Auth.TC04 logout user after 50.0s
[DEBUG]   2026-04-30 04:12:55.983267 [PID:3445] [0] [ID:4] still running Suites.Auth.TC05 register existing email after 50.0s
[DEBUG]   2026-04-30 04:13:09.491980 [PID:3098] [1] [ID:3] still running Suites.Auth.TC04 logout user after 75.0s
[INFO]    2026-04-30 04:13:10.696472 [PID:3098] [1] [ID:3] Execution failed in Suites.Auth.TC04 logout user with 1 failing test(s)
==============================================================================
Suites
==============================================================================
Suites.Auth
==============================================================================
Suites.Auth.TC04 logout user
==============================================================================
TC04 Logout User                                                      | FAIL |
Element 'css=li a b' did not appear in 45 seconds.
------------------------------------------------------------------------------
Suites.Auth.TC04 logout user                                          | FAIL |
1 test, 0 passed, 1 failed
==============================================================================
Suites.Auth                                                           | FAIL |
1 test, 0 passed, 1 failed
==============================================================================
Suites                                                                | FAIL |
1 test, 0 passed, 1 failed
==============================================================================
Output:  /home/runner/work/engg-robot-testing-framework/engg-robot-testing-framework/reports/pabot_results/3/output.xml
[DEBUG]   2026-04-30 04:13:10.700961 [PID:4023] [1] [ID:5] EXECUTING Suites.Cart.TC12 add products to cart
[DEBUG]   2026-04-30 04:13:15.708475 [PID:4023] [1] [ID:5] still running Suites.Cart.TC12 add products to cart after 5.0s
[DEBUG]   2026-04-30 04:13:21.012508 [PID:3445] [0] [ID:4] still running Suites.Auth.TC05 register existing email after 75.0s
[INFO]    2026-04-30 04:13:24.221267 [PID:3445] [0] [ID:4] Execution failed in Suites.Auth.TC05 register existing email with 1 failing test(s)
==============================================================================
Suites
==============================================================================
Suites.Auth
==============================================================================
Suites.Auth.TC05 register existing email
==============================================================================
TC05 Register User With Existing Email                                | FAIL |
Element 'xpath=//a[contains(text(),'Logout')]' not visible after 45 seconds.
------------------------------------------------------------------------------
Suites.Auth.TC05 register existing email                              | FAIL |
1 test, 0 passed, 1 failed
==============================================================================
Suites.Auth                                                           | FAIL |
1 test, 0 passed, 1 failed
==============================================================================
Suites                                                                | FAIL |
1 test, 0 passed, 1 failed
==============================================================================
Output:  /home/runner/work/engg-robot-testing-framework/engg-robot-testing-framework/reports/pabot_results/4/output.xml
[DEBUG]   2026-04-30 04:13:24.225481 [PID:4258] [0] [ID:6] EXECUTING Suites.Cart.TC13 verify product quantity
[DEBUG]   2026-04-30 04:13:25.722536 [PID:4023] [1] [ID:5] still running Suites.Cart.TC12 add products to cart after 15.0s
[INFO]    2026-04-30 04:13:28.732680 [PID:4023] [1] [ID:5] PASSED Suites.Cart.TC12 add products to cart in 18.0 seconds
[DEBUG]   2026-04-30 04:13:28.738016 [PID:4437] [1] [ID:7] EXECUTING Suites.Cart.TC17 remove products from cart
[DEBUG]   2026-04-30 04:13:29.233728 [PID:4258] [0] [ID:6] still running Suites.Cart.TC13 verify product quantity after 5.0s
[DEBUG]   2026-04-30 04:13:33.747691 [PID:4437] [1] [ID:7] still running Suites.Cart.TC17 remove products from cart after 5.0s
[INFO]    2026-04-30 04:13:38.049353 [PID:4258] [0] [ID:6] PASSED Suites.Cart.TC13 verify product quantity in 13.8 seconds
[DEBUG]   2026-04-30 04:13:38.055263 [PID:4639] [0] [ID:8] EXECUTING Suites.Cart.TC20 search and verify cart after login
[DEBUG]   2026-04-30 04:13:43.060770 [PID:4639] [0] [ID:8] still running Suites.Cart.TC20 search and verify cart after login after 5.0s
[DEBUG]   2026-04-30 04:13:43.761464 [PID:4437] [1] [ID:7] still running Suites.Cart.TC17 remove products from cart after 15.0s
[INFO]    2026-04-30 04:13:46.569499 [PID:4437] [1] [ID:7] PASSED Suites.Cart.TC17 remove products from cart in 17.8 seconds
[DEBUG]   2026-04-30 04:13:46.574446 [PID:4914] [1] [ID:9] EXECUTING Suites.Cart.TC22 add from recommended items
[DEBUG]   2026-04-30 04:13:51.580124 [PID:4914] [1] [ID:9] still running Suites.Cart.TC22 add from recommended items after 5.0s
[DEBUG]   2026-04-30 04:13:53.073047 [PID:4639] [0] [ID:8] still running Suites.Cart.TC20 search and verify cart after login after 15.0s
[DEBUG]   2026-04-30 04:14:01.592439 [PID:4914] [1] [ID:9] still running Suites.Cart.TC22 add from recommended items after 15.0s
[INFO]    2026-04-30 04:14:02.787860 [PID:4639] [0] [ID:8] Execution failed in Suites.Cart.TC20 search and verify cart after login with 1 failing test(s)
==============================================================================
Suites
==============================================================================
Suites.Cart
==============================================================================
Suites.Cart.TC20 search and verify cart after login :: TC20 - Search Produc...
==============================================================================
TC20 Search Products And Verify Cart After Login                      | FAIL |
ElementClickInterceptedException: Message: element click intercepted: Element <a href="/products">...</a> is not clickable at point (926, 40). Other element would receive the click: <iframe id="aswift_1" name="aswift_1" style="min-height: auto !important; max-height: none !important; min-width: auto !important; max-width: none !important; width: 100vw !important; height: 100vh !important; inset: 0px auto auto 0px !important; position: absolute !important; clear: none !important; display: inline !important; float: none !important; margin: 0px !important; opacity: 1 !important; overflow: visible !important; padding: 0px !important; vertical-align: baseline !important; visibility: visible !important; z-index: auto !important;" sandbox="allow-forms allow-popups allow-popups-to-escape-sandbox allow-same-origin allow-scripts allow-top-navigation-by-user-activation" width="" height="" frameborder="0" marginwidth="0" marginheight="0" vspace="0" hspace="0" allowtransparency="true" scrolling="no" allow="attribution-reporting; run-ad-auction" src="https://googleads.g.doubleclick.net/pagead/html/r20260428/r20190131/zrt_lookup.html#RS-0-&amp;adk=1812271808&amp;client=ca-pub-1677597403311019&amp;fa=8&amp;ifi=2&amp;uci=a!2" data-google-container-id="a!2" tabindex="0" title="Advertisement" aria-label="Advertisement" data-google-query-id="CPe494XblJQDFVEORAgdSogV4Q" data-load-complete="true"></iframe>
  (Session info: chrome=147.0.7727.55)
    [ Message content over the limit has been removed. ]
#1 0x55bf222d2265 <unknown>
#2 0x55bf2232c22b <unknown>
#3 0x55bf22329e62 <unknown>
#4 0x55bf223273a9 <unknown>
#5 0x55bf223264a7 <unknown>
#6 0x55bf2231a4c2 <unknown>
#7 0x55bf22319e07 <unknown>
#8 0x55bf2236d969 <unknown>
#9 0x55bf223185cf <unknown>
#10 0x55bf22319391 <unknown>
#11 0x55bf2289604b <unknown>
#12 0x55bf2289900d <unknown>
#13 0x55bf22882808 <unknown>
#14 0x55bf22899ba0 <unknown>
#15 0x55bf22869280 <unknown>
#16 0x55bf228bddb8 <unknown>
#17 0x55bf228bdf88 <unknown>
#18 0x55bf228cf5de <unknown>
#19 0x7fab4149caa4 <unknown>
#20 0x7fab41529c6c <unknown>
------------------------------------------------------------------------------
Suites.Cart.TC20 search and verify cart after login :: TC20 - Sear... | FAIL |
1 test, 0 passed, 1 failed
==============================================================================
Suites.Cart                                                           | FAIL |
1 test, 0 passed, 1 failed
==============================================================================
Suites                                                                | FAIL |
1 test, 0 passed, 1 failed
==============================================================================
Output:  /home/runner/work/engg-robot-testing-framework/engg-robot-testing-framework/reports/pabot_results/8/output.xml
[INFO]    2026-04-30 04:14:03.797293 [PID:4914] [1] [ID:9] PASSED Suites.Cart.TC22 add from recommended items in 17.2 seconds
[INFO]    10 tests, 7 passed, 3 failed, 0 skipped.
[INFO]    ===================================================
[INFO]    Output:  /home/runner/work/engg-robot-testing-framework/engg-robot-testing-framework/reports/output.xml
[INFO]    Log:     /home/runner/work/engg-robot-testing-framework/engg-robot-testing-framework/reports/log.html
[INFO]    Report:  /home/runner/work/engg-robot-testing-framework/engg-robot-testing-framework/reports/report.html
[DEBUG]   Finalizing Pabot execution...
[DEBUG]   Stopping PabotLib process
[INFO]    Robot Framework remote server at 127.0.0.1:8270 stopped.
[DEBUG]   PabotLib process stopped
[INFO]    Total testing: 5 minutes 33.60 seconds
[INFO]    Elapsed time:  2 minutes 47.99 seconds
[DEBUG]   Logs flushed successfully.
