2026-05-01 04:36:10.184415 ==============================================================================
2026-05-01 04:36:10.217485 Suites
2026-05-01 04:36:10.217500 ==============================================================================
2026-05-01 04:36:10.217512 Suites.Auth
2026-05-01 04:36:10.218054 ==============================================================================
2026-05-01 04:36:10.368349 Suites.Auth.TC02 login valid
2026-05-01 04:36:10.377569 ==============================================================================
2026-05-01 04:37:44.046087 [ WARN ] Native click failed on Delete Account; trying JS click fallback.
2026-05-01 04:37:44.547099 TC02 Login User With Correct Email And Password                       | FAIL |
2026-05-01 04:37:44.571095 Text 'Account Deleted' did not appear in 1 minute.
2026-05-01 04:37:44.571107 ------------------------------------------------------------------------------
2026-05-01 04:37:44.571115 Suites.Auth.TC02 login valid                                          | FAIL |
2026-05-01 04:37:44.571591 1 test, 0 passed, 1 failed
2026-05-01 04:37:44.571620 ==============================================================================
2026-05-01 04:37:44.571627 Suites.Auth                                                           | FAIL |
2026-05-01 04:37:44.571872 1 test, 0 passed, 1 failed
2026-05-01 04:37:44.571904 ==============================================================================
2026-05-01 04:37:44.571911 Suites                                                                | FAIL |
2026-05-01 04:37:44.572104 1 test, 0 passed, 1 failed
2026-05-01 04:37:44.572131 ==============================================================================
2026-05-01 04:37:44.572236 Output:  /home/runner/work/engg-robot-testing-framework/engg-robot-testing-framework/reports/pabot_results/1/output.xml
