2026-04-19 03:58:01.448464 ==============================================================================
2026-04-19 03:58:01.452857 Suites
2026-04-19 03:58:01.452867 ==============================================================================
2026-04-19 03:58:01.452873 Suites.Cart
2026-04-19 03:58:01.453585 ==============================================================================
2026-04-19 03:58:01.553775 Suites.Cart.TC20 search and verify cart after login :: TC20 - Search Produc...
2026-04-19 03:58:01.576853 ==============================================================================
2026-04-19 03:58:28.355176 [ WARN ] Native click failed on Delete Account; trying JS click fallback.
2026-04-19 03:58:28.907799 TC20 Search Products And Verify Cart After Login                      | FAIL |
2026-04-19 03:58:28.948935 Element with locator 'id=search_product' not found.
2026-04-19 03:58:28.948948 ------------------------------------------------------------------------------
2026-04-19 03:58:28.948955 Suites.Cart.TC20 search and verify cart after login :: TC20 - Sear... | FAIL |
2026-04-19 03:58:28.949553 1 test, 0 passed, 1 failed
2026-04-19 03:58:28.949584 ==============================================================================
2026-04-19 03:58:28.949590 Suites.Cart                                                           | FAIL |
2026-04-19 03:58:28.949898 1 test, 0 passed, 1 failed
2026-04-19 03:58:28.949936 ==============================================================================
2026-04-19 03:58:28.949942 Suites                                                                | FAIL |
2026-04-19 03:58:28.950187 1 test, 0 passed, 1 failed
2026-04-19 03:58:28.950226 ==============================================================================
2026-04-19 03:58:28.950232 Output:  /home/runner/work/engg-robot-testing-framework/engg-robot-testing-framework/reports/pabot_results/8/output.xml
