==============================================================================
Suites
==============================================================================
Suites.Auth
==============================================================================
Suites.Auth.TC03 login invalid
==============================================================================
TC03 Login User With Incorrect Email And Password                     | FAIL |
ReadTimeoutError: HTTPConnectionPool(host='localhost', port=43381): Read timed out. (read timeout=120)
------------------------------------------------------------------------------
Suites.Auth.TC03 login invalid                                        | FAIL |
1 test, 0 passed, 1 failed
==============================================================================
Suites.Auth                                                           | FAIL |
1 test, 0 passed, 1 failed
==============================================================================
Suites                                                                | FAIL |
1 test, 0 passed, 1 failed
==============================================================================
Output:  /home/surendra.cv/projects/practice/robot-framework/reports/pabot_results/2/output.xml
