[INFO]    Initialized logging in reports/pabot_results
[INFO]    Robot Framework remote server at 127.0.0.1:8270 started.
[DEBUG]   2026-04-23 03:54:24.013605 [PID:2378] [1] [ID:1] EXECUTING Suites.Auth.TC02 login valid
[DEBUG]   2026-04-23 03:54:24.014864 [PID:2379] [0] [ID:0] EXECUTING Suites.Auth.TC01 register user
[DEBUG]   2026-04-23 03:54:29.020973 [PID:2379] [0] [ID:0] still running Suites.Auth.TC01 register user after 5.0s
[DEBUG]   2026-04-23 03:54:29.021098 [PID:2378] [1] [ID:1] still running Suites.Auth.TC02 login valid after 5.0s
[DEBUG]   2026-04-23 03:54:39.033976 [PID:2378] [1] [ID:1] still running Suites.Auth.TC02 login valid after 15.0s
[DEBUG]   2026-04-23 03:54:39.034066 [PID:2379] [0] [ID:0] still running Suites.Auth.TC01 register user after 15.0s
[DEBUG]   2026-04-23 03:54:54.057623 [PID:2378] [1] [ID:1] still running Suites.Auth.TC02 login valid after 30.0s
[DEBUG]   2026-04-23 03:54:54.061122 [PID:2379] [0] [ID:0] still running Suites.Auth.TC01 register user after 30.0s
[INFO]    2026-04-23 03:55:09.879286 [PID:2379] [0] [ID:0] PASSED Suites.Auth.TC01 register user in 45.9 seconds
[DEBUG]   2026-04-23 03:55:09.882780 [PID:2896] [0] [ID:2] EXECUTING Suites.Auth.TC03 login invalid
[DEBUG]   2026-04-23 03:55:14.084426 [PID:2378] [1] [ID:1] still running Suites.Auth.TC02 login valid after 50.0s
[INFO]    2026-04-23 03:55:14.388195 [PID:2378] [1] [ID:1] PASSED Suites.Auth.TC02 login valid in 50.4 seconds
[DEBUG]   2026-04-23 03:55:14.392310 [PID:3087] [1] [ID:3] EXECUTING Suites.Auth.TC04 logout user
[DEBUG]   2026-04-23 03:55:14.892855 [PID:2896] [0] [ID:2] still running Suites.Auth.TC03 login invalid after 5.0s
[DEBUG]   2026-04-23 03:55:19.402726 [PID:3087] [1] [ID:3] still running Suites.Auth.TC04 logout user after 5.0s
[DEBUG]   2026-04-23 03:55:24.906908 [PID:2896] [0] [ID:2] still running Suites.Auth.TC03 login invalid after 15.0s
[INFO]    2026-04-23 03:55:26.011482 [PID:2896] [0] [ID:2] PASSED Suites.Auth.TC03 login invalid in 16.1 seconds
[DEBUG]   2026-04-23 03:55:26.016094 [PID:3338] [0] [ID:4] EXECUTING Suites.Auth.TC05 register existing email
[DEBUG]   2026-04-23 03:55:29.417885 [PID:3087] [1] [ID:3] still running Suites.Auth.TC04 logout user after 15.0s
[DEBUG]   2026-04-23 03:55:31.021461 [PID:3338] [0] [ID:4] still running Suites.Auth.TC05 register existing email after 5.0s
[DEBUG]   2026-04-23 03:55:41.030034 [PID:3338] [0] [ID:4] still running Suites.Auth.TC05 register existing email after 15.0s
[DEBUG]   2026-04-23 03:55:44.433089 [PID:3087] [1] [ID:3] still running Suites.Auth.TC04 logout user after 30.0s
[DEBUG]   2026-04-23 03:55:56.046074 [PID:3338] [0] [ID:4] still running Suites.Auth.TC05 register existing email after 30.0s
[INFO]    2026-04-23 03:56:01.655164 [PID:3338] [0] [ID:4] PASSED Suites.Auth.TC05 register existing email in 35.6 seconds
[DEBUG]   2026-04-23 03:56:01.659140 [PID:3663] [1] [ID:5] EXECUTING Suites.Cart.TC12 add products to cart
[DEBUG]   2026-04-23 03:56:04.456413 [PID:3087] [1] [ID:3] still running Suites.Auth.TC04 logout user after 50.0s
[DEBUG]   2026-04-23 03:56:06.665816 [PID:3663] [1] [ID:5] still running Suites.Cart.TC12 add products to cart after 5.0s
[DEBUG]   2026-04-23 03:56:16.676491 [PID:3663] [1] [ID:5] still running Suites.Cart.TC12 add products to cart after 15.0s
[INFO]    2026-04-23 03:56:18.881168 [PID:3663] [1] [ID:5] PASSED Suites.Cart.TC12 add products to cart in 17.2 seconds
[DEBUG]   2026-04-23 03:56:18.885184 [PID:4031] [0] [ID:6] EXECUTING Suites.Cart.TC13 verify product quantity
[DEBUG]   2026-04-23 03:56:23.893516 [PID:4031] [0] [ID:6] still running Suites.Cart.TC13 verify product quantity after 5.0s
[DEBUG]   2026-04-23 03:56:29.486238 [PID:3087] [1] [ID:3] still running Suites.Auth.TC04 logout user after 75.0s
[INFO]    2026-04-23 03:56:29.790239 [PID:3087] [1] [ID:3] Execution failed in Suites.Auth.TC04 logout user with 1 failing test(s)
==============================================================================
Suites
==============================================================================
Suites.Auth
==============================================================================
Suites.Auth.TC04 logout user
==============================================================================
TC04 Logout User                                                      | FAIL |
Element 'css=li a b' did not appear in 45 seconds.
------------------------------------------------------------------------------
Suites.Auth.TC04 logout user                                          | FAIL |
1 test, 0 passed, 1 failed
==============================================================================
Suites.Auth                                                           | FAIL |
1 test, 0 passed, 1 failed
==============================================================================
Suites                                                                | FAIL |
1 test, 0 passed, 1 failed
==============================================================================
Output:  /home/runner/work/engg-robot-testing-framework/engg-robot-testing-framework/reports/pabot_results/3/output.xml
[DEBUG]   2026-04-23 03:56:29.794390 [PID:4269] [1] [ID:7] EXECUTING Suites.Cart.TC17 remove products from cart
[INFO]    2026-04-23 03:56:32.311119 [PID:4031] [0] [ID:6] PASSED Suites.Cart.TC13 verify product quantity in 13.4 seconds
[DEBUG]   2026-04-23 03:56:32.315665 [PID:4498] [0] [ID:8] EXECUTING Suites.Cart.TC20 search and verify cart after login
[DEBUG]   2026-04-23 03:56:34.806809 [PID:4269] [1] [ID:7] still running Suites.Cart.TC17 remove products from cart after 5.0s
[DEBUG]   2026-04-23 03:56:37.323449 [PID:4498] [0] [ID:8] still running Suites.Cart.TC20 search and verify cart after login after 5.0s
[DEBUG]   2026-04-23 03:56:44.820265 [PID:4269] [1] [ID:7] still running Suites.Cart.TC17 remove products from cart after 15.0s
[DEBUG]   2026-04-23 03:56:47.332937 [PID:4498] [0] [ID:8] still running Suites.Cart.TC20 search and verify cart after login after 15.0s
[INFO]    2026-04-23 03:56:47.926104 [PID:4269] [1] [ID:7] PASSED Suites.Cart.TC17 remove products from cart in 18.1 seconds
[DEBUG]   2026-04-23 03:56:47.930215 [PID:4826] [1] [ID:9] EXECUTING Suites.Cart.TC22 add from recommended items
[DEBUG]   2026-04-23 03:56:52.935870 [PID:4826] [1] [ID:9] still running Suites.Cart.TC22 add from recommended items after 5.0s
[INFO]    2026-04-23 03:56:57.747437 [PID:4498] [0] [ID:8] Execution failed in Suites.Cart.TC20 search and verify cart after login with 1 failing test(s)
==============================================================================
Suites
==============================================================================
Suites.Cart
==============================================================================
Suites.Cart.TC20 search and verify cart after login :: TC20 - Search Produc...
==============================================================================
TC20 Search Products And Verify Cart After Login                      | FAIL |
ElementClickInterceptedException: Message: element click intercepted: Element <a href="/products">...</a> is not clickable at point (926, 40). Other element would receive the click: <iframe id="aswift_1" name="aswift_1" style="min-height: auto !important; max-height: none !important; min-width: auto !important; max-width: none !important; width: 100vw !important; height: 100vh !important; inset: 0px auto auto 0px !important; position: absolute !important; clear: none !important; display: inline !important; float: none !important; margin: 0px !important; opacity: 1 !important; overflow: visible !important; padding: 0px !important; vertical-align: baseline !important; visibility: visible !important; z-index: auto !important;" sandbox="allow-forms allow-popups allow-popups-to-escape-sandbox allow-same-origin allow-scripts allow-top-navigation-by-user-activation" width="" height="" frameborder="0" marginwidth="0" marginheight="0" vspace="0" hspace="0" allowtransparency="true" scrolling="no" allow="attribution-reporting; run-ad-auction" src="https://googleads.g.doubleclick.net/pagead/html/r20260422/r20190131/zrt_lookup.html#RS-0-&amp;adk=1812271808&amp;client=ca-pub-1677597403311019&amp;fa=8&amp;ifi=2&amp;uci=a!2" data-google-container-id="a!2" tabindex="0" title="Advertisement" aria-label="Advertisement" data-google-query-id="CMOigZaKg5QDFfxaCAQdFlYLfA" data-load-complete="true"></iframe>
  (Session info: chrome=147.0.7727.55)
    [ Message content over the limit has been removed. ]
#1 0x5590977bf265 <unknown>
#2 0x55909781922b <unknown>
#3 0x559097816e62 <unknown>
#4 0x5590978143a9 <unknown>
#5 0x5590978134a7 <unknown>
#6 0x5590978074c2 <unknown>
#7 0x559097806e07 <unknown>
#8 0x55909785a969 <unknown>
#9 0x5590978055cf <unknown>
#10 0x559097806391 <unknown>
#11 0x559097d8304b <unknown>
#12 0x559097d8600d <unknown>
#13 0x559097d6f808 <unknown>
#14 0x559097d86ba0 <unknown>
#15 0x559097d56280 <unknown>
#16 0x559097daadb8 <unknown>
#17 0x559097daaf88 <unknown>
#18 0x559097dbc5de <unknown>
#19 0x7f2f2b09caa4 <unknown>
#20 0x7f2f2b129c6c <unknown>
------------------------------------------------------------------------------
Suites.Cart.TC20 search and verify cart after login :: TC20 - Sear... | FAIL |
1 test, 0 passed, 1 failed
==============================================================================
Suites.Cart                                                           | FAIL |
1 test, 0 passed, 1 failed
==============================================================================
Suites                                                                | FAIL |
1 test, 0 passed, 1 failed
==============================================================================
Output:  /home/runner/work/engg-robot-testing-framework/engg-robot-testing-framework/reports/pabot_results/8/output.xml
[DEBUG]   2026-04-23 03:57:02.949701 [PID:4826] [1] [ID:9] still running Suites.Cart.TC22 add from recommended items after 15.0s
[INFO]    2026-04-23 03:57:03.952701 [PID:4826] [1] [ID:9] PASSED Suites.Cart.TC22 add from recommended items in 16.0 seconds
[INFO]    10 tests, 8 passed, 2 failed, 0 skipped.
[INFO]    ===================================================
[INFO]    Output:  /home/runner/work/engg-robot-testing-framework/engg-robot-testing-framework/reports/output.xml
[INFO]    Log:     /home/runner/work/engg-robot-testing-framework/engg-robot-testing-framework/reports/log.html
[INFO]    Report:  /home/runner/work/engg-robot-testing-framework/engg-robot-testing-framework/reports/report.html
[DEBUG]   Finalizing Pabot execution...
[DEBUG]   Stopping PabotLib process
[INFO]    Robot Framework remote server at 127.0.0.1:8270 stopped.
[DEBUG]   PabotLib process stopped
[INFO]    Total testing: 5 minutes 13.50 seconds
[INFO]    Elapsed time:  2 minutes 40.57 seconds
[DEBUG]   Logs flushed successfully.
