2026-04-30 04:13:38.206564 ==============================================================================
2026-04-30 04:13:38.227140 Suites
2026-04-30 04:13:38.227161 ==============================================================================
2026-04-30 04:13:38.227179 Suites.Cart
2026-04-30 04:13:38.227983 ==============================================================================
2026-04-30 04:13:38.328308 Suites.Cart.TC20 search and verify cart after login :: TC20 - Search Produc...
2026-04-30 04:13:38.375926 ==============================================================================
2026-04-30 04:14:02.560955 TC20 Search Products And Verify Cart After Login                      | FAIL |
2026-04-30 04:14:02.581997 ElementClickInterceptedException: Message: element click intercepted: Element <a href="/products">...</a> is not clickable at point (926, 40). Other element would receive the click: <iframe id="aswift_1" name="aswift_1" style="min-height: auto !important; max-height: none !important; min-width: auto !important; max-width: none !important; width: 100vw !important; height: 100vh !important; inset: 0px auto auto 0px !important; position: absolute !important; clear: none !important; display: inline !important; float: none !important; margin: 0px !important; opacity: 1 !important; overflow: visible !important; padding: 0px !important; vertical-align: baseline !important; visibility: visible !important; z-index: auto !important;" sandbox="allow-forms allow-popups allow-popups-to-escape-sandbox allow-same-origin allow-scripts allow-top-navigation-by-user-activation" width="" height="" frameborder="0" marginwidth="0" marginheight="0" vspace="0" hspace="0" allowtransparency="true" scrolling="no" allow="attribution-reporting; run-ad-auction" src="https://googleads.g.doubleclick.net/pagead/html/r20260428/r20190131/zrt_lookup.html#RS-0-&amp;adk=1812271808&amp;client=ca-pub-1677597403311019&amp;fa=8&amp;ifi=2&amp;uci=a!2" data-google-container-id="a!2" tabindex="0" title="Advertisement" aria-label="Advertisement" data-google-query-id="CPe494XblJQDFVEORAgdSogV4Q" data-load-complete="true"></iframe>
2026-04-30 04:14:02.582030   (Session info: chrome=147.0.7727.55)
2026-04-30 04:14:02.582047     [ Message content over the limit has been removed. ]
2026-04-30 04:14:02.582062 #1 0x55bf222d2265 <unknown>
2026-04-30 04:14:02.582075 #2 0x55bf2232c22b <unknown>
2026-04-30 04:14:02.582087 #3 0x55bf22329e62 <unknown>
2026-04-30 04:14:02.582099 #4 0x55bf223273a9 <unknown>
2026-04-30 04:14:02.582111 #5 0x55bf223264a7 <unknown>
2026-04-30 04:14:02.582121 #6 0x55bf2231a4c2 <unknown>
2026-04-30 04:14:02.582132 #7 0x55bf22319e07 <unknown>
2026-04-30 04:14:02.582144 #8 0x55bf2236d969 <unknown>
2026-04-30 04:14:02.582155 #9 0x55bf223185cf <unknown>
2026-04-30 04:14:02.582167 #10 0x55bf22319391 <unknown>
2026-04-30 04:14:02.582178 #11 0x55bf2289604b <unknown>
2026-04-30 04:14:02.582190 #12 0x55bf2289900d <unknown>
2026-04-30 04:14:02.582202 #13 0x55bf22882808 <unknown>
2026-04-30 04:14:02.582213 #14 0x55bf22899ba0 <unknown>
2026-04-30 04:14:02.582226 #15 0x55bf22869280 <unknown>
2026-04-30 04:14:02.582239 #16 0x55bf228bddb8 <unknown>
2026-04-30 04:14:02.582250 #17 0x55bf228bdf88 <unknown>
2026-04-30 04:14:02.582262 #18 0x55bf228cf5de <unknown>
2026-04-30 04:14:02.582273 #19 0x7fab4149caa4 <unknown>
2026-04-30 04:14:02.582286 #20 0x7fab41529c6c <unknown>
2026-04-30 04:14:02.582299 ------------------------------------------------------------------------------
2026-04-30 04:14:02.582311 Suites.Cart.TC20 search and verify cart after login :: TC20 - Sear... | FAIL |
2026-04-30 04:14:02.582838 1 test, 0 passed, 1 failed
2026-04-30 04:14:02.582922 ==============================================================================
2026-04-30 04:14:02.582944 Suites.Cart                                                           | FAIL |
2026-04-30 04:14:02.583314 1 test, 0 passed, 1 failed
2026-04-30 04:14:02.583376 ==============================================================================
2026-04-30 04:14:02.583392 Suites                                                                | FAIL |
2026-04-30 04:14:02.583695 1 test, 0 passed, 1 failed
2026-04-30 04:14:02.583756 ==============================================================================
2026-04-30 04:14:02.583774 Output:  /home/runner/work/engg-robot-testing-framework/engg-robot-testing-framework/reports/pabot_results/8/output.xml
