2026-04-19 03:55:02.328209 ==============================================================================
2026-04-19 03:55:02.377016 Suites
2026-04-19 03:55:02.377040 ==============================================================================
2026-04-19 03:55:02.377056 Suites.Auth
2026-04-19 03:55:02.377811 ==============================================================================
2026-04-19 03:55:02.478058 Suites.Auth.TC02 login valid
2026-04-19 03:55:02.504355 ==============================================================================
2026-04-19 03:56:34.465607 TC02 Login User With Correct Email And Password                       | FAIL |
2026-04-19 03:56:34.511858 Element 'xpath=//a[contains(text(),'Logout')]' not visible after 45 seconds.
2026-04-19 03:56:34.511878 ------------------------------------------------------------------------------
2026-04-19 03:56:34.511890 Suites.Auth.TC02 login valid                                          | FAIL |
2026-04-19 03:56:34.512475 1 test, 0 passed, 1 failed
2026-04-19 03:56:34.512494 ==============================================================================
2026-04-19 03:56:34.512505 Suites.Auth                                                           | FAIL |
2026-04-19 03:56:34.512826 1 test, 0 passed, 1 failed
2026-04-19 03:56:34.512843 ==============================================================================
2026-04-19 03:56:34.512855 Suites                                                                | FAIL |
2026-04-19 03:56:34.513110 1 test, 0 passed, 1 failed
2026-04-19 03:56:34.513162 ==============================================================================
2026-04-19 03:56:34.513174 Output:  /home/runner/work/engg-robot-testing-framework/engg-robot-testing-framework/reports/pabot_results/1/output.xml
