2026-04-14 16:35:54.872771 ==============================================================================
2026-04-14 16:35:54.922385 Suites
2026-04-14 16:35:54.922420 ==============================================================================
2026-04-14 16:35:54.922436 Suites.Cart
2026-04-14 16:35:54.924321 ==============================================================================
2026-04-14 16:35:55.125430 Suites.Cart.TC20 search and verify cart after login :: TC20 - Search Produc...
2026-04-14 16:35:55.160652 ==============================================================================
2026-04-14 16:36:49.721441 TC20 Search Products And Verify Cart After Login                      | FAIL |
2026-04-14 16:36:49.738889 Setup failed:
2026-04-14 16:36:49.738923 WebDriverException: Message: unknown error: net::ERR_NAME_NOT_RESOLVED
2026-04-14 16:36:49.738939   (Session info: chrome=145.0.7632.116)
2026-04-14 16:36:49.738951 Stacktrace:
2026-04-14 16:36:49.738962 #0 0x55a2944adb6a <unknown>
2026-04-14 16:36:49.738973 #1 0x55a293ec0a32 <unknown>
2026-04-14 16:36:49.738984 #2 0x55a293eb77ba <unknown>
2026-04-14 16:36:49.738995 #3 0x55a293ea8481 <unknown>
2026-04-14 16:36:49.739006 #4 0x55a293eaa27c <unknown>
2026-04-14 16:36:49.739017 #5 0x55a293ea8979 <unknown>
2026-04-14 16:36:49.739028 #6 0x55a293ea8065 <unknown>
2026-04-14 16:36:49.739039 #7 0x55a293ea7c16 <unknown>
2026-04-14 16:36:49.739050 #8 0x55a293ea5731 <unknown>
2026-04-14 16:36:49.739061 #9 0x55a293ea5f80 <unknown>
2026-04-14 16:36:49.739072 #10 0x55a293ec441d <unknown>
2026-04-14 16:36:49.739083 #11 0x55a293f5efeb <unknown>
2026-04-14 16:36:49.739093 #12 0x55a293f5e369 <unknown>
2026-04-14 16:36:49.739105 #13 0x55a293f07c0f <unknown>
2026-04-14 16:36:49.739115 #14 0x55a293f089d1 <unknown>
2026-04-14 16:36:49.739126 #15 0x55a2944726b9 <unknown>
2026-04-14 16:36:49.739137 #16 0x55a2944755c1 <unknown>
2026-04-14 16:36:49.739147 #17 0x55a29445ee29 <unknown>
2026-04-14 16:36:49.739159 #18 0x55a29447617e <unknown>
2026-04-14 16:36:49.739169 #19 0x55a2944454b0 <unknown>
2026-04-14 16:36:49.739180 #20 0x55a29449a578 <unknown>
2026-04-14 16:36:49.739191 #21 0x55a29449a74b <unknown>
2026-04-14 16:36:49.739201 #22 0x55a2944ac1a3 <unknown>
2026-04-14 16:36:49.739212 #23 0x7eff0104daa4 <unknown>
2026-04-14 16:36:49.739222 #24 0x7eff010dac6c <unknown>
2026-04-14 16:36:49.739233 ------------------------------------------------------------------------------
2026-04-14 16:36:49.739244 Suites.Cart.TC20 search and verify cart after login :: TC20 - Sear... | FAIL |
2026-04-14 16:36:49.740479 1 test, 0 passed, 1 failed
2026-04-14 16:36:49.740527 ==============================================================================
2026-04-14 16:36:49.740542 Suites.Cart                                                           | FAIL |
2026-04-14 16:36:49.741536 1 test, 0 passed, 1 failed
2026-04-14 16:36:49.741567 ==============================================================================
2026-04-14 16:36:49.741582 Suites                                                                | FAIL |
2026-04-14 16:36:49.742370 1 test, 0 passed, 1 failed
2026-04-14 16:36:49.742398 ==============================================================================
2026-04-14 16:36:49.742411 Output:  /home/surendra.cv/projects/practice/robot-framework/reports/pabot_results/8/output.xml
