[INFO]    Initialized logging in reports/pabot_results
[INFO]    Robot Framework remote server at 127.0.0.1:8270 started.
[DEBUG]   2026-04-18 03:36:30.007886 [PID:2377] [1] [ID:1] EXECUTING Suites.Auth.TC02 login valid
[DEBUG]   2026-04-18 03:36:30.009700 [PID:2378] [0] [ID:0] EXECUTING Suites.Auth.TC01 register user
[DEBUG]   2026-04-18 03:36:35.015071 [PID:2377] [1] [ID:1] still running Suites.Auth.TC02 login valid after 5.0s
[DEBUG]   2026-04-18 03:36:35.016205 [PID:2378] [0] [ID:0] still running Suites.Auth.TC01 register user after 5.0s
[DEBUG]   2026-04-18 03:36:45.031887 [PID:2378] [0] [ID:0] still running Suites.Auth.TC01 register user after 15.0s
[DEBUG]   2026-04-18 03:36:45.033228 [PID:2377] [1] [ID:1] still running Suites.Auth.TC02 login valid after 15.0s
[DEBUG]   2026-04-18 03:37:00.055734 [PID:2377] [1] [ID:1] still running Suites.Auth.TC02 login valid after 30.0s
[DEBUG]   2026-04-18 03:37:00.056258 [PID:2378] [0] [ID:0] still running Suites.Auth.TC01 register user after 30.0s
[INFO]    2026-04-18 03:37:07.266922 [PID:2378] [0] [ID:0] PASSED Suites.Auth.TC01 register user in 37.3 seconds
[DEBUG]   2026-04-18 03:37:07.273022 [PID:2931] [0] [ID:2] EXECUTING Suites.Auth.TC03 login invalid
[DEBUG]   2026-04-18 03:37:12.280922 [PID:2931] [0] [ID:2] still running Suites.Auth.TC03 login invalid after 5.0s
[DEBUG]   2026-04-18 03:37:20.076547 [PID:2377] [1] [ID:1] still running Suites.Auth.TC02 login valid after 50.0s
[DEBUG]   2026-04-18 03:37:22.291888 [PID:2931] [0] [ID:2] still running Suites.Auth.TC03 login invalid after 15.0s
[INFO]    2026-04-18 03:37:23.195824 [PID:2931] [0] [ID:2] PASSED Suites.Auth.TC03 login invalid in 15.9 seconds
[DEBUG]   2026-04-18 03:37:23.201080 [PID:3177] [1] [ID:3] EXECUTING Suites.Auth.TC04 logout user
[DEBUG]   2026-04-18 03:37:28.208109 [PID:3177] [1] [ID:3] still running Suites.Auth.TC04 logout user after 5.0s
[DEBUG]   2026-04-18 03:37:38.219529 [PID:3177] [1] [ID:3] still running Suites.Auth.TC04 logout user after 15.0s
[DEBUG]   2026-04-18 03:37:45.111591 [PID:2377] [1] [ID:1] still running Suites.Auth.TC02 login valid after 75.0s
[DEBUG]   2026-04-18 03:37:53.237045 [PID:3177] [1] [ID:3] still running Suites.Auth.TC04 logout user after 30.0s
[INFO]    2026-04-18 03:37:55.124791 [PID:2377] [1] [ID:1] Execution failed in Suites.Auth.TC02 login valid with 1 failing test(s)
==============================================================================
Suites
==============================================================================
Suites.Auth
==============================================================================
Suites.Auth.TC02 login valid
==============================================================================
TC02 Login User With Correct Email And Password                       | FAIL |
Element 'xpath=//a[contains(text(),'Logout')]' not visible after 45 seconds.
------------------------------------------------------------------------------
Suites.Auth.TC02 login valid                                          | FAIL |
1 test, 0 passed, 1 failed
==============================================================================
Suites.Auth                                                           | FAIL |
1 test, 0 passed, 1 failed
==============================================================================
Suites                                                                | FAIL |
1 test, 0 passed, 1 failed
==============================================================================
Output:  /home/runner/work/engg-robot-testing-framework/engg-robot-testing-framework/reports/pabot_results/1/output.xml
[DEBUG]   2026-04-18 03:37:55.130064 [PID:3609] [0] [ID:4] EXECUTING Suites.Auth.TC05 register existing email
[INFO]    2026-04-18 03:37:56.848513 [PID:3177] [1] [ID:3] PASSED Suites.Auth.TC04 logout user in 33.6 seconds
[DEBUG]   2026-04-18 03:37:56.854265 [PID:3751] [1] [ID:5] EXECUTING Suites.Cart.TC12 add products to cart
[DEBUG]   2026-04-18 03:38:00.140947 [PID:3609] [0] [ID:4] still running Suites.Auth.TC05 register existing email after 5.0s
[DEBUG]   2026-04-18 03:38:01.865272 [PID:3751] [1] [ID:5] still running Suites.Cart.TC12 add products to cart after 5.0s
[DEBUG]   2026-04-18 03:38:10.157561 [PID:3609] [0] [ID:4] still running Suites.Auth.TC05 register existing email after 15.0s
[DEBUG]   2026-04-18 03:38:11.880646 [PID:3751] [1] [ID:5] still running Suites.Cart.TC12 add products to cart after 15.0s
[INFO]    2026-04-18 03:38:15.289407 [PID:3751] [1] [ID:5] PASSED Suites.Cart.TC12 add products to cart in 18.4 seconds
[DEBUG]   2026-04-18 03:38:15.298066 [PID:4088] [0] [ID:6] EXECUTING Suites.Cart.TC13 verify product quantity
[DEBUG]   2026-04-18 03:38:20.307015 [PID:4088] [0] [ID:6] still running Suites.Cart.TC13 verify product quantity after 5.0s
[DEBUG]   2026-04-18 03:38:25.175847 [PID:3609] [0] [ID:4] still running Suites.Auth.TC05 register existing email after 30.0s
[INFO]    2026-04-18 03:38:29.018965 [PID:4088] [0] [ID:6] PASSED Suites.Cart.TC13 verify product quantity in 13.7 seconds
[DEBUG]   2026-04-18 03:38:29.023446 [PID:4355] [1] [ID:7] EXECUTING Suites.Cart.TC17 remove products from cart
[DEBUG]   2026-04-18 03:38:34.032555 [PID:4355] [1] [ID:7] still running Suites.Cart.TC17 remove products from cart after 5.0s
[DEBUG]   2026-04-18 03:38:44.042442 [PID:4355] [1] [ID:7] still running Suites.Cart.TC17 remove products from cart after 15.0s
[DEBUG]   2026-04-18 03:38:45.202599 [PID:3609] [0] [ID:4] still running Suites.Auth.TC05 register existing email after 50.0s
[INFO]    2026-04-18 03:38:47.348750 [PID:4355] [1] [ID:7] PASSED Suites.Cart.TC17 remove products from cart in 18.3 seconds
[DEBUG]   2026-04-18 03:38:47.353711 [PID:4593] [0] [ID:8] EXECUTING Suites.Cart.TC20 search and verify cart after login
[DEBUG]   2026-04-18 03:38:52.364404 [PID:4593] [0] [ID:8] still running Suites.Cart.TC20 search and verify cart after login after 5.0s
[DEBUG]   2026-04-18 03:39:02.378291 [PID:4593] [0] [ID:8] still running Suites.Cart.TC20 search and verify cart after login after 15.0s
[DEBUG]   2026-04-18 03:39:10.236288 [PID:3609] [0] [ID:4] still running Suites.Auth.TC05 register existing email after 75.0s
[INFO]    2026-04-18 03:39:14.193605 [PID:4593] [0] [ID:8] Execution failed in Suites.Cart.TC20 search and verify cart after login with 1 failing test(s)
==============================================================================
Suites
==============================================================================
Suites.Cart
==============================================================================
Suites.Cart.TC20 search and verify cart after login :: TC20 - Search Produc...
==============================================================================
TC20 Search Products And Verify Cart After Login                      | FAIL |
ElementClickInterceptedException: Message: element click intercepted: Element <a href="/products">...</a> is not clickable at point (926, 40). Other element would receive the click: <iframe id="aswift_1" name="aswift_1" style="min-height: auto !important; max-height: none !important; min-width: auto !important; max-width: none !important; width: 100vw !important; height: 100vh !important; inset: 0px auto auto 0px !important; position: absolute !important; clear: none !important; display: inline !important; float: none !important; margin: 0px !important; opacity: 1 !important; overflow: visible !important; padding: 0px !important; vertical-align: baseline !important; visibility: visible !important; z-index: auto !important;" sandbox="allow-forms allow-popups allow-popups-to-escape-sandbox allow-same-origin allow-scripts allow-top-navigation-by-user-activation" width="" height="" frameborder="0" marginwidth="0" marginheight="0" vspace="0" hspace="0" allowtransparency="true" scrolling="no" allow="attribution-reporting; run-ad-auction" src="https://googleads.g.doubleclick.net/pagead/html/r20260415/r20190131/zrt_lookup.html#RS-0-&amp;adk=1812271808&amp;client=ca-pub-1677597403311019&amp;fa=8&amp;ifi=2&amp;uci=a!2" data-google-container-id="a!2" tabindex="0" title="Advertisement" aria-label="Advertisement" data-google-query-id="CKLz8PC89pMDFdjn0gQdFcUZyg" data-load-complete="true"></iframe>
  (Session info: chrome=147.0.7727.55)
    [ Message content over the limit has been removed. ]
#1 0x564bda4ec265 <unknown>
#2 0x564bda54622b <unknown>
#3 0x564bda543e62 <unknown>
#4 0x564bda5413a9 <unknown>
#5 0x564bda5404a7 <unknown>
#6 0x564bda5344c2 <unknown>
#7 0x564bda533e07 <unknown>
#8 0x564bda587969 <unknown>
#9 0x564bda5325cf <unknown>
#10 0x564bda533391 <unknown>
#11 0x564bdaab004b <unknown>
#12 0x564bdaab300d <unknown>
#13 0x564bdaa9c808 <unknown>
#14 0x564bdaab3ba0 <unknown>
#15 0x564bdaa83280 <unknown>
#16 0x564bdaad7db8 <unknown>
#17 0x564bdaad7f88 <unknown>
#18 0x564bdaae95de <unknown>
#19 0x7f7b1489caa4 <unknown>
#20 0x7f7b14929c6c <unknown>
------------------------------------------------------------------------------
Suites.Cart.TC20 search and verify cart after login :: TC20 - Sear... | FAIL |
1 test, 0 passed, 1 failed
==============================================================================
Suites.Cart                                                           | FAIL |
1 test, 0 passed, 1 failed
==============================================================================
Suites                                                                | FAIL |
1 test, 0 passed, 1 failed
==============================================================================
Output:  /home/runner/work/engg-robot-testing-framework/engg-robot-testing-framework/reports/pabot_results/8/output.xml
[DEBUG]   2026-04-18 03:39:14.197912 [PID:5089] [1] [ID:9] EXECUTING Suites.Cart.TC22 add from recommended items
[DEBUG]   2026-04-18 03:39:19.208445 [PID:5089] [1] [ID:9] still running Suites.Cart.TC22 add from recommended items after 5.0s
[INFO]    2026-04-18 03:39:24.361318 [PID:3609] [0] [ID:4] Execution failed in Suites.Auth.TC05 register existing email with 1 failing test(s)
==============================================================================
Suites
==============================================================================
Suites.Auth
==============================================================================
Suites.Auth.TC05 register existing email
==============================================================================
TC05 Register User With Existing Email                                | FAIL |
Text 'Account Deleted' did not appear in 1 minute.
------------------------------------------------------------------------------
Suites.Auth.TC05 register existing email                              | FAIL |
1 test, 0 passed, 1 failed
==============================================================================
Suites.Auth                                                           | FAIL |
1 test, 0 passed, 1 failed
==============================================================================
Suites                                                                | FAIL |
1 test, 0 passed, 1 failed
==============================================================================
Output:  /home/runner/work/engg-robot-testing-framework/engg-robot-testing-framework/reports/pabot_results/4/output.xml

[ WARN ] Native click failed on Delete Account; trying JS click fallback.
[DEBUG]   2026-04-18 03:39:29.221454 [PID:5089] [1] [ID:9] still running Suites.Cart.TC22 add from recommended items after 15.0s
[INFO]    2026-04-18 03:39:30.424629 [PID:5089] [1] [ID:9] PASSED Suites.Cart.TC22 add from recommended items in 16.2 seconds
[INFO]    10 tests, 7 passed, 3 failed, 0 skipped.
[INFO]    ===================================================
[INFO]    Output:  /home/runner/work/engg-robot-testing-framework/engg-robot-testing-framework/reports/output.xml
[INFO]    Log:     /home/runner/work/engg-robot-testing-framework/engg-robot-testing-framework/reports/log.html
[INFO]    Report:  /home/runner/work/engg-robot-testing-framework/engg-robot-testing-framework/reports/report.html
[DEBUG]   Finalizing Pabot execution...
[DEBUG]   Stopping PabotLib process
[INFO]    Robot Framework remote server at 127.0.0.1:8270 stopped.
[DEBUG]   PabotLib process stopped
[INFO]    Total testing: 5 minutes 54.50 seconds
[INFO]    Elapsed time:  3 minutes 1.13 seconds
[DEBUG]   Logs flushed successfully.
