2026-04-18 03:38:47.504755 ==============================================================================
2026-04-18 03:38:47.523354 Suites
2026-04-18 03:38:47.523370 ==============================================================================
2026-04-18 03:38:47.523380 Suites.Cart
2026-04-18 03:38:47.524129 ==============================================================================
2026-04-18 03:38:47.624329 Suites.Cart.TC20 search and verify cart after login :: TC20 - Search Produc...
2026-04-18 03:38:47.664388 ==============================================================================
2026-04-18 03:39:13.958993 TC20 Search Products And Verify Cart After Login                      | FAIL |
2026-04-18 03:39:14.005722 ElementClickInterceptedException: Message: element click intercepted: Element <a href="/products">...</a> is not clickable at point (926, 40). Other element would receive the click: <iframe id="aswift_1" name="aswift_1" style="min-height: auto !important; max-height: none !important; min-width: auto !important; max-width: none !important; width: 100vw !important; height: 100vh !important; inset: 0px auto auto 0px !important; position: absolute !important; clear: none !important; display: inline !important; float: none !important; margin: 0px !important; opacity: 1 !important; overflow: visible !important; padding: 0px !important; vertical-align: baseline !important; visibility: visible !important; z-index: auto !important;" sandbox="allow-forms allow-popups allow-popups-to-escape-sandbox allow-same-origin allow-scripts allow-top-navigation-by-user-activation" width="" height="" frameborder="0" marginwidth="0" marginheight="0" vspace="0" hspace="0" allowtransparency="true" scrolling="no" allow="attribution-reporting; run-ad-auction" src="https://googleads.g.doubleclick.net/pagead/html/r20260415/r20190131/zrt_lookup.html#RS-0-&amp;adk=1812271808&amp;client=ca-pub-1677597403311019&amp;fa=8&amp;ifi=2&amp;uci=a!2" data-google-container-id="a!2" tabindex="0" title="Advertisement" aria-label="Advertisement" data-google-query-id="CKLz8PC89pMDFdjn0gQdFcUZyg" data-load-complete="true"></iframe>
2026-04-18 03:39:14.005753   (Session info: chrome=147.0.7727.55)
2026-04-18 03:39:14.005769     [ Message content over the limit has been removed. ]
2026-04-18 03:39:14.005784 #1 0x564bda4ec265 <unknown>
2026-04-18 03:39:14.005797 #2 0x564bda54622b <unknown>
2026-04-18 03:39:14.005809 #3 0x564bda543e62 <unknown>
2026-04-18 03:39:14.005821 #4 0x564bda5413a9 <unknown>
2026-04-18 03:39:14.005833 #5 0x564bda5404a7 <unknown>
2026-04-18 03:39:14.005844 #6 0x564bda5344c2 <unknown>
2026-04-18 03:39:14.005855 #7 0x564bda533e07 <unknown>
2026-04-18 03:39:14.005866 #8 0x564bda587969 <unknown>
2026-04-18 03:39:14.005877 #9 0x564bda5325cf <unknown>
2026-04-18 03:39:14.005888 #10 0x564bda533391 <unknown>
2026-04-18 03:39:14.005930 #11 0x564bdaab004b <unknown>
2026-04-18 03:39:14.005943 #12 0x564bdaab300d <unknown>
2026-04-18 03:39:14.005955 #13 0x564bdaa9c808 <unknown>
2026-04-18 03:39:14.005967 #14 0x564bdaab3ba0 <unknown>
2026-04-18 03:39:14.005978 #15 0x564bdaa83280 <unknown>
2026-04-18 03:39:14.005991 #16 0x564bdaad7db8 <unknown>
2026-04-18 03:39:14.006002 #17 0x564bdaad7f88 <unknown>
2026-04-18 03:39:14.006013 #18 0x564bdaae95de <unknown>
2026-04-18 03:39:14.006024 #19 0x7f7b1489caa4 <unknown>
2026-04-18 03:39:14.006036 #20 0x7f7b14929c6c <unknown>
2026-04-18 03:39:14.006049 ------------------------------------------------------------------------------
2026-04-18 03:39:14.006061 Suites.Cart.TC20 search and verify cart after login :: TC20 - Sear... | FAIL |
2026-04-18 03:39:14.006558 1 test, 0 passed, 1 failed
2026-04-18 03:39:14.006616 ==============================================================================
2026-04-18 03:39:14.006632 Suites.Cart                                                           | FAIL |
2026-04-18 03:39:14.007149 1 test, 0 passed, 1 failed
2026-04-18 03:39:14.007209 ==============================================================================
2026-04-18 03:39:14.007224 Suites                                                                | FAIL |
2026-04-18 03:39:14.007521 1 test, 0 passed, 1 failed
2026-04-18 03:39:14.007576 ==============================================================================
2026-04-18 03:39:14.007592 Output:  /home/runner/work/engg-robot-testing-framework/engg-robot-testing-framework/reports/pabot_results/8/output.xml
