2026-04-15 03:10:13.588910 ==============================================================================
2026-04-15 03:10:13.589510 Suites
2026-04-15 03:10:13.589522 ==============================================================================
2026-04-15 03:10:13.589530 Suites.Auth
2026-04-15 03:10:13.590202 ==============================================================================
2026-04-15 03:10:13.690432 Suites.Auth.TC05 register existing email
2026-04-15 03:10:13.695316 ==============================================================================
2026-04-15 03:11:40.947624 [ WARN ] Native click failed on Delete Account; trying JS click fallback.
2026-04-15 03:11:41.298680 TC05 Register User With Existing Email                                | FAIL |
2026-04-15 03:11:41.334635 Text 'Account Deleted' did not appear in 1 minute.
2026-04-15 03:11:41.334654 ------------------------------------------------------------------------------
2026-04-15 03:11:41.334666 Suites.Auth.TC05 register existing email                              | FAIL |
2026-04-15 03:11:41.335242 1 test, 0 passed, 1 failed
2026-04-15 03:11:41.335332 ==============================================================================
2026-04-15 03:11:41.335351 Suites.Auth                                                           | FAIL |
2026-04-15 03:11:41.335672 1 test, 0 passed, 1 failed
2026-04-15 03:11:41.335692 ==============================================================================
2026-04-15 03:11:41.335749 Suites                                                                | FAIL |
2026-04-15 03:11:41.336001 1 test, 0 passed, 1 failed
2026-04-15 03:11:41.336017 ==============================================================================
2026-04-15 03:11:41.336029 Output:  /home/runner/work/engg-robot-testing-framework/engg-robot-testing-framework/reports/pabot_results/4/output.xml
