2026-04-14 16:36:41.846071 ==============================================================================
2026-04-14 16:36:41.867327 Suites
2026-04-14 16:36:41.867355 ==============================================================================
2026-04-14 16:36:41.867367 Suites.Cart
2026-04-14 16:36:41.868703 ==============================================================================
2026-04-14 16:36:42.019257 Suites.Cart.TC22 add from recommended items :: TC22 - Add To Cart From Reco...
2026-04-14 16:36:42.065201 ==============================================================================
2026-04-14 16:38:02.752753 TC22 Add To Cart From Recommended Items                               | FAIL |
2026-04-14 16:38:02.759311 Setup failed:
2026-04-14 16:38:02.759358 WebDriverException: Message: unknown error: net::ERR_NAME_NOT_RESOLVED
2026-04-14 16:38:02.759374   (Session info: chrome=145.0.7632.116)
2026-04-14 16:38:02.759388 Stacktrace:
2026-04-14 16:38:02.759400 #0 0x556d9b395b6a <unknown>
2026-04-14 16:38:02.759412 #1 0x556d9ada8a32 <unknown>
2026-04-14 16:38:02.759424 #2 0x556d9ad9f7ba <unknown>
2026-04-14 16:38:02.759436 #3 0x556d9ad90481 <unknown>
2026-04-14 16:38:02.759448 #4 0x556d9ad9227c <unknown>
2026-04-14 16:38:02.759460 #5 0x556d9ad90979 <unknown>
2026-04-14 16:38:02.759472 #6 0x556d9ad90065 <unknown>
2026-04-14 16:38:02.759484 #7 0x556d9ad8fc16 <unknown>
2026-04-14 16:38:02.759497 #8 0x556d9ad8d731 <unknown>
2026-04-14 16:38:02.759509 #9 0x556d9ad8df80 <unknown>
2026-04-14 16:38:02.759532 #10 0x556d9adac41d <unknown>
2026-04-14 16:38:02.759553 #11 0x556d9ae46feb <unknown>
2026-04-14 16:38:02.759566 #12 0x556d9ae46369 <unknown>
2026-04-14 16:38:02.759579 #13 0x556d9adefc0f <unknown>
2026-04-14 16:38:02.759592 #14 0x556d9adf09d1 <unknown>
2026-04-14 16:38:02.759606 #15 0x556d9b35a6b9 <unknown>
2026-04-14 16:38:02.759620 #16 0x556d9b35d5c1 <unknown>
2026-04-14 16:38:02.759632 #17 0x556d9b346e29 <unknown>
2026-04-14 16:38:02.759644 #18 0x556d9b35e17e <unknown>
2026-04-14 16:38:02.759656 #19 0x556d9b32d4b0 <unknown>
2026-04-14 16:38:02.759669 #20 0x556d9b382578 <unknown>
2026-04-14 16:38:02.759682 #21 0x556d9b38274b <unknown>
2026-04-14 16:38:02.759693 #22 0x556d9b3941a3 <unknown>
2026-04-14 16:38:02.759704 #23 0x7f6344060aa4 <unknown>
2026-04-14 16:38:02.759717 #24 0x7f63440edc6c <unknown>
2026-04-14 16:38:02.759729 ------------------------------------------------------------------------------
2026-04-14 16:38:02.759741 Suites.Cart.TC22 add from recommended items :: TC22 - Add To Cart ... | FAIL |
2026-04-14 16:38:02.760923 1 test, 0 passed, 1 failed
2026-04-14 16:38:02.760965 ==============================================================================
2026-04-14 16:38:02.760981 Suites.Cart                                                           | FAIL |
2026-04-14 16:38:02.761978 1 test, 0 passed, 1 failed
2026-04-14 16:38:02.762029 ==============================================================================
2026-04-14 16:38:02.762044 Suites                                                                | FAIL |
2026-04-14 16:38:02.762893 1 test, 0 passed, 1 failed
2026-04-14 16:38:02.762946 ==============================================================================
2026-04-14 16:38:02.762964 Output:  /home/surendra.cv/projects/practice/robot-framework/reports/pabot_results/9/output.xml
