2026-05-03 04:29:25.893091 ==============================================================================
2026-05-03 04:29:25.905499 Suites
2026-05-03 04:29:25.905510 ==============================================================================
2026-05-03 04:29:25.905516 Suites.Auth
2026-05-03 04:29:25.906162 ==============================================================================
2026-05-03 04:29:26.006346 Suites.Auth.TC05 register existing email
2026-05-03 04:29:26.011823 ==============================================================================
2026-05-03 04:30:41.081986 TC05 Register User With Existing Email                                | FAIL |
2026-05-03 04:30:41.105596 Element 'xpath=//a[contains(text(),'Logout')]' not visible after 45 seconds.
2026-05-03 04:30:41.105615 ------------------------------------------------------------------------------
2026-05-03 04:30:41.105627 Suites.Auth.TC05 register existing email                              | FAIL |
2026-05-03 04:30:41.106362 1 test, 0 passed, 1 failed
2026-05-03 04:30:41.106380 ==============================================================================
2026-05-03 04:30:41.106396 Suites.Auth                                                           | FAIL |
2026-05-03 04:30:41.106570 1 test, 0 passed, 1 failed
2026-05-03 04:30:41.106617 ==============================================================================
2026-05-03 04:30:41.106630 Suites                                                                | FAIL |
2026-05-03 04:30:41.107211 1 test, 0 passed, 1 failed
2026-05-03 04:30:41.107221 ==============================================================================
2026-05-03 04:30:41.107228 Output:  /home/runner/work/engg-robot-testing-framework/engg-robot-testing-framework/reports/pabot_results/4/output.xml
