==============================================================================
Suites
==============================================================================
Suites.Cart
==============================================================================
Suites.Cart.TC12 add products to cart :: TC12 - Add Products In Cart
==============================================================================
TC12 Add Products In Cart                                             | FAIL |
ElementClickInterceptedException: Message: element click intercepted: Element <a href="/view_cart">...</a> is not clickable at point (945, 242). Other element would receive the click: <iframe id="aswift_2" name="aswift_2" style="min-height: auto !important; max-height: none !important; min-width: auto !important; max-width: none !important; width: 100vw !important; height: 100vh !important; inset: 0px auto auto 0px !important; position: absolute !important; clear: none !important; display: inline !important; float: none !important; margin: 0px !important; opacity: 1 !important; overflow: visible !important; padding: 0px !important; vertical-align: baseline !important; visibility: visible !important; z-index: auto !important;" sandbox="allow-forms allow-popups allow-popups-to-escape-sandbox allow-same-origin allow-scripts allow-top-navigation-by-user-activation" width="" height="" frameborder="0" marginwidth="0" marginheight="0" vspace="0" hspace="0" allowtransparency="true" scrolling="no" allow="attribution-reporting; run-ad-auction" src="https://googleads.g.doubleclick.net/pagead/html/r20260429/r20190131/zrt_lookup.html#RS-0-&amp;adk=1812271808&amp;client=ca-pub-1677597403311019&amp;fa=8&amp;ifi=3&amp;uci=a!3" data-google-container-id="a!3" tabindex="0" title="Advertisement" aria-label="Advertisement" data-google-query-id="CJqY1KOil5QDFWsMRAgdIQsEKg" data-load-complete="true"></iframe>
  (Session info: chrome=147.0.7727.55)
    [ Message content over the limit has been removed. ]
#1 0x56426bcdf265 <unknown>
#2 0x56426bd3922b <unknown>
#3 0x56426bd36e62 <unknown>
#4 0x56426bd343a9 <unknown>
#5 0x56426bd334a7 <unknown>
#6 0x56426bd274c2 <unknown>
#7 0x56426bd26e07 <unknown>
#8 0x56426bd7a969 <unknown>
#9 0x56426bd255cf <unknown>
#10 0x56426bd26391 <unknown>
#11 0x56426c2a304b <unknown>
#12 0x56426c2a600d <unknown>
#13 0x56426c28f808 <unknown>
#14 0x56426c2a6ba0 <unknown>
#15 0x56426c276280 <unknown>
#16 0x56426c2cadb8 <unknown>
#17 0x56426c2caf88 <unknown>
#18 0x56426c2dc5de <unknown>
#19 0x7f7e02c9caa4 <unknown>
#20 0x7f7e02d29c6c <unknown>
------------------------------------------------------------------------------
Suites.Cart.TC12 add products to cart :: TC12 - Add Products In Cart  | FAIL |
1 test, 0 passed, 1 failed
==============================================================================
Suites.Cart                                                           | FAIL |
1 test, 0 passed, 1 failed
==============================================================================
Suites                                                                | FAIL |
1 test, 0 passed, 1 failed
==============================================================================
Output:  /home/runner/work/engg-robot-testing-framework/engg-robot-testing-framework/reports/pabot_results/5/output.xml
