2026-04-15 03:11:04.769995 ==============================================================================
2026-04-15 03:11:04.773357 Suites
2026-04-15 03:11:04.773369 ==============================================================================
2026-04-15 03:11:04.773376 Suites.Cart
2026-04-15 03:11:04.774058 ==============================================================================
2026-04-15 03:11:04.874346 Suites.Cart.TC20 search and verify cart after login :: TC20 - Search Produc...
2026-04-15 03:11:04.896530 ==============================================================================
2026-04-15 03:11:29.533436 [ WARN ] Native click failed on Delete Account; trying JS click fallback.
2026-04-15 03:11:30.086566 TC20 Search Products And Verify Cart After Login                      | FAIL |
2026-04-15 03:11:30.118386 Element with locator 'id=search_product' not found.
2026-04-15 03:11:30.118402 ------------------------------------------------------------------------------
2026-04-15 03:11:30.118412 Suites.Cart.TC20 search and verify cart after login :: TC20 - Sear... | FAIL |
2026-04-15 03:11:30.119324 1 test, 0 passed, 1 failed
2026-04-15 03:11:30.119334 ==============================================================================
2026-04-15 03:11:30.119344 Suites.Cart                                                           | FAIL |
2026-04-15 03:11:30.119879 1 test, 0 passed, 1 failed
2026-04-15 03:11:30.119886 ==============================================================================
2026-04-15 03:11:30.119892 Suites                                                                | FAIL |
2026-04-15 03:11:30.120158 1 test, 0 passed, 1 failed
2026-04-15 03:11:30.120168 ==============================================================================
2026-04-15 03:11:30.120173 Output:  /home/runner/work/engg-robot-testing-framework/engg-robot-testing-framework/reports/pabot_results/8/output.xml
