[INFO]    Initialized logging in reports/pabot_results
[INFO]    Robot Framework remote server at 127.0.0.1:8270 started.
[DEBUG]   2026-04-21 03:51:38.601668 [PID:2434] [1] [ID:1] EXECUTING Suites.Auth.TC02 login valid
[DEBUG]   2026-04-21 03:51:38.603952 [PID:2435] [0] [ID:0] EXECUTING Suites.Auth.TC01 register user
[DEBUG]   2026-04-21 03:51:43.608127 [PID:2434] [1] [ID:1] still running Suites.Auth.TC02 login valid after 5.0s
[DEBUG]   2026-04-21 03:51:43.609709 [PID:2435] [0] [ID:0] still running Suites.Auth.TC01 register user after 5.0s
[DEBUG]   2026-04-21 03:51:53.625549 [PID:2434] [1] [ID:1] still running Suites.Auth.TC02 login valid after 15.0s
[DEBUG]   2026-04-21 03:51:53.625620 [PID:2435] [0] [ID:0] still running Suites.Auth.TC01 register user after 15.0s
[DEBUG]   2026-04-21 03:52:08.647573 [PID:2434] [1] [ID:1] still running Suites.Auth.TC02 login valid after 30.0s
[DEBUG]   2026-04-21 03:52:08.649180 [PID:2435] [0] [ID:0] still running Suites.Auth.TC01 register user after 30.0s
[INFO]    2026-04-21 03:52:15.858844 [PID:2435] [0] [ID:0] PASSED Suites.Auth.TC01 register user in 37.3 seconds
[DEBUG]   2026-04-21 03:52:15.864585 [PID:2923] [0] [ID:2] EXECUTING Suites.Auth.TC03 login invalid
[INFO]    2026-04-21 03:52:20.362528 [PID:2434] [1] [ID:1] PASSED Suites.Auth.TC02 login valid in 41.8 seconds
[DEBUG]   2026-04-21 03:52:20.368148 [PID:3089] [1] [ID:3] EXECUTING Suites.Auth.TC04 logout user
[DEBUG]   2026-04-21 03:52:20.870537 [PID:2923] [0] [ID:2] still running Suites.Auth.TC03 login invalid after 5.0s
[DEBUG]   2026-04-21 03:52:25.377983 [PID:3089] [1] [ID:3] still running Suites.Auth.TC04 logout user after 5.0s
[DEBUG]   2026-04-21 03:52:30.883167 [PID:2923] [0] [ID:2] still running Suites.Auth.TC03 login invalid after 15.0s
[INFO]    2026-04-21 03:52:32.488641 [PID:2923] [0] [ID:2] PASSED Suites.Auth.TC03 login invalid in 16.6 seconds
[DEBUG]   2026-04-21 03:52:32.493595 [PID:3335] [0] [ID:4] EXECUTING Suites.Auth.TC05 register existing email
[DEBUG]   2026-04-21 03:52:35.395059 [PID:3089] [1] [ID:3] still running Suites.Auth.TC04 logout user after 15.0s
[DEBUG]   2026-04-21 03:52:37.502552 [PID:3335] [0] [ID:4] still running Suites.Auth.TC05 register existing email after 5.0s
[DEBUG]   2026-04-21 03:52:47.513540 [PID:3335] [0] [ID:4] still running Suites.Auth.TC05 register existing email after 15.0s
[DEBUG]   2026-04-21 03:52:50.413281 [PID:3089] [1] [ID:3] still running Suites.Auth.TC04 logout user after 30.0s
[DEBUG]   2026-04-21 03:53:02.529193 [PID:3335] [0] [ID:4] still running Suites.Auth.TC05 register existing email after 30.0s
[INFO]    2026-04-21 03:53:07.637169 [PID:3335] [0] [ID:4] PASSED Suites.Auth.TC05 register existing email in 35.1 seconds
[DEBUG]   2026-04-21 03:53:07.641851 [PID:3659] [1] [ID:5] EXECUTING Suites.Cart.TC12 add products to cart
[DEBUG]   2026-04-21 03:53:10.440681 [PID:3089] [1] [ID:3] still running Suites.Auth.TC04 logout user after 50.0s
[DEBUG]   2026-04-21 03:53:12.651198 [PID:3659] [1] [ID:5] still running Suites.Cart.TC12 add products to cart after 5.0s
[DEBUG]   2026-04-21 03:53:22.660195 [PID:3659] [1] [ID:5] still running Suites.Cart.TC12 add products to cart after 15.0s
[INFO]    2026-04-21 03:53:25.565715 [PID:3659] [1] [ID:5] PASSED Suites.Cart.TC12 add products to cart in 17.9 seconds
[DEBUG]   2026-04-21 03:53:25.570352 [PID:4030] [0] [ID:6] EXECUTING Suites.Cart.TC13 verify product quantity
[DEBUG]   2026-04-21 03:53:30.582162 [PID:4030] [0] [ID:6] still running Suites.Cart.TC13 verify product quantity after 5.0s
[DEBUG]   2026-04-21 03:53:35.475005 [PID:3089] [1] [ID:3] still running Suites.Auth.TC04 logout user after 75.0s
[INFO]    2026-04-21 03:53:38.993395 [PID:4030] [0] [ID:6] PASSED Suites.Cart.TC13 verify product quantity in 13.4 seconds
[DEBUG]   2026-04-21 03:53:38.998704 [PID:4309] [1] [ID:7] EXECUTING Suites.Cart.TC17 remove products from cart
[DEBUG]   2026-04-21 03:53:44.007492 [PID:4309] [1] [ID:7] still running Suites.Cart.TC17 remove products from cart after 5.0s
[INFO]    2026-04-21 03:53:45.598642 [PID:3089] [1] [ID:3] Execution failed in Suites.Auth.TC04 logout user with 1 failing test(s)
==============================================================================
Suites
==============================================================================
Suites.Auth
==============================================================================
Suites.Auth.TC04 logout user
==============================================================================
TC04 Logout User                                                      | FAIL |
Text 'Account Deleted' did not appear in 1 minute.
------------------------------------------------------------------------------
Suites.Auth.TC04 logout user                                          | FAIL |
1 test, 0 passed, 1 failed
==============================================================================
Suites.Auth                                                           | FAIL |
1 test, 0 passed, 1 failed
==============================================================================
Suites                                                                | FAIL |
1 test, 0 passed, 1 failed
==============================================================================
Output:  /home/runner/work/engg-robot-testing-framework/engg-robot-testing-framework/reports/pabot_results/3/output.xml

[ WARN ] Native click failed on Delete Account; trying JS click fallback.
[DEBUG]   2026-04-21 03:53:45.602559 [PID:4468] [0] [ID:8] EXECUTING Suites.Cart.TC20 search and verify cart after login
[DEBUG]   2026-04-21 03:53:50.609378 [PID:4468] [0] [ID:8] still running Suites.Cart.TC20 search and verify cart after login after 5.0s
[DEBUG]   2026-04-21 03:53:54.021364 [PID:4309] [1] [ID:7] still running Suites.Cart.TC17 remove products from cart after 15.0s
[INFO]    2026-04-21 03:53:57.628353 [PID:4309] [1] [ID:7] PASSED Suites.Cart.TC17 remove products from cart in 18.6 seconds
[DEBUG]   2026-04-21 03:53:57.632892 [PID:4703] [1] [ID:9] EXECUTING Suites.Cart.TC22 add from recommended items
[DEBUG]   2026-04-21 03:54:00.625954 [PID:4468] [0] [ID:8] still running Suites.Cart.TC20 search and verify cart after login after 15.0s
[DEBUG]   2026-04-21 03:54:02.640604 [PID:4703] [1] [ID:9] still running Suites.Cart.TC22 add from recommended items after 5.0s
[DEBUG]   2026-04-21 03:54:12.651825 [PID:4703] [1] [ID:9] still running Suites.Cart.TC22 add from recommended items after 15.0s
[INFO]    2026-04-21 03:54:13.956510 [PID:4703] [1] [ID:9] PASSED Suites.Cart.TC22 add from recommended items in 16.3 seconds
[DEBUG]   2026-04-21 03:54:15.644959 [PID:4468] [0] [ID:8] still running Suites.Cart.TC20 search and verify cart after login after 30.0s
[INFO]    2026-04-21 03:54:22.654947 [PID:4468] [0] [ID:8] PASSED Suites.Cart.TC20 search and verify cart after login in 37.1 seconds
[INFO]    10 tests, 9 passed, 1 failed, 0 skipped.
[INFO]    ===================================================
[INFO]    Output:  /home/runner/work/engg-robot-testing-framework/engg-robot-testing-framework/reports/output.xml
[INFO]    Log:     /home/runner/work/engg-robot-testing-framework/engg-robot-testing-framework/reports/log.html
[INFO]    Report:  /home/runner/work/engg-robot-testing-framework/engg-robot-testing-framework/reports/report.html
[DEBUG]   Finalizing Pabot execution...
[DEBUG]   Stopping PabotLib process
[INFO]    Robot Framework remote server at 127.0.0.1:8270 stopped.
[DEBUG]   PabotLib process stopped
[INFO]    Total testing: 5 minutes 19.30 seconds
[INFO]    Elapsed time:  2 minutes 44.68 seconds
[DEBUG]   Logs flushed successfully.
