2026-04-30 04:12:06.074560 ==============================================================================
2026-04-30 04:12:06.106431 Suites
2026-04-30 04:12:06.106448 ==============================================================================
2026-04-30 04:12:06.106459 Suites.Auth
2026-04-30 04:12:06.107335 ==============================================================================
2026-04-30 04:12:06.207522 Suites.Auth.TC05 register existing email
2026-04-30 04:12:06.226841 ==============================================================================
2026-04-30 04:13:23.998884 TC05 Register User With Existing Email                                | FAIL |
2026-04-30 04:13:24.032370 Element 'xpath=//a[contains(text(),'Logout')]' not visible after 45 seconds.
2026-04-30 04:13:24.032396 ------------------------------------------------------------------------------
2026-04-30 04:13:24.032415 Suites.Auth.TC05 register existing email                              | FAIL |
2026-04-30 04:13:24.033198 1 test, 0 passed, 1 failed
2026-04-30 04:13:24.033241 ==============================================================================
2026-04-30 04:13:24.033261 Suites.Auth                                                           | FAIL |
2026-04-30 04:13:24.033636 1 test, 0 passed, 1 failed
2026-04-30 04:13:24.033696 ==============================================================================
2026-04-30 04:13:24.033714 Suites                                                                | FAIL |
2026-04-30 04:13:24.035282 1 test, 0 passed, 1 failed
2026-04-30 04:13:24.035305 ==============================================================================
2026-04-30 04:13:24.035320 Output:  /home/runner/work/engg-robot-testing-framework/engg-robot-testing-framework/reports/pabot_results/4/output.xml
