==============================================================================
Suites
==============================================================================
Suites.Auth
==============================================================================
Suites.Auth.TC05 register existing email
==============================================================================
TC05 Register User With Existing Email                                | FAIL |
Element 'xpath=//a[contains(text(),'Logout')]' not visible after 45 seconds.
------------------------------------------------------------------------------
Suites.Auth.TC05 register existing email                              | FAIL |
1 test, 0 passed, 1 failed
==============================================================================
Suites.Auth                                                           | FAIL |
1 test, 0 passed, 1 failed
==============================================================================
Suites                                                                | FAIL |
1 test, 0 passed, 1 failed
==============================================================================
Output:  /home/runner/work/engg-robot-testing-framework/engg-robot-testing-framework/reports/pabot_results/4/output.xml
