[INFO]    Initialized logging in reports/pabot_results
[INFO]    Robot Framework remote server at 127.0.0.1:8270 started.
[DEBUG]   2026-05-04 04:27:37.171033 [PID:2303] [0] [ID:0] EXECUTING Suites.Auth.TC01 register user
[DEBUG]   2026-05-04 04:27:37.172391 [PID:2304] [1] [ID:1] EXECUTING Suites.Auth.TC02 login valid
[DEBUG]   2026-05-04 04:27:42.177515 [PID:2304] [1] [ID:1] still running Suites.Auth.TC02 login valid after 5.0s
[DEBUG]   2026-05-04 04:27:42.178017 [PID:2303] [0] [ID:0] still running Suites.Auth.TC01 register user after 5.0s
[DEBUG]   2026-05-04 04:27:52.188920 [PID:2303] [0] [ID:0] still running Suites.Auth.TC01 register user after 15.0s
[DEBUG]   2026-05-04 04:27:52.189000 [PID:2304] [1] [ID:1] still running Suites.Auth.TC02 login valid after 15.0s
[DEBUG]   2026-05-04 04:28:07.212850 [PID:2304] [1] [ID:1] still running Suites.Auth.TC02 login valid after 30.0s
[DEBUG]   2026-05-04 04:28:07.216784 [PID:2303] [0] [ID:0] still running Suites.Auth.TC01 register user after 30.0s
[INFO]    2026-05-04 04:28:23.538182 [PID:2303] [0] [ID:0] PASSED Suites.Auth.TC01 register user in 46.4 seconds
[DEBUG]   2026-05-04 04:28:23.542323 [PID:2801] [0] [ID:2] EXECUTING Suites.Auth.TC03 login invalid
[DEBUG]   2026-05-04 04:28:27.241034 [PID:2304] [1] [ID:1] still running Suites.Auth.TC02 login valid after 50.0s
[INFO]    2026-05-04 04:28:27.644746 [PID:2304] [1] [ID:1] PASSED Suites.Auth.TC02 login valid in 50.5 seconds
[DEBUG]   2026-05-04 04:28:27.649050 [PID:2978] [1] [ID:3] EXECUTING Suites.Auth.TC04 logout user
[DEBUG]   2026-05-04 04:28:28.550784 [PID:2801] [0] [ID:2] still running Suites.Auth.TC03 login invalid after 5.0s
[DEBUG]   2026-05-04 04:28:32.656109 [PID:2978] [1] [ID:3] still running Suites.Auth.TC04 logout user after 5.0s
[DEBUG]   2026-05-04 04:28:38.566525 [PID:2801] [0] [ID:2] still running Suites.Auth.TC03 login invalid after 15.0s
[INFO]    2026-05-04 04:28:38.869836 [PID:2801] [0] [ID:2] PASSED Suites.Auth.TC03 login invalid in 15.3 seconds
[DEBUG]   2026-05-04 04:28:38.874409 [PID:3226] [0] [ID:4] EXECUTING Suites.Auth.TC05 register existing email
[DEBUG]   2026-05-04 04:28:42.670558 [PID:2978] [1] [ID:3] still running Suites.Auth.TC04 logout user after 15.0s
[DEBUG]   2026-05-04 04:28:43.890323 [PID:3226] [0] [ID:4] still running Suites.Auth.TC05 register existing email after 5.0s
[DEBUG]   2026-05-04 04:28:53.904677 [PID:3226] [0] [ID:4] still running Suites.Auth.TC05 register existing email after 15.0s
[DEBUG]   2026-05-04 04:28:57.687541 [PID:2978] [1] [ID:3] still running Suites.Auth.TC04 logout user after 30.0s
[DEBUG]   2026-05-04 04:29:08.921051 [PID:3226] [0] [ID:4] still running Suites.Auth.TC05 register existing email after 30.0s
[INFO]    2026-05-04 04:29:13.628876 [PID:3226] [0] [ID:4] PASSED Suites.Auth.TC05 register existing email in 34.8 seconds
[DEBUG]   2026-05-04 04:29:13.632527 [PID:3545] [1] [ID:5] EXECUTING Suites.Cart.TC12 add products to cart
[DEBUG]   2026-05-04 04:29:17.714162 [PID:2978] [1] [ID:3] still running Suites.Auth.TC04 logout user after 50.0s
[DEBUG]   2026-05-04 04:29:18.639977 [PID:3545] [1] [ID:5] still running Suites.Cart.TC12 add products to cart after 5.0s
[DEBUG]   2026-05-04 04:29:28.651248 [PID:3545] [1] [ID:5] still running Suites.Cart.TC12 add products to cart after 15.0s
[INFO]    2026-05-04 04:29:32.459579 [PID:3545] [1] [ID:5] PASSED Suites.Cart.TC12 add products to cart in 18.8 seconds
[DEBUG]   2026-05-04 04:29:32.463475 [PID:3936] [0] [ID:6] EXECUTING Suites.Cart.TC13 verify product quantity
[DEBUG]   2026-05-04 04:29:37.473203 [PID:3936] [0] [ID:6] still running Suites.Cart.TC13 verify product quantity after 5.0s
[DEBUG]   2026-05-04 04:29:42.752339 [PID:2978] [1] [ID:3] still running Suites.Auth.TC04 logout user after 75.0s
[INFO]    2026-05-04 04:29:45.685539 [PID:3936] [0] [ID:6] PASSED Suites.Cart.TC13 verify product quantity in 13.2 seconds
[DEBUG]   2026-05-04 04:29:45.689398 [PID:4216] [1] [ID:7] EXECUTING Suites.Cart.TC17 remove products from cart
[DEBUG]   2026-05-04 04:29:50.698389 [PID:4216] [1] [ID:7] still running Suites.Cart.TC17 remove products from cart after 5.0s
[INFO]    2026-05-04 04:29:52.074583 [PID:2978] [1] [ID:3] Execution failed in Suites.Auth.TC04 logout user with 1 failing test(s)
==============================================================================
Suites
==============================================================================
Suites.Auth
==============================================================================
Suites.Auth.TC04 logout user
==============================================================================
TC04 Logout User                                                      | FAIL |
Text 'Account Deleted' did not appear in 1 minute.
------------------------------------------------------------------------------
Suites.Auth.TC04 logout user                                          | FAIL |
1 test, 0 passed, 1 failed
==============================================================================
Suites.Auth                                                           | FAIL |
1 test, 0 passed, 1 failed
==============================================================================
Suites                                                                | FAIL |
1 test, 0 passed, 1 failed
==============================================================================
Output:  /home/runner/work/engg-robot-testing-framework/engg-robot-testing-framework/reports/pabot_results/3/output.xml

[ WARN ] Native click failed on Delete Account; trying JS click fallback.
[DEBUG]   2026-05-04 04:29:52.078335 [PID:4380] [0] [ID:8] EXECUTING Suites.Cart.TC20 search and verify cart after login
[DEBUG]   2026-05-04 04:29:57.083922 [PID:4380] [0] [ID:8] still running Suites.Cart.TC20 search and verify cart after login after 5.0s
[DEBUG]   2026-05-04 04:30:00.711925 [PID:4216] [1] [ID:7] still running Suites.Cart.TC17 remove products from cart after 15.0s
[INFO]    2026-05-04 04:30:04.019056 [PID:4216] [1] [ID:7] PASSED Suites.Cart.TC17 remove products from cart in 18.3 seconds
[DEBUG]   2026-05-04 04:30:04.022771 [PID:4618] [1] [ID:9] EXECUTING Suites.Cart.TC22 add from recommended items
[DEBUG]   2026-05-04 04:30:07.096762 [PID:4380] [0] [ID:8] still running Suites.Cart.TC20 search and verify cart after login after 15.0s
[DEBUG]   2026-05-04 04:30:09.032059 [PID:4618] [1] [ID:9] still running Suites.Cart.TC22 add from recommended items after 5.0s
[DEBUG]   2026-05-04 04:30:19.044770 [PID:4618] [1] [ID:9] still running Suites.Cart.TC22 add from recommended items after 15.0s
[INFO]    2026-05-04 04:30:20.549833 [PID:4618] [1] [ID:9] PASSED Suites.Cart.TC22 add from recommended items in 16.5 seconds
[DEBUG]   2026-05-04 04:30:22.113698 [PID:4380] [0] [ID:8] still running Suites.Cart.TC20 search and verify cart after login after 30.0s
[INFO]    2026-05-04 04:30:29.524104 [PID:4380] [0] [ID:8] PASSED Suites.Cart.TC20 search and verify cart after login in 37.4 seconds
[INFO]    10 tests, 9 passed, 1 failed, 0 skipped.
[INFO]    ===================================================
[INFO]    Output:  /home/runner/work/engg-robot-testing-framework/engg-robot-testing-framework/reports/output.xml
[INFO]    Log:     /home/runner/work/engg-robot-testing-framework/engg-robot-testing-framework/reports/log.html
[INFO]    Report:  /home/runner/work/engg-robot-testing-framework/engg-robot-testing-framework/reports/report.html
[DEBUG]   Finalizing Pabot execution...
[DEBUG]   Stopping PabotLib process
[INFO]    Robot Framework remote server at 127.0.0.1:8270 stopped.
[DEBUG]   PabotLib process stopped
[INFO]    Total testing: 5 minutes 35.60 seconds
[INFO]    Elapsed time:  2 minutes 52.97 seconds
[DEBUG]   Logs flushed successfully.
