[INFO]    Initialized logging in reports/pabot_results
[INFO]    Robot Framework remote server at 127.0.0.1:8270 started.
[DEBUG]   2026-04-15 03:08:44.290519 [PID:2368] [0] [ID:0] EXECUTING Suites.Auth.TC01 register user
[DEBUG]   2026-04-15 03:08:44.291663 [PID:2369] [1] [ID:1] EXECUTING Suites.Auth.TC02 login valid
[DEBUG]   2026-04-15 03:08:49.296783 [PID:2368] [0] [ID:0] still running Suites.Auth.TC01 register user after 5.0s
[DEBUG]   2026-04-15 03:08:49.296978 [PID:2369] [1] [ID:1] still running Suites.Auth.TC02 login valid after 5.0s
[DEBUG]   2026-04-15 03:08:59.307319 [PID:2368] [0] [ID:0] still running Suites.Auth.TC01 register user after 15.0s
[DEBUG]   2026-04-15 03:08:59.309765 [PID:2369] [1] [ID:1] still running Suites.Auth.TC02 login valid after 15.0s
[DEBUG]   2026-04-15 03:09:14.336645 [PID:2368] [0] [ID:0] still running Suites.Auth.TC01 register user after 30.0s
[DEBUG]   2026-04-15 03:09:14.336773 [PID:2369] [1] [ID:1] still running Suites.Auth.TC02 login valid after 30.0s
[INFO]    2026-04-15 03:09:27.055354 [PID:2368] [0] [ID:0] PASSED Suites.Auth.TC01 register user in 42.8 seconds
[DEBUG]   2026-04-15 03:09:27.058998 [PID:2980] [0] [ID:2] EXECUTING Suites.Auth.TC03 login invalid
[DEBUG]   2026-04-15 03:09:32.065384 [PID:2980] [0] [ID:2] still running Suites.Auth.TC03 login invalid after 5.0s
[DEBUG]   2026-04-15 03:09:34.361636 [PID:2369] [1] [ID:1] still running Suites.Auth.TC02 login valid after 50.0s
[DEBUG]   2026-04-15 03:09:42.074707 [PID:2980] [0] [ID:2] still running Suites.Auth.TC03 login invalid after 15.0s
[INFO]    2026-04-15 03:09:42.177776 [PID:2980] [0] [ID:2] PASSED Suites.Auth.TC03 login invalid in 15.1 seconds
[DEBUG]   2026-04-15 03:09:42.181395 [PID:3218] [1] [ID:3] EXECUTING Suites.Auth.TC04 logout user
[DEBUG]   2026-04-15 03:09:47.195797 [PID:3218] [1] [ID:3] still running Suites.Auth.TC04 logout user after 5.0s
[DEBUG]   2026-04-15 03:09:57.208815 [PID:3218] [1] [ID:3] still running Suites.Auth.TC04 logout user after 15.0s
[DEBUG]   2026-04-15 03:09:59.391064 [PID:2369] [1] [ID:1] still running Suites.Auth.TC02 login valid after 75.0s
[DEBUG]   2026-04-15 03:10:12.229666 [PID:3218] [1] [ID:3] still running Suites.Auth.TC04 logout user after 30.0s
[INFO]    2026-04-15 03:10:13.434373 [PID:3218] [1] [ID:3] PASSED Suites.Auth.TC04 logout user in 31.3 seconds
[DEBUG]   2026-04-15 03:10:13.437986 [PID:3653] [0] [ID:4] EXECUTING Suites.Auth.TC05 register existing email
[INFO]    2026-04-15 03:10:15.719955 [PID:2369] [1] [ID:1] Execution failed in Suites.Auth.TC02 login valid with 1 failing test(s)
==============================================================================
Suites
==============================================================================
Suites.Auth
==============================================================================
Suites.Auth.TC02 login valid
==============================================================================
TC02 Login User With Correct Email And Password                       | FAIL |
Element 'xpath=//a[contains(text(),'Logout')]' not visible after 45 seconds.
------------------------------------------------------------------------------
Suites.Auth.TC02 login valid                                          | FAIL |
1 test, 0 passed, 1 failed
==============================================================================
Suites.Auth                                                           | FAIL |
1 test, 0 passed, 1 failed
==============================================================================
Suites                                                                | FAIL |
1 test, 0 passed, 1 failed
==============================================================================
Output:  /home/runner/work/engg-robot-testing-framework/engg-robot-testing-framework/reports/pabot_results/1/output.xml
[DEBUG]   2026-04-15 03:10:15.724876 [PID:3843] [1] [ID:5] EXECUTING Suites.Cart.TC12 add products to cart
[DEBUG]   2026-04-15 03:10:18.451943 [PID:3653] [0] [ID:4] still running Suites.Auth.TC05 register existing email after 5.0s
[DEBUG]   2026-04-15 03:10:20.736269 [PID:3843] [1] [ID:5] still running Suites.Cart.TC12 add products to cart after 5.0s
[DEBUG]   2026-04-15 03:10:28.464707 [PID:3653] [0] [ID:4] still running Suites.Auth.TC05 register existing email after 15.0s
[DEBUG]   2026-04-15 03:10:30.750010 [PID:3843] [1] [ID:5] still running Suites.Cart.TC12 add products to cart after 15.0s
[INFO]    2026-04-15 03:10:32.859002 [PID:3843] [1] [ID:5] PASSED Suites.Cart.TC12 add products to cart in 17.1 seconds
[DEBUG]   2026-04-15 03:10:32.863811 [PID:4160] [0] [ID:6] EXECUTING Suites.Cart.TC13 verify product quantity
[DEBUG]   2026-04-15 03:10:37.872964 [PID:4160] [0] [ID:6] still running Suites.Cart.TC13 verify product quantity after 5.0s
[DEBUG]   2026-04-15 03:10:43.483936 [PID:3653] [0] [ID:4] still running Suites.Auth.TC05 register existing email after 30.0s
[INFO]    2026-04-15 03:10:46.086259 [PID:4160] [0] [ID:6] PASSED Suites.Cart.TC13 verify product quantity in 13.2 seconds
[DEBUG]   2026-04-15 03:10:46.089921 [PID:4383] [1] [ID:7] EXECUTING Suites.Cart.TC17 remove products from cart
[DEBUG]   2026-04-15 03:10:51.097888 [PID:4383] [1] [ID:7] still running Suites.Cart.TC17 remove products from cart after 5.0s
[DEBUG]   2026-04-15 03:11:01.109251 [PID:4383] [1] [ID:7] still running Suites.Cart.TC17 remove products from cart after 15.0s
[DEBUG]   2026-04-15 03:11:03.507319 [PID:3653] [0] [ID:4] still running Suites.Auth.TC05 register existing email after 50.0s
[INFO]    2026-04-15 03:11:04.615540 [PID:4383] [1] [ID:7] PASSED Suites.Cart.TC17 remove products from cart in 18.5 seconds
[DEBUG]   2026-04-15 03:11:04.619028 [PID:4620] [0] [ID:8] EXECUTING Suites.Cart.TC20 search and verify cart after login
[DEBUG]   2026-04-15 03:11:09.626158 [PID:4620] [0] [ID:8] still running Suites.Cart.TC20 search and verify cart after login after 5.0s
[DEBUG]   2026-04-15 03:11:19.640594 [PID:4620] [0] [ID:8] still running Suites.Cart.TC20 search and verify cart after login after 15.0s
[DEBUG]   2026-04-15 03:11:28.547136 [PID:3653] [0] [ID:4] still running Suites.Auth.TC05 register existing email after 75.0s
[INFO]    2026-04-15 03:11:30.353916 [PID:4620] [0] [ID:8] Execution failed in Suites.Cart.TC20 search and verify cart after login with 1 failing test(s)
==============================================================================
Suites
==============================================================================
Suites.Cart
==============================================================================
Suites.Cart.TC20 search and verify cart after login :: TC20 - Search Produc...
==============================================================================
TC20 Search Products And Verify Cart After Login                      | FAIL |
Element with locator 'id=search_product' not found.
------------------------------------------------------------------------------
Suites.Cart.TC20 search and verify cart after login :: TC20 - Sear... | FAIL |
1 test, 0 passed, 1 failed
==============================================================================
Suites.Cart                                                           | FAIL |
1 test, 0 passed, 1 failed
==============================================================================
Suites                                                                | FAIL |
1 test, 0 passed, 1 failed
==============================================================================
Output:  /home/runner/work/engg-robot-testing-framework/engg-robot-testing-framework/reports/pabot_results/8/output.xml

[ WARN ] Native click failed on Delete Account; trying JS click fallback.
[DEBUG]   2026-04-15 03:11:30.357529 [PID:5052] [1] [ID:9] EXECUTING Suites.Cart.TC22 add from recommended items
[DEBUG]   2026-04-15 03:11:35.362588 [PID:5052] [1] [ID:9] still running Suites.Cart.TC22 add from recommended items after 5.0s
[INFO]    2026-04-15 03:11:41.567443 [PID:3653] [0] [ID:4] Execution failed in Suites.Auth.TC05 register existing email with 1 failing test(s)
==============================================================================
Suites
==============================================================================
Suites.Auth
==============================================================================
Suites.Auth.TC05 register existing email
==============================================================================
TC05 Register User With Existing Email                                | FAIL |
Text 'Account Deleted' did not appear in 1 minute.
------------------------------------------------------------------------------
Suites.Auth.TC05 register existing email                              | FAIL |
1 test, 0 passed, 1 failed
==============================================================================
Suites.Auth                                                           | FAIL |
1 test, 0 passed, 1 failed
==============================================================================
Suites                                                                | FAIL |
1 test, 0 passed, 1 failed
==============================================================================
Output:  /home/runner/work/engg-robot-testing-framework/engg-robot-testing-framework/reports/pabot_results/4/output.xml

[ WARN ] Native click failed on Delete Account; trying JS click fallback.
[DEBUG]   2026-04-15 03:11:45.374000 [PID:5052] [1] [ID:9] still running Suites.Cart.TC22 add from recommended items after 15.0s
[INFO]    2026-04-15 03:11:45.976958 [PID:5052] [1] [ID:9] PASSED Suites.Cart.TC22 add from recommended items in 15.6 seconds
[INFO]    10 tests, 7 passed, 3 failed, 0 skipped.
[INFO]    ===================================================
[INFO]    Output:  /home/runner/work/engg-robot-testing-framework/engg-robot-testing-framework/reports/output.xml
[INFO]    Log:     /home/runner/work/engg-robot-testing-framework/engg-robot-testing-framework/reports/log.html
[INFO]    Report:  /home/runner/work/engg-robot-testing-framework/engg-robot-testing-framework/reports/report.html
[DEBUG]   Finalizing Pabot execution...
[DEBUG]   Stopping PabotLib process
[INFO]    Robot Framework remote server at 127.0.0.1:8270 stopped.
[DEBUG]   PabotLib process stopped
[INFO]    Total testing: 5 minutes 58.80 seconds
[INFO]    Elapsed time:  3 minutes 2.30 seconds
[DEBUG]   Logs flushed successfully.
