2026-04-28 04:12:57.900062 ==============================================================================
2026-04-28 04:12:57.925327 Suites
2026-04-28 04:12:57.925346 ==============================================================================
2026-04-28 04:12:57.925362 Suites.Auth
2026-04-28 04:12:57.926295 ==============================================================================
2026-04-28 04:12:58.076645 Suites.Auth.TC01 register user
2026-04-28 04:12:58.111961 ==============================================================================
2026-04-28 04:14:20.048105 TC01 Register User                                                    | FAIL |
2026-04-28 04:14:20.058165 Element 'css=li a b' did not appear in 45 seconds.
2026-04-28 04:14:20.058181 ------------------------------------------------------------------------------
2026-04-28 04:14:20.058191 Suites.Auth.TC01 register user                                        | FAIL |
2026-04-28 04:14:20.058874 1 test, 0 passed, 1 failed
2026-04-28 04:14:20.058916 ==============================================================================
2026-04-28 04:14:20.058925 Suites.Auth                                                           | FAIL |
2026-04-28 04:14:20.059306 1 test, 0 passed, 1 failed
2026-04-28 04:14:20.059361 ==============================================================================
2026-04-28 04:14:20.059370 Suites                                                                | FAIL |
2026-04-28 04:14:20.059737 1 test, 0 passed, 1 failed
2026-04-28 04:14:20.059786 ==============================================================================
2026-04-28 04:14:20.059795 Output:  /home/runner/work/engg-robot-testing-framework/engg-robot-testing-framework/reports/pabot_results/0/output.xml
