[INFO]    Initialized logging in reports/pabot_results
[WARNING] Warning: specified pabotlibport 8270 is already in use. A free port will be assigned automatically.
[INFO]    Robot Framework remote server at 127.0.0.1:45909 started.
[DEBUG]   Storing .pabotsuitenames file
[DEBUG]   2026-04-14 16:26:16.128143 [PID:397384] [0] [ID:0] EXECUTING Suites.Auth.TC01 register user
[DEBUG]   2026-04-14 16:26:16.134128 [PID:397385] [1] [ID:1] EXECUTING Suites.Auth.TC02 login valid
[DEBUG]   2026-04-14 16:26:21.158740 [PID:397384] [0] [ID:0] still running Suites.Auth.TC01 register user after 5.0s
[DEBUG]   2026-04-14 16:26:21.159828 [PID:397385] [1] [ID:1] still running Suites.Auth.TC02 login valid after 5.0s
[DEBUG]   2026-04-14 16:26:31.186612 [PID:397384] [0] [ID:0] still running Suites.Auth.TC01 register user after 15.0s
[DEBUG]   2026-04-14 16:26:31.189157 [PID:397385] [1] [ID:1] still running Suites.Auth.TC02 login valid after 15.0s
[DEBUG]   2026-04-14 16:26:45.666515 [PID:397385] [1] [ID:1] still running Suites.Auth.TC02 login valid after 30.0s
[DEBUG]   2026-04-14 16:26:45.669407 [PID:397384] [0] [ID:0] still running Suites.Auth.TC01 register user after 30.0s
[DEBUG]   2026-04-14 16:27:05.725255 [PID:397384] [0] [ID:0] still running Suites.Auth.TC01 register user after 50.0s
[DEBUG]   2026-04-14 16:27:05.725497 [PID:397385] [1] [ID:1] still running Suites.Auth.TC02 login valid after 50.0s
[DEBUG]   2026-04-14 16:27:30.171681 [PID:397384] [0] [ID:0] still running Suites.Auth.TC01 register user after 75.0s
[DEBUG]   2026-04-14 16:27:30.183756 [PID:397385] [1] [ID:1] still running Suites.Auth.TC02 login valid after 75.0s
[INFO]    2026-04-14 16:27:37.509180 [PID:397384] [0] [ID:0] PASSED Suites.Auth.TC01 register user in 81.4 seconds
[DEBUG]   2026-04-14 16:27:37.531892 [PID:403905] [0] [ID:2] EXECUTING Suites.Auth.TC03 login invalid
[DEBUG]   2026-04-14 16:27:42.546509 [PID:403905] [0] [ID:2] still running Suites.Auth.TC03 login invalid after 5.0s
[DEBUG]   2026-04-14 16:27:51.955206 [PID:403905] [0] [ID:2] still running Suites.Auth.TC03 login invalid after 15.0s
[DEBUG]   2026-04-14 16:27:59.701017 [PID:397385] [1] [ID:1] still running Suites.Auth.TC02 login valid after 105.0s
[DEBUG]   2026-04-14 16:28:07.026793 [PID:403905] [0] [ID:2] still running Suites.Auth.TC03 login invalid after 30.0s
[DEBUG]   2026-04-14 16:28:27.085805 [PID:403905] [0] [ID:2] still running Suites.Auth.TC03 login invalid after 50.0s
[DEBUG]   2026-04-14 16:28:34.814671 [PID:397385] [1] [ID:1] still running Suites.Auth.TC02 login valid after 140.0s
[DEBUG]   2026-04-14 16:28:52.154619 [PID:403905] [0] [ID:2] still running Suites.Auth.TC03 login invalid after 75.0s
[DEBUG]   2026-04-14 16:29:14.900586 [PID:397385] [1] [ID:1] still running Suites.Auth.TC02 login valid after 180.0s
[DEBUG]   2026-04-14 16:29:22.222212 [PID:403905] [0] [ID:2] still running Suites.Auth.TC03 login invalid after 105.0s
[DEBUG]   2026-04-14 16:29:57.303421 [PID:403905] [0] [ID:2] still running Suites.Auth.TC03 login invalid after 140.0s
[DEBUG]   2026-04-14 16:30:00.008599 [PID:397385] [1] [ID:1] still running Suites.Auth.TC02 login valid after 225.0s
[DEBUG]   2026-04-14 16:30:37.394372 [PID:403905] [0] [ID:2] still running Suites.Auth.TC03 login invalid after 180.0s
[DEBUG]   2026-04-14 16:30:50.116181 [PID:397385] [1] [ID:1] still running Suites.Auth.TC02 login valid after 275.0s
[DEBUG]   2026-04-14 16:31:22.504796 [PID:403905] [0] [ID:2] still running Suites.Auth.TC03 login invalid after 225.0s
[DEBUG]   2026-04-14 16:31:45.283476 [PID:397385] [1] [ID:1] still running Suites.Auth.TC02 login valid after 330.0s
[DEBUG]   2026-04-14 16:32:12.652496 [PID:403905] [0] [ID:2] still running Suites.Auth.TC03 login invalid after 275.0s
[INFO]    2026-04-14 16:32:31.855710 [PID:397385] [1] [ID:1] Execution failed in Suites.Auth.TC02 login valid with 1 failing test(s)
==============================================================================
Suites
==============================================================================
Suites.Auth
==============================================================================
Suites.Auth.TC02 login valid
==============================================================================
TC02 Login User With Correct Email And Password                       | FAIL |
ReadTimeoutError: HTTPConnectionPool(host='localhost', port=46131): Read timed out. (read timeout=120)
------------------------------------------------------------------------------
Suites.Auth.TC02 login valid                                          | FAIL |
1 test, 0 passed, 1 failed
==============================================================================
Suites.Auth                                                           | FAIL |
1 test, 0 passed, 1 failed
==============================================================================
Suites                                                                | FAIL |
1 test, 0 passed, 1 failed
==============================================================================
Output:  /home/surendra.cv/projects/practice/robot-framework/reports/pabot_results/1/output.xml

[ WARN ] Retrying (Retry(total=2, connect=None, read=None, redirect=None, status=None)) after connection broken by 'ReadTimeoutError("HTTPConnectionPool(host='localhost', port=46131): Read timed out. (read timeout=120)")': /session/f457c8ef302e2d31e34553254966ceb8/screenshot
[ WARN ] Account deletion confirmation not visible; continuing without failing teardown.
[DEBUG]   2026-04-14 16:32:31.902610 [PID:405122] [1] [ID:3] EXECUTING Suites.Auth.TC04 logout user
[DEBUG]   2026-04-14 16:32:36.957464 [PID:405122] [1] [ID:3] still running Suites.Auth.TC04 logout user after 5.0s
[DEBUG]   2026-04-14 16:32:46.983566 [PID:405122] [1] [ID:3] still running Suites.Auth.TC04 logout user after 15.0s
[DEBUG]   2026-04-14 16:33:02.050489 [PID:405122] [1] [ID:3] still running Suites.Auth.TC04 logout user after 30.0s
[INFO]    2026-04-14 16:33:06.305469 [PID:403905] [0] [ID:2] Execution failed in Suites.Auth.TC03 login invalid with 1 failing test(s)
==============================================================================
Suites
==============================================================================
Suites.Auth
==============================================================================
Suites.Auth.TC03 login invalid
==============================================================================
TC03 Login User With Incorrect Email And Password                     | FAIL |
ReadTimeoutError: HTTPConnectionPool(host='localhost', port=43381): Read timed out. (read timeout=120)
------------------------------------------------------------------------------
Suites.Auth.TC03 login invalid                                        | FAIL |
1 test, 0 passed, 1 failed
==============================================================================
Suites.Auth                                                           | FAIL |
1 test, 0 passed, 1 failed
==============================================================================
Suites                                                                | FAIL |
1 test, 0 passed, 1 failed
==============================================================================
Output:  /home/surendra.cv/projects/practice/robot-framework/reports/pabot_results/2/output.xml

[ WARN ] Retrying (Retry(total=2, connect=None, read=None, redirect=None, status=None)) after connection broken by 'ReadTimeoutError("HTTPConnectionPool(host='localhost', port=43381): Read timed out. (read timeout=120)")': /session/75ce5a8003513dbc5cd0f702951b61fa/screenshot
[DEBUG]   2026-04-14 16:33:06.321631 [PID:405691] [0] [ID:4] EXECUTING Suites.Auth.TC05 register existing email
[DEBUG]   2026-04-14 16:33:11.366904 [PID:405691] [0] [ID:4] still running Suites.Auth.TC05 register existing email after 5.0s
[DEBUG]   2026-04-14 16:33:21.409579 [PID:405691] [0] [ID:4] still running Suites.Auth.TC05 register existing email after 15.0s
[DEBUG]   2026-04-14 16:33:22.177594 [PID:405122] [1] [ID:3] still running Suites.Auth.TC04 logout user after 50.0s
[DEBUG]   2026-04-14 16:33:36.455163 [PID:405691] [0] [ID:4] still running Suites.Auth.TC05 register existing email after 30.0s
[DEBUG]   2026-04-14 16:33:47.236306 [PID:405122] [1] [ID:3] still running Suites.Auth.TC04 logout user after 75.0s
[DEBUG]   2026-04-14 16:33:56.494146 [PID:405691] [0] [ID:4] still running Suites.Auth.TC05 register existing email after 50.0s
[INFO]    2026-04-14 16:33:58.568247 [PID:405122] [1] [ID:3] Execution failed in Suites.Auth.TC04 logout user with 1 failing test(s)
==============================================================================
Suites
==============================================================================
Suites.Auth
==============================================================================
Suites.Auth.TC04 logout user
==============================================================================
TC04 Logout User                                                      | FAIL |
Setup failed:
WebDriverException: Message: unknown error: net::ERR_NAME_NOT_RESOLVED
  (Session info: chrome=145.0.7632.116)
Stacktrace:
#0 0x56383fff9b6a <unknown>
#1 0x56383fa0ca32 <unknown>
#2 0x56383fa037ba <unknown>
#3 0x56383f9f4481 <unknown>
#4 0x56383f9f627c <unknown>
#5 0x56383f9f4979 <unknown>
#6 0x56383f9f4065 <unknown>
#7 0x56383f9f3c16 <unknown>
#8 0x56383f9f1731 <unknown>
#9 0x56383f9f1f80 <unknown>
#10 0x56383fa1041d <unknown>
#11 0x56383faaafeb <unknown>
#12 0x56383faaa369 <unknown>
#13 0x56383fa53c0f <unknown>
#14 0x56383fa549d1 <unknown>
#15 0x56383ffbe6b9 <unknown>
#16 0x56383ffc15c1 <unknown>
#17 0x56383ffaae29 <unknown>
#18 0x56383ffc217e <unknown>
#19 0x56383ff914b0 <unknown>
#20 0x56383ffe6578 <unknown>
#21 0x56383ffe674b <unknown>
#22 0x56383fff81a3 <unknown>
#23 0x7f85c4543aa4 <unknown>
#24 0x7f85c45d0c6c <unknown>
------------------------------------------------------------------------------
Suites.Auth.TC04 logout user                                          | FAIL |
1 test, 0 passed, 1 failed
==============================================================================
Suites.Auth                                                           | FAIL |
1 test, 0 passed, 1 failed
==============================================================================
Suites                                                                | FAIL |
1 test, 0 passed, 1 failed
==============================================================================
Output:  /home/surendra.cv/projects/practice/robot-framework/reports/pabot_results/3/output.xml
[DEBUG]   2026-04-14 16:33:58.576882 [PID:406290] [1] [ID:5] EXECUTING Suites.Cart.TC12 add products to cart
[DEBUG]   2026-04-14 16:34:03.586037 [PID:406290] [1] [ID:5] still running Suites.Cart.TC12 add products to cart after 5.0s
[DEBUG]   2026-04-14 16:34:13.604084 [PID:406290] [1] [ID:5] still running Suites.Cart.TC12 add products to cart after 15.0s
[DEBUG]   2026-04-14 16:34:21.539479 [PID:405691] [0] [ID:4] still running Suites.Auth.TC05 register existing email after 75.0s
[DEBUG]   2026-04-14 16:34:28.630835 [PID:406290] [1] [ID:5] still running Suites.Cart.TC12 add products to cart after 30.0s
[INFO]    2026-04-14 16:34:33.075877 [PID:405691] [0] [ID:4] Execution failed in Suites.Auth.TC05 register existing email with 1 failing test(s)
==============================================================================
Suites
==============================================================================
Suites.Auth
==============================================================================
Suites.Auth.TC05 register existing email
==============================================================================
TC05 Register User With Existing Email                                | FAIL |
Setup failed:
WebDriverException: Message: unknown error: net::ERR_NAME_NOT_RESOLVED
  (Session info: chrome=145.0.7632.116)
Stacktrace:
#0 0x55b541b56b6a <unknown>
#1 0x55b541569a32 <unknown>
#2 0x55b5415607ba <unknown>
#3 0x55b541551481 <unknown>
#4 0x55b54155327c <unknown>
#5 0x55b541551979 <unknown>
#6 0x55b541551065 <unknown>
#7 0x55b541550c16 <unknown>
#8 0x55b54154e731 <unknown>
#9 0x55b54154ef80 <unknown>
#10 0x55b54156d41d <unknown>
#11 0x55b541607feb <unknown>
#12 0x55b541607369 <unknown>
#13 0x55b5415b0c0f <unknown>
#14 0x55b5415b19d1 <unknown>
#15 0x55b541b1b6b9 <unknown>
#16 0x55b541b1e5c1 <unknown>
#17 0x55b541b07e29 <unknown>
#18 0x55b541b1f17e <unknown>
#19 0x55b541aee4b0 <unknown>
#20 0x55b541b43578 <unknown>
#21 0x55b541b4374b <unknown>
#22 0x55b541b551a3 <unknown>
#23 0x7fd512553aa4 <unknown>
#24 0x7fd5125e0c6c <unknown>
------------------------------------------------------------------------------
Suites.Auth.TC05 register existing email                              | FAIL |
1 test, 0 passed, 1 failed
==============================================================================
Suites.Auth                                                           | FAIL |
1 test, 0 passed, 1 failed
==============================================================================
Suites                                                                | FAIL |
1 test, 0 passed, 1 failed
==============================================================================
Output:  /home/surendra.cv/projects/practice/robot-framework/reports/pabot_results/4/output.xml
[DEBUG]   2026-04-14 16:34:33.083557 [PID:406868] [0] [ID:6] EXECUTING Suites.Cart.TC13 verify product quantity
[DEBUG]   2026-04-14 16:34:38.095675 [PID:406868] [0] [ID:6] still running Suites.Cart.TC13 verify product quantity after 5.0s
[DEBUG]   2026-04-14 16:34:48.115222 [PID:406868] [0] [ID:6] still running Suites.Cart.TC13 verify product quantity after 15.0s
[DEBUG]   2026-04-14 16:34:48.681560 [PID:406290] [1] [ID:5] still running Suites.Cart.TC12 add products to cart after 50.0s
[DEBUG]   2026-04-14 16:35:03.143031 [PID:406868] [0] [ID:6] still running Suites.Cart.TC13 verify product quantity after 30.0s
[DEBUG]   2026-04-14 16:35:13.728254 [PID:406290] [1] [ID:5] still running Suites.Cart.TC12 add products to cart after 75.0s
[INFO]    2026-04-14 16:35:19.747388 [PID:406290] [1] [ID:5] Execution failed in Suites.Cart.TC12 add products to cart with 1 failing test(s)
==============================================================================
Suites
==============================================================================
Suites.Cart
==============================================================================
Suites.Cart.TC12 add products to cart :: TC12 - Add Products In Cart
==============================================================================
TC12 Add Products In Cart                                             | FAIL |
Setup failed:
WebDriverException: Message: unknown error: net::ERR_NAME_NOT_RESOLVED
  (Session info: chrome=145.0.7632.116)
Stacktrace:
#0 0x55aa513a5b6a <unknown>
#1 0x55aa50db8a32 <unknown>
#2 0x55aa50daf7ba <unknown>
#3 0x55aa50da0481 <unknown>
#4 0x55aa50da227c <unknown>
#5 0x55aa50da0979 <unknown>
#6 0x55aa50da0065 <unknown>
#7 0x55aa50d9fc16 <unknown>
#8 0x55aa50d9d731 <unknown>
#9 0x55aa50d9df80 <unknown>
#10 0x55aa50dbc41d <unknown>
#11 0x55aa50e56feb <unknown>
#12 0x55aa50e56369 <unknown>
#13 0x55aa50dffc0f <unknown>
#14 0x55aa50e009d1 <unknown>
#15 0x55aa5136a6b9 <unknown>
#16 0x55aa5136d5c1 <unknown>
#17 0x55aa51356e29 <unknown>
#18 0x55aa5136e17e <unknown>
#19 0x55aa5133d4b0 <unknown>
#20 0x55aa51392578 <unknown>
#21 0x55aa5139274b <unknown>
#22 0x55aa513a41a3 <unknown>
#23 0x7f7476304aa4 <unknown>
#24 0x7f7476391c6c <unknown>
------------------------------------------------------------------------------
Suites.Cart.TC12 add products to cart :: TC12 - Add Products In Cart  | FAIL |
1 test, 0 passed, 1 failed
==============================================================================
Suites.Cart                                                           | FAIL |
1 test, 0 passed, 1 failed
==============================================================================
Suites                                                                | FAIL |
1 test, 0 passed, 1 failed
==============================================================================
Output:  /home/surendra.cv/projects/practice/robot-framework/reports/pabot_results/5/output.xml
[DEBUG]   2026-04-14 16:35:19.755090 [PID:407462] [1] [ID:7] EXECUTING Suites.Cart.TC17 remove products from cart
[DEBUG]   2026-04-14 16:35:23.180345 [PID:406868] [0] [ID:6] still running Suites.Cart.TC13 verify product quantity after 50.0s
[DEBUG]   2026-04-14 16:35:24.765904 [PID:407462] [1] [ID:7] still running Suites.Cart.TC17 remove products from cart after 5.0s
[DEBUG]   2026-04-14 16:35:34.787982 [PID:407462] [1] [ID:7] still running Suites.Cart.TC17 remove products from cart after 15.0s
[DEBUG]   2026-04-14 16:35:48.231099 [PID:406868] [0] [ID:6] still running Suites.Cart.TC13 verify product quantity after 75.0s
[DEBUG]   2026-04-14 16:35:49.814954 [PID:407462] [1] [ID:7] still running Suites.Cart.TC17 remove products from cart after 30.0s
[INFO]    2026-04-14 16:35:54.661973 [PID:406868] [0] [ID:6] Execution failed in Suites.Cart.TC13 verify product quantity with 1 failing test(s)
==============================================================================
Suites
==============================================================================
Suites.Cart
==============================================================================
Suites.Cart.TC13 verify product quantity :: TC13 - Verify Product Quantity ...
==============================================================================
TC13 Verify Product Quantity In Cart                                  | FAIL |
Setup failed:
WebDriverException: Message: unknown error: net::ERR_NAME_NOT_RESOLVED
  (Session info: chrome=145.0.7632.116)
Stacktrace:
#0 0x55e2bcca6b6a <unknown>
#1 0x55e2bc6b9a32 <unknown>
#2 0x55e2bc6b07ba <unknown>
#3 0x55e2bc6a1481 <unknown>
#4 0x55e2bc6a327c <unknown>
#5 0x55e2bc6a1979 <unknown>
#6 0x55e2bc6a1065 <unknown>
#7 0x55e2bc6a0c16 <unknown>
#8 0x55e2bc69e731 <unknown>
#9 0x55e2bc69ef80 <unknown>
#10 0x55e2bc6bd41d <unknown>
#11 0x55e2bc757feb <unknown>
#12 0x55e2bc757369 <unknown>
#13 0x55e2bc700c0f <unknown>
#14 0x55e2bc7019d1 <unknown>
#15 0x55e2bcc6b6b9 <unknown>
#16 0x55e2bcc6e5c1 <unknown>
#17 0x55e2bcc57e29 <unknown>
#18 0x55e2bcc6f17e <unknown>
#19 0x55e2bcc3e4b0 <unknown>
#20 0x55e2bcc93578 <unknown>
#21 0x55e2bcc9374b <unknown>
#22 0x55e2bcca51a3 <unknown>
#23 0x7fdeb069aaa4 <unknown>
#24 0x7fdeb0727c6c <unknown>
------------------------------------------------------------------------------
Suites.Cart.TC13 verify product quantity :: TC13 - Verify Product ... | FAIL |
1 test, 0 passed, 1 failed
==============================================================================
Suites.Cart                                                           | FAIL |
1 test, 0 passed, 1 failed
==============================================================================
Suites                                                                | FAIL |
1 test, 0 passed, 1 failed
==============================================================================
Output:  /home/surendra.cv/projects/practice/robot-framework/reports/pabot_results/6/output.xml
[DEBUG]   2026-04-14 16:35:54.670435 [PID:408042] [0] [ID:8] EXECUTING Suites.Cart.TC20 search and verify cart after login
[DEBUG]   2026-04-14 16:35:59.680325 [PID:408042] [0] [ID:8] still running Suites.Cart.TC20 search and verify cart after login after 5.0s
[DEBUG]   2026-04-14 16:36:09.700140 [PID:408042] [0] [ID:8] still running Suites.Cart.TC20 search and verify cart after login after 15.0s
[DEBUG]   2026-04-14 16:36:09.851566 [PID:407462] [1] [ID:7] still running Suites.Cart.TC17 remove products from cart after 50.0s
[DEBUG]   2026-04-14 16:36:24.728366 [PID:408042] [0] [ID:8] still running Suites.Cart.TC20 search and verify cart after login after 30.0s
[DEBUG]   2026-04-14 16:36:34.911073 [PID:407462] [1] [ID:7] still running Suites.Cart.TC17 remove products from cart after 75.0s
[INFO]    2026-04-14 16:36:41.633046 [PID:407462] [1] [ID:7] Execution failed in Suites.Cart.TC17 remove products from cart with 1 failing test(s)
==============================================================================
Suites
==============================================================================
Suites.Cart
==============================================================================
Suites.Cart.TC17 remove products from cart :: TC17 - Remove Products From Cart
==============================================================================
TC17 Remove Products From Cart                                        | FAIL |
Setup failed:
WebDriverException: Message: unknown error: net::ERR_NAME_NOT_RESOLVED
  (Session info: chrome=145.0.7632.116)
Stacktrace:
#0 0x556000e7eb6a <unknown>
#1 0x556000891a32 <unknown>
#2 0x5560008887ba <unknown>
#3 0x556000879481 <unknown>
#4 0x55600087b27c <unknown>
#5 0x556000879979 <unknown>
#6 0x556000879065 <unknown>
#7 0x556000878c16 <unknown>
#8 0x556000876731 <unknown>
#9 0x556000876f80 <unknown>
#10 0x55600089541d <unknown>
#11 0x55600092ffeb <unknown>
#12 0x55600092f369 <unknown>
#13 0x5560008d8c0f <unknown>
#14 0x5560008d99d1 <unknown>
#15 0x556000e436b9 <unknown>
#16 0x556000e465c1 <unknown>
#17 0x556000e2fe29 <unknown>
#18 0x556000e4717e <unknown>
#19 0x556000e164b0 <unknown>
#20 0x556000e6b578 <unknown>
#21 0x556000e6b74b <unknown>
#22 0x556000e7d1a3 <unknown>
#23 0x7f4b53a8aaa4 <unknown>
#24 0x7f4b53b17c6c <unknown>
------------------------------------------------------------------------------
Suites.Cart.TC17 remove products from cart :: TC17 - Remove Produc... | FAIL |
1 test, 0 passed, 1 failed
==============================================================================
Suites.Cart                                                           | FAIL |
1 test, 0 passed, 1 failed
==============================================================================
Suites                                                                | FAIL |
1 test, 0 passed, 1 failed
==============================================================================
Output:  /home/surendra.cv/projects/practice/robot-framework/reports/pabot_results/7/output.xml
[DEBUG]   2026-04-14 16:36:41.643168 [PID:408640] [1] [ID:9] EXECUTING Suites.Cart.TC22 add from recommended items
[DEBUG]   2026-04-14 16:36:44.768447 [PID:408042] [0] [ID:8] still running Suites.Cart.TC20 search and verify cart after login after 50.0s
[DEBUG]   2026-04-14 16:36:46.653370 [PID:408640] [1] [ID:9] still running Suites.Cart.TC22 add from recommended items after 5.0s
[INFO]    2026-04-14 16:36:50.089146 [PID:408042] [0] [ID:8] Execution failed in Suites.Cart.TC20 search and verify cart after login with 1 failing test(s)
==============================================================================
Suites
==============================================================================
Suites.Cart
==============================================================================
Suites.Cart.TC20 search and verify cart after login :: TC20 - Search Produc...
==============================================================================
TC20 Search Products And Verify Cart After Login                      | FAIL |
Setup failed:
WebDriverException: Message: unknown error: net::ERR_NAME_NOT_RESOLVED
  (Session info: chrome=145.0.7632.116)
Stacktrace:
#0 0x55a2944adb6a <unknown>
#1 0x55a293ec0a32 <unknown>
#2 0x55a293eb77ba <unknown>
#3 0x55a293ea8481 <unknown>
#4 0x55a293eaa27c <unknown>
#5 0x55a293ea8979 <unknown>
#6 0x55a293ea8065 <unknown>
#7 0x55a293ea7c16 <unknown>
#8 0x55a293ea5731 <unknown>
#9 0x55a293ea5f80 <unknown>
#10 0x55a293ec441d <unknown>
#11 0x55a293f5efeb <unknown>
#12 0x55a293f5e369 <unknown>
#13 0x55a293f07c0f <unknown>
#14 0x55a293f089d1 <unknown>
#15 0x55a2944726b9 <unknown>
#16 0x55a2944755c1 <unknown>
#17 0x55a29445ee29 <unknown>
#18 0x55a29447617e <unknown>
#19 0x55a2944454b0 <unknown>
#20 0x55a29449a578 <unknown>
#21 0x55a29449a74b <unknown>
#22 0x55a2944ac1a3 <unknown>
#23 0x7eff0104daa4 <unknown>
#24 0x7eff010dac6c <unknown>
------------------------------------------------------------------------------
Suites.Cart.TC20 search and verify cart after login :: TC20 - Sear... | FAIL |
1 test, 0 passed, 1 failed
==============================================================================
Suites.Cart                                                           | FAIL |
1 test, 0 passed, 1 failed
==============================================================================
Suites                                                                | FAIL |
1 test, 0 passed, 1 failed
==============================================================================
Output:  /home/surendra.cv/projects/practice/robot-framework/reports/pabot_results/8/output.xml
[DEBUG]   2026-04-14 16:36:56.672591 [PID:408640] [1] [ID:9] still running Suites.Cart.TC22 add from recommended items after 15.0s
[DEBUG]   2026-04-14 16:37:11.702160 [PID:408640] [1] [ID:9] still running Suites.Cart.TC22 add from recommended items after 30.0s
[DEBUG]   2026-04-14 16:37:31.737961 [PID:408640] [1] [ID:9] still running Suites.Cart.TC22 add from recommended items after 50.0s
[DEBUG]   2026-04-14 16:37:56.789435 [PID:408640] [1] [ID:9] still running Suites.Cart.TC22 add from recommended items after 75.0s
[INFO]    2026-04-14 16:38:03.008255 [PID:408640] [1] [ID:9] Execution failed in Suites.Cart.TC22 add from recommended items with 1 failing test(s)
==============================================================================
Suites
==============================================================================
Suites.Cart
==============================================================================
Suites.Cart.TC22 add from recommended items :: TC22 - Add To Cart From Reco...
==============================================================================
TC22 Add To Cart From Recommended Items                               | FAIL |
Setup failed:
WebDriverException: Message: unknown error: net::ERR_NAME_NOT_RESOLVED
  (Session info: chrome=145.0.7632.116)
Stacktrace:
#0 0x556d9b395b6a <unknown>
#1 0x556d9ada8a32 <unknown>
#2 0x556d9ad9f7ba <unknown>
#3 0x556d9ad90481 <unknown>
#4 0x556d9ad9227c <unknown>
#5 0x556d9ad90979 <unknown>
#6 0x556d9ad90065 <unknown>
#7 0x556d9ad8fc16 <unknown>
#8 0x556d9ad8d731 <unknown>
#9 0x556d9ad8df80 <unknown>
#10 0x556d9adac41d <unknown>
#11 0x556d9ae46feb <unknown>
#12 0x556d9ae46369 <unknown>
#13 0x556d9adefc0f <unknown>
#14 0x556d9adf09d1 <unknown>
#15 0x556d9b35a6b9 <unknown>
#16 0x556d9b35d5c1 <unknown>
#17 0x556d9b346e29 <unknown>
#18 0x556d9b35e17e <unknown>
#19 0x556d9b32d4b0 <unknown>
#20 0x556d9b382578 <unknown>
#21 0x556d9b38274b <unknown>
#22 0x556d9b3941a3 <unknown>
#23 0x7f6344060aa4 <unknown>
#24 0x7f63440edc6c <unknown>
------------------------------------------------------------------------------
Suites.Cart.TC22 add from recommended items :: TC22 - Add To Cart ... | FAIL |
1 test, 0 passed, 1 failed
==============================================================================
Suites.Cart                                                           | FAIL |
1 test, 0 passed, 1 failed
==============================================================================
Suites                                                                | FAIL |
1 test, 0 passed, 1 failed
==============================================================================
Output:  /home/surendra.cv/projects/practice/robot-framework/reports/pabot_results/9/output.xml
[INFO]    15 tests, 6 passed, 9 failed, 0 skipped.
[INFO]    ===================================================
[INFO]    Output:  /home/surendra.cv/projects/practice/robot-framework/reports/output.xml
[INFO]    Log:     /home/surendra.cv/projects/practice/robot-framework/reports/log.html
[INFO]    Report:  /home/surendra.cv/projects/practice/robot-framework/reports/report.html
[WARNING] [ WARNING ] One or more subprocesses encountered an error and the internal .xml files could not be generated. Please check the following stderr files to identify the cause:
[WARNING] 'reports/pabot_results/19/robot_stderr.out'
[WARNING] 'reports/pabot_results/14/robot_stderr.out'
[WARNING] 'reports/pabot_results/16/robot_stderr.out'
[WARNING] 'reports/pabot_results/20/robot_stderr.out'
[ERROR]   [ ERROR ] The output, log and report files produced by Pabot are incomplete and do not contain all test cases.
[DEBUG]   Finalizing Pabot execution...
[DEBUG]   Stopping PabotLib process
[INFO]    Robot Framework remote server at 127.0.0.1:45909 stopped.
[DEBUG]   PabotLib process stopped
[INFO]    Total testing: 22 minutes 20.80 seconds
[INFO]    Elapsed time:  11 minutes 48.43 seconds
[DEBUG]   Logs flushed successfully.
