[INFO]    Initialized logging in reports/pabot_results
[INFO]    Robot Framework remote server at 127.0.0.1:8270 started.
[DEBUG]   2026-04-15 02:59:26.977094 [PID:2395] [0] [ID:0] EXECUTING Suites.Auth.TC01 register user
[DEBUG]   2026-04-15 02:59:26.978734 [PID:2396] [1] [ID:1] EXECUTING Suites.Auth.TC02 login valid
[DEBUG]   2026-04-15 02:59:31.983853 [PID:2395] [0] [ID:0] still running Suites.Auth.TC01 register user after 5.0s
[DEBUG]   2026-04-15 02:59:31.984129 [PID:2396] [1] [ID:1] still running Suites.Auth.TC02 login valid after 5.0s
[DEBUG]   2026-04-15 02:59:42.003326 [PID:2395] [0] [ID:0] still running Suites.Auth.TC01 register user after 15.0s
[DEBUG]   2026-04-15 02:59:42.003767 [PID:2396] [1] [ID:1] still running Suites.Auth.TC02 login valid after 15.0s
[DEBUG]   2026-04-15 02:59:57.022720 [PID:2396] [1] [ID:1] still running Suites.Auth.TC02 login valid after 30.0s
[DEBUG]   2026-04-15 02:59:57.023855 [PID:2395] [0] [ID:0] still running Suites.Auth.TC01 register user after 30.0s
[INFO]    2026-04-15 03:00:02.534989 [PID:2395] [0] [ID:0] PASSED Suites.Auth.TC01 register user in 35.6 seconds
[DEBUG]   2026-04-15 03:00:02.540691 [PID:2884] [0] [ID:2] EXECUTING Suites.Auth.TC03 login invalid
[INFO]    2026-04-15 03:00:06.245836 [PID:2396] [1] [ID:1] PASSED Suites.Auth.TC02 login valid in 39.3 seconds
[DEBUG]   2026-04-15 03:00:06.250996 [PID:3050] [1] [ID:3] EXECUTING Suites.Auth.TC04 logout user
[DEBUG]   2026-04-15 03:00:07.553828 [PID:2884] [0] [ID:2] still running Suites.Auth.TC03 login invalid after 5.0s
[DEBUG]   2026-04-15 03:00:11.260991 [PID:3050] [1] [ID:3] still running Suites.Auth.TC04 logout user after 5.0s
[DEBUG]   2026-04-15 03:00:17.569521 [PID:2884] [0] [ID:2] still running Suites.Auth.TC03 login invalid after 15.0s
[INFO]    2026-04-15 03:00:17.673136 [PID:2884] [0] [ID:2] PASSED Suites.Auth.TC03 login invalid in 15.1 seconds
[DEBUG]   2026-04-15 03:00:17.677929 [PID:3287] [0] [ID:4] EXECUTING Suites.Auth.TC05 register existing email
[DEBUG]   2026-04-15 03:00:21.279944 [PID:3050] [1] [ID:3] still running Suites.Auth.TC04 logout user after 15.0s
[DEBUG]   2026-04-15 03:00:22.688521 [PID:3287] [0] [ID:4] still running Suites.Auth.TC05 register existing email after 5.0s
[DEBUG]   2026-04-15 03:00:32.701099 [PID:3287] [0] [ID:4] still running Suites.Auth.TC05 register existing email after 15.0s
[DEBUG]   2026-04-15 03:00:36.299545 [PID:3050] [1] [ID:3] still running Suites.Auth.TC04 logout user after 30.0s
[INFO]    2026-04-15 03:00:39.406257 [PID:3050] [1] [ID:3] PASSED Suites.Auth.TC04 logout user in 33.2 seconds
[DEBUG]   2026-04-15 03:00:39.411258 [PID:3620] [1] [ID:5] EXECUTING Suites.Cart.TC12 add products to cart
[DEBUG]   2026-04-15 03:00:44.419112 [PID:3620] [1] [ID:5] still running Suites.Cart.TC12 add products to cart after 5.0s
[DEBUG]   2026-04-15 03:00:47.723157 [PID:3287] [0] [ID:4] still running Suites.Auth.TC05 register existing email after 30.0s
[INFO]    2026-04-15 03:00:53.535629 [PID:3287] [0] [ID:4] PASSED Suites.Auth.TC05 register existing email in 35.9 seconds
[DEBUG]   2026-04-15 03:00:53.539802 [PID:3852] [0] [ID:6] EXECUTING Suites.Cart.TC13 verify product quantity
[DEBUG]   2026-04-15 03:00:54.429963 [PID:3620] [1] [ID:5] still running Suites.Cart.TC12 add products to cart after 15.0s
[INFO]    2026-04-15 03:00:57.140096 [PID:3620] [1] [ID:5] PASSED Suites.Cart.TC12 add products to cart in 17.7 seconds
[DEBUG]   2026-04-15 03:00:57.145349 [PID:4055] [1] [ID:7] EXECUTING Suites.Cart.TC17 remove products from cart
[DEBUG]   2026-04-15 03:00:58.554810 [PID:3852] [0] [ID:6] still running Suites.Cart.TC13 verify product quantity after 5.0s
[DEBUG]   2026-04-15 03:01:02.153401 [PID:4055] [1] [ID:7] still running Suites.Cart.TC17 remove products from cart after 5.0s
[INFO]    2026-04-15 03:01:07.165945 [PID:3852] [0] [ID:6] PASSED Suites.Cart.TC13 verify product quantity in 13.6 seconds
[DEBUG]   2026-04-15 03:01:07.172751 [PID:4288] [0] [ID:8] EXECUTING Suites.Cart.TC20 search and verify cart after login
[DEBUG]   2026-04-15 03:01:12.168368 [PID:4055] [1] [ID:7] still running Suites.Cart.TC17 remove products from cart after 15.0s
[DEBUG]   2026-04-15 03:01:12.178693 [PID:4288] [0] [ID:8] still running Suites.Cart.TC20 search and verify cart after login after 5.0s
[INFO]    2026-04-15 03:01:15.175618 [PID:4055] [1] [ID:7] PASSED Suites.Cart.TC17 remove products from cart in 18.0 seconds
[DEBUG]   2026-04-15 03:01:15.179754 [PID:4524] [1] [ID:9] EXECUTING Suites.Cart.TC22 add from recommended items
[DEBUG]   2026-04-15 03:01:20.188285 [PID:4524] [1] [ID:9] still running Suites.Cart.TC22 add from recommended items after 5.0s
[DEBUG]   2026-04-15 03:01:22.189907 [PID:4288] [0] [ID:8] still running Suites.Cart.TC20 search and verify cart after login after 15.0s
[DEBUG]   2026-04-15 03:01:30.200775 [PID:4524] [1] [ID:9] still running Suites.Cart.TC22 add from recommended items after 15.0s
[INFO]    2026-04-15 03:01:31.305587 [PID:4524] [1] [ID:9] PASSED Suites.Cart.TC22 add from recommended items in 16.1 seconds
[DEBUG]   2026-04-15 03:01:37.206264 [PID:4288] [0] [ID:8] still running Suites.Cart.TC20 search and verify cart after login after 30.0s
[INFO]    2026-04-15 03:01:44.017402 [PID:4288] [0] [ID:8] PASSED Suites.Cart.TC20 search and verify cart after login in 36.8 seconds
[INFO]    10 tests, 10 passed, 0 failed, 0 skipped.
[INFO]    ===================================================
[INFO]    Output:  /home/runner/work/engg-robot-testing-framework/engg-robot-testing-framework/reports/output.xml
[INFO]    Log:     /home/runner/work/engg-robot-testing-framework/engg-robot-testing-framework/reports/log.html
[INFO]    Report:  /home/runner/work/engg-robot-testing-framework/engg-robot-testing-framework/reports/report.html
[DEBUG]   Finalizing Pabot execution...
[DEBUG]   Stopping PabotLib process
[INFO]    Robot Framework remote server at 127.0.0.1:8270 stopped.
[DEBUG]   PabotLib process stopped
[INFO]    Total testing: 4 minutes 21.29 seconds
[INFO]    Elapsed time:  2 minutes 17.63 seconds
[DEBUG]   Logs flushed successfully.
