2026-04-18 03:36:30.159990 ==============================================================================
2026-04-18 03:36:30.175445 Suites
2026-04-18 03:36:30.175496 ==============================================================================
2026-04-18 03:36:30.175511 Suites.Auth
2026-04-18 03:36:30.176401 ==============================================================================
2026-04-18 03:36:30.426882 Suites.Auth.TC02 login valid
2026-04-18 03:36:30.469196 ==============================================================================
2026-04-18 03:37:54.920819 TC02 Login User With Correct Email And Password                       | FAIL |
2026-04-18 03:37:54.940317 Element 'xpath=//a[contains(text(),'Logout')]' not visible after 45 seconds.
2026-04-18 03:37:54.940331 ------------------------------------------------------------------------------
2026-04-18 03:37:54.940340 Suites.Auth.TC02 login valid                                          | FAIL |
2026-04-18 03:37:54.941461 1 test, 0 passed, 1 failed
2026-04-18 03:37:54.941513 ==============================================================================
2026-04-18 03:37:54.941523 Suites.Auth                                                           | FAIL |
2026-04-18 03:37:54.941860 1 test, 0 passed, 1 failed
2026-04-18 03:37:54.941872 ==============================================================================
2026-04-18 03:37:54.941881 Suites                                                                | FAIL |
2026-04-18 03:37:54.942204 1 test, 0 passed, 1 failed
2026-04-18 03:37:54.942217 ==============================================================================
2026-04-18 03:37:54.942225 Output:  /home/runner/work/engg-robot-testing-framework/engg-robot-testing-framework/reports/pabot_results/1/output.xml
