2026-04-19 03:56:03.082067 ==============================================================================
2026-04-19 03:56:03.083481 Suites
2026-04-19 03:56:03.083493 ==============================================================================
2026-04-19 03:56:03.083499 Suites.Auth
2026-04-19 03:56:03.084215 ==============================================================================
2026-04-19 03:56:03.184452 Suites.Auth.TC04 logout user
2026-04-19 03:56:03.189328 ==============================================================================
2026-04-19 03:57:28.643360 [ WARN ] Native click failed on Delete Account; trying JS click fallback.
2026-04-19 03:57:29.296663 TC04 Logout User                                                      | FAIL |
2026-04-19 03:57:29.303517 Text 'Account Deleted' did not appear in 1 minute.
2026-04-19 03:57:29.303537 ------------------------------------------------------------------------------
2026-04-19 03:57:29.303550 Suites.Auth.TC04 logout user                                          | FAIL |
2026-04-19 03:57:29.304112 1 test, 0 passed, 1 failed
2026-04-19 03:57:29.304159 ==============================================================================
2026-04-19 03:57:29.304171 Suites.Auth                                                           | FAIL |
2026-04-19 03:57:29.304479 1 test, 0 passed, 1 failed
2026-04-19 03:57:29.304500 ==============================================================================
2026-04-19 03:57:29.304547 Suites                                                                | FAIL |
2026-04-19 03:57:29.304789 1 test, 0 passed, 1 failed
2026-04-19 03:57:29.304838 ==============================================================================
2026-04-19 03:57:29.304850 Output:  /home/runner/work/engg-robot-testing-framework/engg-robot-testing-framework/reports/pabot_results/3/output.xml
