[INFO]    Initialized logging in reports/pabot_results
[INFO]    Robot Framework remote server at 127.0.0.1:8270 started.
[DEBUG]   2026-04-22 03:47:34.064465 [PID:2386] [0] [ID:0] EXECUTING Suites.Auth.TC01 register user
[DEBUG]   2026-04-22 03:47:34.066042 [PID:2387] [1] [ID:1] EXECUTING Suites.Auth.TC02 login valid
[DEBUG]   2026-04-22 03:47:39.070592 [PID:2386] [0] [ID:0] still running Suites.Auth.TC01 register user after 5.0s
[DEBUG]   2026-04-22 03:47:39.071017 [PID:2387] [1] [ID:1] still running Suites.Auth.TC02 login valid after 5.0s
[DEBUG]   2026-04-22 03:47:49.084652 [PID:2387] [1] [ID:1] still running Suites.Auth.TC02 login valid after 15.0s
[DEBUG]   2026-04-22 03:47:49.091213 [PID:2386] [0] [ID:0] still running Suites.Auth.TC01 register user after 15.0s
[DEBUG]   2026-04-22 03:48:04.105986 [PID:2387] [1] [ID:1] still running Suites.Auth.TC02 login valid after 30.0s
[DEBUG]   2026-04-22 03:48:04.115594 [PID:2386] [0] [ID:0] still running Suites.Auth.TC01 register user after 30.0s
[INFO]    2026-04-22 03:48:13.527481 [PID:2386] [0] [ID:0] PASSED Suites.Auth.TC01 register user in 39.5 seconds
[DEBUG]   2026-04-22 03:48:13.532805 [PID:2890] [0] [ID:2] EXECUTING Suites.Auth.TC03 login invalid
[INFO]    2026-04-22 03:48:16.123505 [PID:2387] [1] [ID:1] PASSED Suites.Auth.TC02 login valid in 42.1 seconds
[DEBUG]   2026-04-22 03:48:16.128564 [PID:3054] [1] [ID:3] EXECUTING Suites.Auth.TC04 logout user
[DEBUG]   2026-04-22 03:48:18.542533 [PID:2890] [0] [ID:2] still running Suites.Auth.TC03 login invalid after 5.0s
[DEBUG]   2026-04-22 03:48:21.134743 [PID:3054] [1] [ID:3] still running Suites.Auth.TC04 logout user after 5.0s
[DEBUG]   2026-04-22 03:48:28.556285 [PID:2890] [0] [ID:2] still running Suites.Auth.TC03 login invalid after 15.0s
[INFO]    2026-04-22 03:48:28.759159 [PID:2890] [0] [ID:2] PASSED Suites.Auth.TC03 login invalid in 15.2 seconds
[DEBUG]   2026-04-22 03:48:28.763815 [PID:3302] [0] [ID:4] EXECUTING Suites.Auth.TC05 register existing email
[DEBUG]   2026-04-22 03:48:31.147442 [PID:3054] [1] [ID:3] still running Suites.Auth.TC04 logout user after 15.0s
[DEBUG]   2026-04-22 03:48:33.772778 [PID:3302] [0] [ID:4] still running Suites.Auth.TC05 register existing email after 5.0s
[DEBUG]   2026-04-22 03:48:43.783509 [PID:3302] [0] [ID:4] still running Suites.Auth.TC05 register existing email after 15.0s
[DEBUG]   2026-04-22 03:48:46.163892 [PID:3054] [1] [ID:3] still running Suites.Auth.TC04 logout user after 30.0s
[INFO]    2026-04-22 03:48:48.370817 [PID:3054] [1] [ID:3] PASSED Suites.Auth.TC04 logout user in 32.2 seconds
[DEBUG]   2026-04-22 03:48:48.377149 [PID:3597] [1] [ID:5] EXECUTING Suites.Cart.TC12 add products to cart
[DEBUG]   2026-04-22 03:48:53.386339 [PID:3597] [1] [ID:5] still running Suites.Cart.TC12 add products to cart after 5.0s
[DEBUG]   2026-04-22 03:48:58.805656 [PID:3302] [0] [ID:4] still running Suites.Auth.TC05 register existing email after 30.0s
[DEBUG]   2026-04-22 03:49:03.396559 [PID:3597] [1] [ID:5] still running Suites.Cart.TC12 add products to cart after 15.0s
[INFO]    2026-04-22 03:49:04.113701 [PID:3302] [0] [ID:4] PASSED Suites.Auth.TC05 register existing email in 35.4 seconds
[DEBUG]   2026-04-22 03:49:04.118704 [PID:3833] [0] [ID:6] EXECUTING Suites.Cart.TC13 verify product quantity
[INFO]    2026-04-22 03:49:06.603665 [PID:3597] [1] [ID:5] PASSED Suites.Cart.TC12 add products to cart in 18.2 seconds
[DEBUG]   2026-04-22 03:49:06.607734 [PID:3996] [1] [ID:7] EXECUTING Suites.Cart.TC17 remove products from cart
[DEBUG]   2026-04-22 03:49:09.126301 [PID:3833] [0] [ID:6] still running Suites.Cart.TC13 verify product quantity after 5.0s
[DEBUG]   2026-04-22 03:49:11.614546 [PID:3996] [1] [ID:7] still running Suites.Cart.TC17 remove products from cart after 5.0s
[INFO]    2026-04-22 03:49:17.737073 [PID:3833] [0] [ID:6] PASSED Suites.Cart.TC13 verify product quantity in 13.6 seconds
[DEBUG]   2026-04-22 03:49:17.742272 [PID:4233] [0] [ID:8] EXECUTING Suites.Cart.TC20 search and verify cart after login
[DEBUG]   2026-04-22 03:49:21.628339 [PID:3996] [1] [ID:7] still running Suites.Cart.TC17 remove products from cart after 15.0s
[DEBUG]   2026-04-22 03:49:22.753544 [PID:4233] [0] [ID:8] still running Suites.Cart.TC20 search and verify cart after login after 5.0s
[INFO]    2026-04-22 03:49:24.834851 [PID:3996] [1] [ID:7] PASSED Suites.Cart.TC17 remove products from cart in 18.2 seconds
[DEBUG]   2026-04-22 03:49:24.841129 [PID:4467] [1] [ID:9] EXECUTING Suites.Cart.TC22 add from recommended items
[DEBUG]   2026-04-22 03:49:29.848143 [PID:4467] [1] [ID:9] still running Suites.Cart.TC22 add from recommended items after 5.0s
[DEBUG]   2026-04-22 03:49:32.764688 [PID:4233] [0] [ID:8] still running Suites.Cart.TC20 search and verify cart after login after 15.0s
[DEBUG]   2026-04-22 03:49:39.861386 [PID:4467] [1] [ID:9] still running Suites.Cart.TC22 add from recommended items after 15.0s
[INFO]    2026-04-22 03:49:41.165802 [PID:4467] [1] [ID:9] PASSED Suites.Cart.TC22 add from recommended items in 16.3 seconds
[DEBUG]   2026-04-22 03:49:47.780450 [PID:4233] [0] [ID:8] still running Suites.Cart.TC20 search and verify cart after login after 30.0s
[INFO]    2026-04-22 03:49:55.891818 [PID:4233] [0] [ID:8] PASSED Suites.Cart.TC20 search and verify cart after login in 38.2 seconds
[INFO]    10 tests, 10 passed, 0 failed, 0 skipped.
[INFO]    ===================================================
[INFO]    Output:  /home/runner/work/engg-robot-testing-framework/engg-robot-testing-framework/reports/output.xml
[INFO]    Log:     /home/runner/work/engg-robot-testing-framework/engg-robot-testing-framework/reports/log.html
[INFO]    Report:  /home/runner/work/engg-robot-testing-framework/engg-robot-testing-framework/reports/report.html
[DEBUG]   Finalizing Pabot execution...
[DEBUG]   Stopping PabotLib process
[INFO]    Robot Framework remote server at 127.0.0.1:8270 stopped.
[DEBUG]   PabotLib process stopped
[INFO]    Total testing: 4 minutes 28.89 seconds
[INFO]    Elapsed time:  2 minutes 22.50 seconds
[DEBUG]   Logs flushed successfully.
