[INFO]    Initialized logging in reports/pabot_results
[INFO]    Robot Framework remote server at 127.0.0.1:8270 started.
[DEBUG]   2026-04-24 03:58:04.551311 [PID:2385] [0] [ID:0] EXECUTING Suites.Auth.TC01 register user
[DEBUG]   2026-04-24 03:58:04.553142 [PID:2386] [1] [ID:1] EXECUTING Suites.Auth.TC02 login valid
[DEBUG]   2026-04-24 03:58:09.559049 [PID:2385] [0] [ID:0] still running Suites.Auth.TC01 register user after 5.0s
[DEBUG]   2026-04-24 03:58:09.559211 [PID:2386] [1] [ID:1] still running Suites.Auth.TC02 login valid after 5.0s
[DEBUG]   2026-04-24 03:58:19.583347 [PID:2386] [1] [ID:1] still running Suites.Auth.TC02 login valid after 15.0s
[DEBUG]   2026-04-24 03:58:19.585598 [PID:2385] [0] [ID:0] still running Suites.Auth.TC01 register user after 15.0s
[DEBUG]   2026-04-24 03:58:34.611652 [PID:2386] [1] [ID:1] still running Suites.Auth.TC02 login valid after 30.0s
[DEBUG]   2026-04-24 03:58:34.614755 [PID:2385] [0] [ID:0] still running Suites.Auth.TC01 register user after 30.0s
[INFO]    2026-04-24 03:58:46.927525 [PID:2386] [1] [ID:1] PASSED Suites.Auth.TC02 login valid in 42.4 seconds
[DEBUG]   2026-04-24 03:58:46.933014 [PID:2899] [0] [ID:2] EXECUTING Suites.Auth.TC03 login invalid
[DEBUG]   2026-04-24 03:58:51.939914 [PID:2899] [0] [ID:2] still running Suites.Auth.TC03 login invalid after 5.0s
[DEBUG]   2026-04-24 03:58:54.637741 [PID:2385] [0] [ID:0] still running Suites.Auth.TC01 register user after 50.0s
[DEBUG]   2026-04-24 03:59:01.952638 [PID:2899] [0] [ID:2] still running Suites.Auth.TC03 login invalid after 15.0s
[INFO]    2026-04-24 03:59:02.756942 [PID:2899] [0] [ID:2] PASSED Suites.Auth.TC03 login invalid in 15.8 seconds
[DEBUG]   2026-04-24 03:59:02.762682 [PID:3148] [1] [ID:3] EXECUTING Suites.Auth.TC04 logout user
[DEBUG]   2026-04-24 03:59:07.777835 [PID:3148] [1] [ID:3] still running Suites.Auth.TC04 logout user after 5.0s
[DEBUG]   2026-04-24 03:59:17.791093 [PID:3148] [1] [ID:3] still running Suites.Auth.TC04 logout user after 15.0s
[DEBUG]   2026-04-24 03:59:19.678488 [PID:2385] [0] [ID:0] still running Suites.Auth.TC01 register user after 75.0s
[DEBUG]   2026-04-24 03:59:32.808892 [PID:3148] [1] [ID:3] still running Suites.Auth.TC04 logout user after 30.0s
[INFO]    2026-04-24 03:59:35.501269 [PID:2385] [0] [ID:0] Execution failed in Suites.Auth.TC01 register user with 1 failing test(s)
==============================================================================
Suites
==============================================================================
Suites.Auth
==============================================================================
Suites.Auth.TC01 register user
==============================================================================
TC01 Register User                                                    | FAIL |
Text 'Account Deleted' did not appear in 1 minute.
------------------------------------------------------------------------------
Suites.Auth.TC01 register user                                        | FAIL |
1 test, 0 passed, 1 failed
==============================================================================
Suites.Auth                                                           | FAIL |
1 test, 0 passed, 1 failed
==============================================================================
Suites                                                                | FAIL |
1 test, 0 passed, 1 failed
==============================================================================
Output:  /home/runner/work/engg-robot-testing-framework/engg-robot-testing-framework/reports/pabot_results/0/output.xml

[ WARN ] Native click failed on Delete Account; trying JS click fallback.
[DEBUG]   2026-04-24 03:59:35.505440 [PID:3591] [0] [ID:4] EXECUTING Suites.Auth.TC05 register existing email
[INFO]    2026-04-24 03:59:37.118896 [PID:3148] [1] [ID:3] PASSED Suites.Auth.TC04 logout user in 34.4 seconds
[DEBUG]   2026-04-24 03:59:37.123446 [PID:3736] [1] [ID:5] EXECUTING Suites.Cart.TC12 add products to cart
[DEBUG]   2026-04-24 03:59:40.522307 [PID:3591] [0] [ID:4] still running Suites.Auth.TC05 register existing email after 5.0s
[DEBUG]   2026-04-24 03:59:42.136451 [PID:3736] [1] [ID:5] still running Suites.Cart.TC12 add products to cart after 5.0s
[DEBUG]   2026-04-24 03:59:50.533244 [PID:3591] [0] [ID:4] still running Suites.Auth.TC05 register existing email after 15.0s
[DEBUG]   2026-04-24 03:59:52.147813 [PID:3736] [1] [ID:5] still running Suites.Cart.TC12 add products to cart after 15.0s
[INFO]    2026-04-24 03:59:54.853751 [PID:3736] [1] [ID:5] PASSED Suites.Cart.TC12 add products to cart in 17.7 seconds
[DEBUG]   2026-04-24 03:59:54.858057 [PID:4074] [0] [ID:6] EXECUTING Suites.Cart.TC13 verify product quantity
[DEBUG]   2026-04-24 03:59:59.866237 [PID:4074] [0] [ID:6] still running Suites.Cart.TC13 verify product quantity after 5.0s
[DEBUG]   2026-04-24 04:00:05.559385 [PID:3591] [0] [ID:4] still running Suites.Auth.TC05 register existing email after 30.0s
[INFO]    2026-04-24 04:00:08.778322 [PID:4074] [0] [ID:6] PASSED Suites.Cart.TC13 verify product quantity in 13.9 seconds
[DEBUG]   2026-04-24 04:00:08.782578 [PID:4350] [1] [ID:7] EXECUTING Suites.Cart.TC17 remove products from cart
[INFO]    2026-04-24 04:00:12.871533 [PID:3591] [0] [ID:4] PASSED Suites.Auth.TC05 register existing email in 37.4 seconds
[DEBUG]   2026-04-24 04:00:12.876199 [PID:4514] [0] [ID:8] EXECUTING Suites.Cart.TC20 search and verify cart after login
[DEBUG]   2026-04-24 04:00:13.790429 [PID:4350] [1] [ID:7] still running Suites.Cart.TC17 remove products from cart after 5.0s
[DEBUG]   2026-04-24 04:00:17.884334 [PID:4514] [0] [ID:8] still running Suites.Cart.TC20 search and verify cart after login after 5.0s
[DEBUG]   2026-04-24 04:00:23.801853 [PID:4350] [1] [ID:7] still running Suites.Cart.TC17 remove products from cart after 15.0s
[INFO]    2026-04-24 04:00:27.008975 [PID:4350] [1] [ID:7] PASSED Suites.Cart.TC17 remove products from cart in 18.2 seconds
[DEBUG]   2026-04-24 04:00:27.014166 [PID:4848] [1] [ID:9] EXECUTING Suites.Cart.TC22 add from recommended items
[DEBUG]   2026-04-24 04:00:27.896339 [PID:4514] [0] [ID:8] still running Suites.Cart.TC20 search and verify cart after login after 15.0s
[DEBUG]   2026-04-24 04:00:32.023004 [PID:4848] [1] [ID:9] still running Suites.Cart.TC22 add from recommended items after 5.0s
[DEBUG]   2026-04-24 04:00:42.037281 [PID:4848] [1] [ID:9] still running Suites.Cart.TC22 add from recommended items after 15.0s
[DEBUG]   2026-04-24 04:00:42.920769 [PID:4514] [0] [ID:8] still running Suites.Cart.TC20 search and verify cart after login after 30.0s
[INFO]    2026-04-24 04:00:43.842697 [PID:4848] [1] [ID:9] PASSED Suites.Cart.TC22 add from recommended items in 16.8 seconds
[INFO]    2026-04-24 04:00:50.332851 [PID:4514] [0] [ID:8] PASSED Suites.Cart.TC20 search and verify cart after login in 37.5 seconds
[INFO]    10 tests, 9 passed, 1 failed, 0 skipped.
[INFO]    ===================================================
[INFO]    Output:  /home/runner/work/engg-robot-testing-framework/engg-robot-testing-framework/reports/output.xml
[INFO]    Log:     /home/runner/work/engg-robot-testing-framework/engg-robot-testing-framework/reports/log.html
[INFO]    Report:  /home/runner/work/engg-robot-testing-framework/engg-robot-testing-framework/reports/report.html
[DEBUG]   Finalizing Pabot execution...
[DEBUG]   Stopping PabotLib process
[INFO]    Robot Framework remote server at 127.0.0.1:8270 stopped.
[DEBUG]   PabotLib process stopped
[INFO]    Total testing: 5 minutes 25.10 seconds
[INFO]    Elapsed time:  2 minutes 46.42 seconds
[DEBUG]   Logs flushed successfully.
