2026-05-03 04:27:46.834525 ==============================================================================
2026-05-03 04:27:46.843639 Suites
2026-05-03 04:27:46.843657 ==============================================================================
2026-05-03 04:27:46.843669 Suites.Auth
2026-05-03 04:27:46.844481 ==============================================================================
2026-05-03 04:27:46.944740 Suites.Auth.TC02 login valid
2026-05-03 04:27:46.968627 ==============================================================================
2026-05-03 04:29:29.949969 [ WARN ] Native click failed on Delete Account; trying JS click fallback.
2026-05-03 04:29:30.451531 TC02 Login User With Correct Email And Password                       | FAIL |
2026-05-03 04:29:30.488420 Text 'Account Deleted' did not appear in 1 minute.
2026-05-03 04:29:30.488439 ------------------------------------------------------------------------------
2026-05-03 04:29:30.488452 Suites.Auth.TC02 login valid                                          | FAIL |
2026-05-03 04:29:30.488987 1 test, 0 passed, 1 failed
2026-05-03 04:29:30.489036 ==============================================================================
2026-05-03 04:29:30.489048 Suites.Auth                                                           | FAIL |
2026-05-03 04:29:30.489356 1 test, 0 passed, 1 failed
2026-05-03 04:29:30.489401 ==============================================================================
2026-05-03 04:29:30.489415 Suites                                                                | FAIL |
2026-05-03 04:29:30.489645 1 test, 0 passed, 1 failed
2026-05-03 04:29:30.489689 ==============================================================================
2026-05-03 04:29:30.489701 Output:  /home/runner/work/engg-robot-testing-framework/engg-robot-testing-framework/reports/pabot_results/1/output.xml
