2026-04-16 03:54:24.542710 ==============================================================================
2026-04-16 03:54:24.568676 Suites
2026-04-16 03:54:24.568705 ==============================================================================
2026-04-16 03:54:24.568791 Suites.Auth
2026-04-16 03:54:24.569586 ==============================================================================
2026-04-16 03:54:24.719923 Suites.Auth.TC01 register user
2026-04-16 03:54:24.744497 ==============================================================================
2026-04-16 03:55:46.570058 [ WARN ] Native click failed on Delete Account; trying JS click fallback.
2026-04-16 03:55:47.222431 TC01 Register User                                                    | FAIL |
2026-04-16 03:55:47.266045 Text 'Account Deleted' did not appear in 1 minute.
2026-04-16 03:55:47.266060 ------------------------------------------------------------------------------
2026-04-16 03:55:47.266069 Suites.Auth.TC01 register user                                        | FAIL |
2026-04-16 03:55:47.266652 1 test, 0 passed, 1 failed
2026-04-16 03:55:47.266703 ==============================================================================
2026-04-16 03:55:47.266712 Suites.Auth                                                           | FAIL |
2026-04-16 03:55:47.267108 1 test, 0 passed, 1 failed
2026-04-16 03:55:47.267172 ==============================================================================
2026-04-16 03:55:47.267181 Suites                                                                | FAIL |
2026-04-16 03:55:47.267470 1 test, 0 passed, 1 failed
2026-04-16 03:55:47.267518 ==============================================================================
2026-04-16 03:55:47.267527 Output:  /home/runner/work/engg-robot-testing-framework/engg-robot-testing-framework/reports/pabot_results/0/output.xml
