2026-05-02 04:00:38.872590 ==============================================================================
2026-05-02 04:00:38.875750 Suites
2026-05-02 04:00:38.875764 ==============================================================================
2026-05-02 04:00:38.875773 Suites.Auth
2026-05-02 04:00:38.876532 ==============================================================================
2026-05-02 04:00:38.976777 Suites.Auth.TC04 logout user
2026-05-02 04:00:38.983798 ==============================================================================
2026-05-02 04:02:02.380871 [ WARN ] Native click failed on Delete Account; trying JS click fallback.
2026-05-02 04:02:03.285959 TC04 Logout User                                                      | FAIL |
2026-05-02 04:02:03.286542 Text 'Account Deleted' did not appear in 1 minute.
2026-05-02 04:02:03.286557 ------------------------------------------------------------------------------
2026-05-02 04:02:03.286568 Suites.Auth.TC04 logout user                                          | FAIL |
2026-05-02 04:02:03.287972 1 test, 0 passed, 1 failed
2026-05-02 04:02:03.288019 ==============================================================================
2026-05-02 04:02:03.288030 Suites.Auth                                                           | FAIL |
2026-05-02 04:02:03.288436 1 test, 0 passed, 1 failed
2026-05-02 04:02:03.288470 ==============================================================================
2026-05-02 04:02:03.288480 Suites                                                                | FAIL |
2026-05-02 04:02:03.288816 1 test, 0 passed, 1 failed
2026-05-02 04:02:03.288842 ==============================================================================
2026-05-02 04:02:03.289070 Output:  /home/runner/work/engg-robot-testing-framework/engg-robot-testing-framework/reports/pabot_results/3/output.xml
