2026-05-01 04:37:32.888290 ==============================================================================
2026-05-01 04:37:32.917483 Suites
2026-05-01 04:37:32.917492 ==============================================================================
2026-05-01 04:37:32.917500 Suites.Auth
2026-05-01 04:37:32.918003 ==============================================================================
2026-05-01 04:37:32.968106 Suites.Auth.TC05 register existing email
2026-05-01 04:37:33.001294 ==============================================================================
2026-05-01 04:38:47.647726 TC05 Register User With Existing Email                                | FAIL |
2026-05-01 04:38:47.669411 Element 'xpath=//a[contains(text(),'Logout')]' not visible after 45 seconds.
2026-05-01 04:38:47.669426 ------------------------------------------------------------------------------
2026-05-01 04:38:47.669435 Suites.Auth.TC05 register existing email                              | FAIL |
2026-05-01 04:38:47.670214 1 test, 0 passed, 1 failed
2026-05-01 04:38:47.670224 ==============================================================================
2026-05-01 04:38:47.670232 Suites.Auth                                                           | FAIL |
2026-05-01 04:38:47.670341 1 test, 0 passed, 1 failed
2026-05-01 04:38:47.670368 ==============================================================================
2026-05-01 04:38:47.670375 Suites                                                                | FAIL |
2026-05-01 04:38:47.670576 1 test, 0 passed, 1 failed
2026-05-01 04:38:47.670600 ==============================================================================
2026-05-01 04:38:47.670606 Output:  /home/runner/work/engg-robot-testing-framework/engg-robot-testing-framework/reports/pabot_results/4/output.xml
