==============================================================================
Suites
==============================================================================
Suites.Cart
==============================================================================
Suites.Cart.TC12 add products to cart :: TC12 - Add Products In Cart
==============================================================================
TC12 Add Products In Cart                                             | FAIL |
Setup failed:
WebDriverException: Message: unknown error: net::ERR_NAME_NOT_RESOLVED
  (Session info: chrome=145.0.7632.116)
Stacktrace:
#0 0x55aa513a5b6a <unknown>
#1 0x55aa50db8a32 <unknown>
#2 0x55aa50daf7ba <unknown>
#3 0x55aa50da0481 <unknown>
#4 0x55aa50da227c <unknown>
#5 0x55aa50da0979 <unknown>
#6 0x55aa50da0065 <unknown>
#7 0x55aa50d9fc16 <unknown>
#8 0x55aa50d9d731 <unknown>
#9 0x55aa50d9df80 <unknown>
#10 0x55aa50dbc41d <unknown>
#11 0x55aa50e56feb <unknown>
#12 0x55aa50e56369 <unknown>
#13 0x55aa50dffc0f <unknown>
#14 0x55aa50e009d1 <unknown>
#15 0x55aa5136a6b9 <unknown>
#16 0x55aa5136d5c1 <unknown>
#17 0x55aa51356e29 <unknown>
#18 0x55aa5136e17e <unknown>
#19 0x55aa5133d4b0 <unknown>
#20 0x55aa51392578 <unknown>
#21 0x55aa5139274b <unknown>
#22 0x55aa513a41a3 <unknown>
#23 0x7f7476304aa4 <unknown>
#24 0x7f7476391c6c <unknown>
------------------------------------------------------------------------------
Suites.Cart.TC12 add products to cart :: TC12 - Add Products In Cart  | FAIL |
1 test, 0 passed, 1 failed
==============================================================================
Suites.Cart                                                           | FAIL |
1 test, 0 passed, 1 failed
==============================================================================
Suites                                                                | FAIL |
1 test, 0 passed, 1 failed
==============================================================================
Output:  /home/surendra.cv/projects/practice/robot-framework/reports/pabot_results/5/output.xml
