[INFO]    Initialized logging in reports/pabot_results
[INFO]    Robot Framework remote server at 127.0.0.1:8270 started.
[DEBUG]   2026-04-27 04:07:18.264754 [PID:2376] [0] [ID:0] EXECUTING Suites.Auth.TC01 register user
[DEBUG]   2026-04-27 04:07:18.266693 [PID:2377] [1] [ID:1] EXECUTING Suites.Auth.TC02 login valid
[DEBUG]   2026-04-27 04:07:23.271951 [PID:2376] [0] [ID:0] still running Suites.Auth.TC01 register user after 5.0s
[DEBUG]   2026-04-27 04:07:23.272768 [PID:2377] [1] [ID:1] still running Suites.Auth.TC02 login valid after 5.0s
[DEBUG]   2026-04-27 04:07:33.288886 [PID:2377] [1] [ID:1] still running Suites.Auth.TC02 login valid after 15.0s
[DEBUG]   2026-04-27 04:07:33.290078 [PID:2376] [0] [ID:0] still running Suites.Auth.TC01 register user after 15.0s
[DEBUG]   2026-04-27 04:07:48.312461 [PID:2376] [0] [ID:0] still running Suites.Auth.TC01 register user after 30.0s
[DEBUG]   2026-04-27 04:07:48.312541 [PID:2377] [1] [ID:1] still running Suites.Auth.TC02 login valid after 30.0s
[INFO]    2026-04-27 04:07:57.124755 [PID:2376] [0] [ID:0] PASSED Suites.Auth.TC01 register user in 38.9 seconds
[DEBUG]   2026-04-27 04:07:57.129372 [PID:2875] [0] [ID:2] EXECUTING Suites.Auth.TC03 login invalid
[INFO]    2026-04-27 04:07:58.730004 [PID:2377] [1] [ID:1] PASSED Suites.Auth.TC02 login valid in 40.5 seconds
[DEBUG]   2026-04-27 04:07:58.737615 [PID:3020] [1] [ID:3] EXECUTING Suites.Auth.TC04 logout user
[DEBUG]   2026-04-27 04:08:02.142905 [PID:2875] [0] [ID:2] still running Suites.Auth.TC03 login invalid after 5.0s
[DEBUG]   2026-04-27 04:08:03.754862 [PID:3020] [1] [ID:3] still running Suites.Auth.TC04 logout user after 5.0s
[DEBUG]   2026-04-27 04:08:12.154533 [PID:2875] [0] [ID:2] still running Suites.Auth.TC03 login invalid after 15.0s
[INFO]    2026-04-27 04:08:12.458626 [PID:2875] [0] [ID:2] PASSED Suites.Auth.TC03 login invalid in 15.3 seconds
[DEBUG]   2026-04-27 04:08:12.464727 [PID:3347] [0] [ID:4] EXECUTING Suites.Auth.TC05 register existing email
[DEBUG]   2026-04-27 04:08:13.773636 [PID:3020] [1] [ID:3] still running Suites.Auth.TC04 logout user after 15.0s
[DEBUG]   2026-04-27 04:08:17.480427 [PID:3347] [0] [ID:4] still running Suites.Auth.TC05 register existing email after 5.0s
[DEBUG]   2026-04-27 04:08:27.494880 [PID:3347] [0] [ID:4] still running Suites.Auth.TC05 register existing email after 15.0s
[DEBUG]   2026-04-27 04:08:28.798362 [PID:3020] [1] [ID:3] still running Suites.Auth.TC04 logout user after 30.0s
[INFO]    2026-04-27 04:08:31.603801 [PID:3020] [1] [ID:3] PASSED Suites.Auth.TC04 logout user in 32.9 seconds
[DEBUG]   2026-04-27 04:08:31.609876 [PID:3603] [1] [ID:5] EXECUTING Suites.Cart.TC12 add products to cart
[DEBUG]   2026-04-27 04:08:36.617844 [PID:3603] [1] [ID:5] still running Suites.Cart.TC12 add products to cart after 5.0s
[DEBUG]   2026-04-27 04:08:42.515822 [PID:3347] [0] [ID:4] still running Suites.Auth.TC05 register existing email after 30.0s
[DEBUG]   2026-04-27 04:08:46.628172 [PID:3603] [1] [ID:5] still running Suites.Cart.TC12 add products to cart after 15.0s
[INFO]    2026-04-27 04:08:47.024669 [PID:3347] [0] [ID:4] PASSED Suites.Auth.TC05 register existing email in 34.6 seconds
[DEBUG]   2026-04-27 04:08:47.029907 [PID:3835] [0] [ID:6] EXECUTING Suites.Cart.TC13 verify product quantity
[INFO]    2026-04-27 04:08:49.240058 [PID:3603] [1] [ID:5] PASSED Suites.Cart.TC12 add products to cart in 17.6 seconds
[DEBUG]   2026-04-27 04:08:49.247661 [PID:4000] [1] [ID:7] EXECUTING Suites.Cart.TC17 remove products from cart
[DEBUG]   2026-04-27 04:08:52.041923 [PID:3835] [0] [ID:6] still running Suites.Cart.TC13 verify product quantity after 5.0s
[DEBUG]   2026-04-27 04:08:54.259946 [PID:4000] [1] [ID:7] still running Suites.Cart.TC17 remove products from cart after 5.0s
[INFO]    2026-04-27 04:09:00.755046 [PID:3835] [0] [ID:6] PASSED Suites.Cart.TC13 verify product quantity in 13.7 seconds
[DEBUG]   2026-04-27 04:09:00.760364 [PID:4294] [0] [ID:8] EXECUTING Suites.Cart.TC20 search and verify cart after login
[DEBUG]   2026-04-27 04:09:04.275686 [PID:4000] [1] [ID:7] still running Suites.Cart.TC17 remove products from cart after 15.0s
[DEBUG]   2026-04-27 04:09:05.770518 [PID:4294] [0] [ID:8] still running Suites.Cart.TC20 search and verify cart after login after 5.0s
[INFO]    2026-04-27 04:09:07.082547 [PID:4000] [1] [ID:7] PASSED Suites.Cart.TC17 remove products from cart in 17.8 seconds
[DEBUG]   2026-04-27 04:09:07.089589 [PID:4529] [1] [ID:9] EXECUTING Suites.Cart.TC22 add from recommended items
[DEBUG]   2026-04-27 04:09:12.097959 [PID:4529] [1] [ID:9] still running Suites.Cart.TC22 add from recommended items after 5.0s
[DEBUG]   2026-04-27 04:09:15.789617 [PID:4294] [0] [ID:8] still running Suites.Cart.TC20 search and verify cart after login after 15.0s
[DEBUG]   2026-04-27 04:09:22.109561 [PID:4529] [1] [ID:9] still running Suites.Cart.TC22 add from recommended items after 15.0s
[INFO]    2026-04-27 04:09:23.616107 [PID:4529] [1] [ID:9] PASSED Suites.Cart.TC22 add from recommended items in 16.5 seconds
[DEBUG]   2026-04-27 04:09:30.810175 [PID:4294] [0] [ID:8] still running Suites.Cart.TC20 search and verify cart after login after 30.0s
[INFO]    2026-04-27 04:09:38.123542 [PID:4294] [0] [ID:8] PASSED Suites.Cart.TC20 search and verify cart after login in 37.4 seconds
[INFO]    10 tests, 10 passed, 0 failed, 0 skipped.
[INFO]    ===================================================
[INFO]    Output:  /home/runner/work/engg-robot-testing-framework/engg-robot-testing-framework/reports/output.xml
[INFO]    Log:     /home/runner/work/engg-robot-testing-framework/engg-robot-testing-framework/reports/log.html
[INFO]    Report:  /home/runner/work/engg-robot-testing-framework/engg-robot-testing-framework/reports/report.html
[DEBUG]   Finalizing Pabot execution...
[DEBUG]   Stopping PabotLib process
[INFO]    Robot Framework remote server at 127.0.0.1:8270 stopped.
[DEBUG]   PabotLib process stopped
[INFO]    Total testing: 4 minutes 25.20 seconds
[INFO]    Elapsed time:  2 minutes 20.49 seconds
[DEBUG]   Logs flushed successfully.
