2026-04-14 16:35:20.008186 ==============================================================================
2026-04-14 16:35:20.020524 Suites
2026-04-14 16:35:20.020550 ==============================================================================
2026-04-14 16:35:20.020562 Suites.Cart
2026-04-14 16:35:20.021581 ==============================================================================
2026-04-14 16:35:20.172179 Suites.Cart.TC17 remove products from cart :: TC17 - Remove Products From Cart
2026-04-14 16:35:20.199634 ==============================================================================
2026-04-14 16:36:41.304805 TC17 Remove Products From Cart                                        | FAIL |
2026-04-14 16:36:41.332575 Setup failed:
2026-04-14 16:36:41.332603 WebDriverException: Message: unknown error: net::ERR_NAME_NOT_RESOLVED
2026-04-14 16:36:41.332616   (Session info: chrome=145.0.7632.116)
2026-04-14 16:36:41.332626 Stacktrace:
2026-04-14 16:36:41.332635 #0 0x556000e7eb6a <unknown>
2026-04-14 16:36:41.332645 #1 0x556000891a32 <unknown>
2026-04-14 16:36:41.332654 #2 0x5560008887ba <unknown>
2026-04-14 16:36:41.332664 #3 0x556000879481 <unknown>
2026-04-14 16:36:41.332674 #4 0x55600087b27c <unknown>
2026-04-14 16:36:41.332683 #5 0x556000879979 <unknown>
2026-04-14 16:36:41.332692 #6 0x556000879065 <unknown>
2026-04-14 16:36:41.332702 #7 0x556000878c16 <unknown>
2026-04-14 16:36:41.332711 #8 0x556000876731 <unknown>
2026-04-14 16:36:41.332720 #9 0x556000876f80 <unknown>
2026-04-14 16:36:41.332729 #10 0x55600089541d <unknown>
2026-04-14 16:36:41.332739 #11 0x55600092ffeb <unknown>
2026-04-14 16:36:41.332748 #12 0x55600092f369 <unknown>
2026-04-14 16:36:41.332758 #13 0x5560008d8c0f <unknown>
2026-04-14 16:36:41.332767 #14 0x5560008d99d1 <unknown>
2026-04-14 16:36:41.332777 #15 0x556000e436b9 <unknown>
2026-04-14 16:36:41.332819 #16 0x556000e465c1 <unknown>
2026-04-14 16:36:41.332852 #17 0x556000e2fe29 <unknown>
2026-04-14 16:36:41.332871 #18 0x556000e4717e <unknown>
2026-04-14 16:36:41.332883 #19 0x556000e164b0 <unknown>
2026-04-14 16:36:41.332895 #20 0x556000e6b578 <unknown>
2026-04-14 16:36:41.332908 #21 0x556000e6b74b <unknown>
2026-04-14 16:36:41.332920 #22 0x556000e7d1a3 <unknown>
2026-04-14 16:36:41.332932 #23 0x7f4b53a8aaa4 <unknown>
2026-04-14 16:36:41.332943 #24 0x7f4b53b17c6c <unknown>
2026-04-14 16:36:41.332955 ------------------------------------------------------------------------------
2026-04-14 16:36:41.332968 Suites.Cart.TC17 remove products from cart :: TC17 - Remove Produc... | FAIL |
2026-04-14 16:36:41.333894 1 test, 0 passed, 1 failed
2026-04-14 16:36:41.333919 ==============================================================================
2026-04-14 16:36:41.333930 Suites.Cart                                                           | FAIL |
2026-04-14 16:36:41.334447 1 test, 0 passed, 1 failed
2026-04-14 16:36:41.334468 ==============================================================================
2026-04-14 16:36:41.334479 Suites                                                                | FAIL |
2026-04-14 16:36:41.334999 1 test, 0 passed, 1 failed
2026-04-14 16:36:41.335022 ==============================================================================
2026-04-14 16:36:41.335033 Output:  /home/surendra.cv/projects/practice/robot-framework/reports/pabot_results/7/output.xml
