==============================================================================
Suites
==============================================================================
Suites.Cart
==============================================================================
Suites.Cart.TC20 search and verify cart after login :: TC20 - Search Produc...
==============================================================================
TC20 Search Products And Verify Cart After Login                      | FAIL |
Setup failed:
WebDriverException: Message: unknown error: net::ERR_NAME_NOT_RESOLVED
  (Session info: chrome=145.0.7632.116)
Stacktrace:
#0 0x55a2944adb6a <unknown>
#1 0x55a293ec0a32 <unknown>
#2 0x55a293eb77ba <unknown>
#3 0x55a293ea8481 <unknown>
#4 0x55a293eaa27c <unknown>
#5 0x55a293ea8979 <unknown>
#6 0x55a293ea8065 <unknown>
#7 0x55a293ea7c16 <unknown>
#8 0x55a293ea5731 <unknown>
#9 0x55a293ea5f80 <unknown>
#10 0x55a293ec441d <unknown>
#11 0x55a293f5efeb <unknown>
#12 0x55a293f5e369 <unknown>
#13 0x55a293f07c0f <unknown>
#14 0x55a293f089d1 <unknown>
#15 0x55a2944726b9 <unknown>
#16 0x55a2944755c1 <unknown>
#17 0x55a29445ee29 <unknown>
#18 0x55a29447617e <unknown>
#19 0x55a2944454b0 <unknown>
#20 0x55a29449a578 <unknown>
#21 0x55a29449a74b <unknown>
#22 0x55a2944ac1a3 <unknown>
#23 0x7eff0104daa4 <unknown>
#24 0x7eff010dac6c <unknown>
------------------------------------------------------------------------------
Suites.Cart.TC20 search and verify cart after login :: TC20 - Sear... | FAIL |
1 test, 0 passed, 1 failed
==============================================================================
Suites.Cart                                                           | FAIL |
1 test, 0 passed, 1 failed
==============================================================================
Suites                                                                | FAIL |
1 test, 0 passed, 1 failed
==============================================================================
Output:  /home/surendra.cv/projects/practice/robot-framework/reports/pabot_results/8/output.xml
