2026-04-16 03:54:24.543353 ==============================================================================
2026-04-16 03:54:24.565378 Suites
2026-04-16 03:54:24.565398 ==============================================================================
2026-04-16 03:54:24.565411 Suites.Auth
2026-04-16 03:54:24.566188 ==============================================================================
2026-04-16 03:54:24.716553 Suites.Auth.TC02 login valid
2026-04-16 03:54:24.744567 ==============================================================================
2026-04-16 03:55:42.708048 TC02 Login User With Correct Email And Password                       | FAIL |
2026-04-16 03:55:42.713810 Element 'xpath=//a[contains(text(),'Logout')]' not visible after 45 seconds.
2026-04-16 03:55:42.713869 ------------------------------------------------------------------------------
2026-04-16 03:55:42.713888 Suites.Auth.TC02 login valid                                          | FAIL |
2026-04-16 03:55:42.714551 1 test, 0 passed, 1 failed
2026-04-16 03:55:42.714613 ==============================================================================
2026-04-16 03:55:42.714629 Suites.Auth                                                           | FAIL |
2026-04-16 03:55:42.715044 1 test, 0 passed, 1 failed
2026-04-16 03:55:42.715112 ==============================================================================
2026-04-16 03:55:42.715128 Suites                                                                | FAIL |
2026-04-16 03:55:42.715428 1 test, 0 passed, 1 failed
2026-04-16 03:55:42.715484 ==============================================================================
2026-04-16 03:55:42.715497 Output:  /home/runner/work/engg-robot-testing-framework/engg-robot-testing-framework/reports/pabot_results/1/output.xml
