==============================================================================
Suites
==============================================================================
Suites.Auth
==============================================================================
Suites.Auth.TC05 register existing email
==============================================================================
TC05 Register User With Existing Email                                | FAIL |
Setup failed:
WebDriverException: Message: unknown error: net::ERR_NAME_NOT_RESOLVED
  (Session info: chrome=145.0.7632.116)
Stacktrace:
#0 0x55b541b56b6a <unknown>
#1 0x55b541569a32 <unknown>
#2 0x55b5415607ba <unknown>
#3 0x55b541551481 <unknown>
#4 0x55b54155327c <unknown>
#5 0x55b541551979 <unknown>
#6 0x55b541551065 <unknown>
#7 0x55b541550c16 <unknown>
#8 0x55b54154e731 <unknown>
#9 0x55b54154ef80 <unknown>
#10 0x55b54156d41d <unknown>
#11 0x55b541607feb <unknown>
#12 0x55b541607369 <unknown>
#13 0x55b5415b0c0f <unknown>
#14 0x55b5415b19d1 <unknown>
#15 0x55b541b1b6b9 <unknown>
#16 0x55b541b1e5c1 <unknown>
#17 0x55b541b07e29 <unknown>
#18 0x55b541b1f17e <unknown>
#19 0x55b541aee4b0 <unknown>
#20 0x55b541b43578 <unknown>
#21 0x55b541b4374b <unknown>
#22 0x55b541b551a3 <unknown>
#23 0x7fd512553aa4 <unknown>
#24 0x7fd5125e0c6c <unknown>
------------------------------------------------------------------------------
Suites.Auth.TC05 register existing email                              | FAIL |
1 test, 0 passed, 1 failed
==============================================================================
Suites.Auth                                                           | FAIL |
1 test, 0 passed, 1 failed
==============================================================================
Suites                                                                | FAIL |
1 test, 0 passed, 1 failed
==============================================================================
Output:  /home/surendra.cv/projects/practice/robot-framework/reports/pabot_results/4/output.xml
