==============================================================================
Suites
==============================================================================
Suites.Auth
==============================================================================
Suites.Auth.TC01 register user
==============================================================================
TC01 Register User                                                    | FAIL |
' New User  Signup!' does not contain 'new user signup'
------------------------------------------------------------------------------
Suites.Auth.TC01 register user                                        | FAIL |
1 test, 0 passed, 1 failed
==============================================================================
Suites.Auth                                                           | FAIL |
1 test, 0 passed, 1 failed
==============================================================================
Suites                                                                | FAIL |
1 test, 0 passed, 1 failed
==============================================================================
Output:  /home/runner/work/engg-robot-testing-framework/engg-robot-testing-framework/reports/pabot_results/0/output.xml
