2026-05-02 03:59:52.569132 ==============================================================================
2026-05-02 03:59:52.573922 Suites
2026-05-02 03:59:52.573942 ==============================================================================
2026-05-02 03:59:52.573954 Suites.Auth
2026-05-02 03:59:52.574833 ==============================================================================
2026-05-02 03:59:52.775638 Suites.Auth.TC01 register user
2026-05-02 03:59:52.806183 ==============================================================================
2026-05-02 04:00:23.818621 TC01 Register User                                                    | FAIL |
2026-05-02 04:00:23.853936 ' New User  Signup!' does not contain 'new user signup'
2026-05-02 04:00:23.853954 ------------------------------------------------------------------------------
2026-05-02 04:00:23.853963 Suites.Auth.TC01 register user                                        | FAIL |
2026-05-02 04:00:23.854531 1 test, 0 passed, 1 failed
2026-05-02 04:00:23.854566 ==============================================================================
2026-05-02 04:00:23.854573 Suites.Auth                                                           | FAIL |
2026-05-02 04:00:23.854889 1 test, 0 passed, 1 failed
2026-05-02 04:00:23.854929 ==============================================================================
2026-05-02 04:00:23.854936 Suites                                                                | FAIL |
2026-05-02 04:00:23.855198 1 test, 0 passed, 1 failed
2026-05-02 04:00:23.855237 ==============================================================================
2026-05-02 04:00:23.855244 Output:  /home/runner/work/engg-robot-testing-framework/engg-robot-testing-framework/reports/pabot_results/0/output.xml
