2026-04-17 03:51:22.205247 ==============================================================================
2026-04-17 03:51:22.228100 Suites
2026-04-17 03:51:22.228123 ==============================================================================
2026-04-17 03:51:22.228138 Suites.Auth
2026-04-17 03:51:22.229063 ==============================================================================
2026-04-17 03:51:22.379502 Suites.Auth.TC01 register user
2026-04-17 03:51:22.426090 ==============================================================================
2026-04-17 03:52:45.593186 [ WARN ] Native click failed on Delete Account; trying JS click fallback.
2026-04-17 03:52:46.347231 TC01 Register User                                                    | FAIL |
2026-04-17 03:52:46.366878 Text 'Account Deleted' did not appear in 1 minute.
2026-04-17 03:52:46.366896 ------------------------------------------------------------------------------
2026-04-17 03:52:46.366907 Suites.Auth.TC01 register user                                        | FAIL |
2026-04-17 03:52:46.367555 1 test, 0 passed, 1 failed
2026-04-17 03:52:46.367568 ==============================================================================
2026-04-17 03:52:46.367577 Suites.Auth                                                           | FAIL |
2026-04-17 03:52:46.367963 1 test, 0 passed, 1 failed
2026-04-17 03:52:46.367990 ==============================================================================
2026-04-17 03:52:46.368040 Suites                                                                | FAIL |
2026-04-17 03:52:46.368264 1 test, 0 passed, 1 failed
2026-04-17 03:52:46.368314 ==============================================================================
2026-04-17 03:52:46.368324 Output:  /home/runner/work/engg-robot-testing-framework/engg-robot-testing-framework/reports/pabot_results/0/output.xml
