2026-05-02 04:01:25.718086 ==============================================================================
2026-05-02 04:01:25.727106 Suites
2026-05-02 04:01:25.727123 ==============================================================================
2026-05-02 04:01:25.727130 Suites.Auth
2026-05-02 04:01:25.727818 ==============================================================================
2026-05-02 04:01:25.828098 Suites.Auth.TC05 register existing email
2026-05-02 04:01:25.836548 ==============================================================================
2026-05-02 04:02:41.269516 TC05 Register User With Existing Email                                | FAIL |
2026-05-02 04:02:41.274126 Element 'xpath=//a[contains(text(),'Logout')]' not visible after 45 seconds.
2026-05-02 04:02:41.274141 ------------------------------------------------------------------------------
2026-05-02 04:02:41.274149 Suites.Auth.TC05 register existing email                              | FAIL |
2026-05-02 04:02:41.274623 1 test, 0 passed, 1 failed
2026-05-02 04:02:41.274656 ==============================================================================
2026-05-02 04:02:41.274664 Suites.Auth                                                           | FAIL |
2026-05-02 04:02:41.274916 1 test, 0 passed, 1 failed
2026-05-02 04:02:41.274945 ==============================================================================
2026-05-02 04:02:41.274953 Suites                                                                | FAIL |
2026-05-02 04:02:41.275184 1 test, 0 passed, 1 failed
2026-05-02 04:02:41.275216 ==============================================================================
2026-05-02 04:02:41.275222 Output:  /home/runner/work/engg-robot-testing-framework/engg-robot-testing-framework/reports/pabot_results/4/output.xml
