[INFO]    Initialized logging in reports/pabot_results
[INFO]    Robot Framework remote server at 127.0.0.1:8270 started.
[DEBUG]   2026-05-03 04:27:46.681162 [PID:2312] [0] [ID:0] EXECUTING Suites.Auth.TC01 register user
[DEBUG]   2026-05-03 04:27:46.683681 [PID:2313] [1] [ID:1] EXECUTING Suites.Auth.TC02 login valid
[DEBUG]   2026-05-03 04:27:51.687737 [PID:2312] [0] [ID:0] still running Suites.Auth.TC01 register user after 5.0s
[DEBUG]   2026-05-03 04:27:51.689269 [PID:2313] [1] [ID:1] still running Suites.Auth.TC02 login valid after 5.0s
[DEBUG]   2026-05-03 04:28:01.697277 [PID:2312] [0] [ID:0] still running Suites.Auth.TC01 register user after 15.0s
[DEBUG]   2026-05-03 04:28:01.699044 [PID:2313] [1] [ID:1] still running Suites.Auth.TC02 login valid after 15.0s
[DEBUG]   2026-05-03 04:28:16.723731 [PID:2313] [1] [ID:1] still running Suites.Auth.TC02 login valid after 30.0s
[DEBUG]   2026-05-03 04:28:16.726718 [PID:2312] [0] [ID:0] still running Suites.Auth.TC01 register user after 30.0s
[INFO]    2026-05-03 04:28:36.552953 [PID:2312] [0] [ID:0] PASSED Suites.Auth.TC01 register user in 49.9 seconds
[DEBUG]   2026-05-03 04:28:36.557423 [PID:2830] [0] [ID:2] EXECUTING Suites.Auth.TC03 login invalid
[DEBUG]   2026-05-03 04:28:36.749535 [PID:2313] [1] [ID:1] still running Suites.Auth.TC02 login valid after 50.0s
[DEBUG]   2026-05-03 04:28:41.569029 [PID:2830] [0] [ID:2] still running Suites.Auth.TC03 login invalid after 5.0s
[DEBUG]   2026-05-03 04:28:51.579039 [PID:2830] [0] [ID:2] still running Suites.Auth.TC03 login invalid after 15.0s
[INFO]    2026-05-03 04:28:52.984999 [PID:2830] [0] [ID:2] PASSED Suites.Auth.TC03 login invalid in 16.4 seconds
[DEBUG]   2026-05-03 04:28:52.989995 [PID:3149] [1] [ID:3] EXECUTING Suites.Auth.TC04 logout user
[DEBUG]   2026-05-03 04:28:57.997873 [PID:3149] [1] [ID:3] still running Suites.Auth.TC04 logout user after 5.0s
[DEBUG]   2026-05-03 04:29:01.793860 [PID:2313] [1] [ID:1] still running Suites.Auth.TC02 login valid after 75.0s
[DEBUG]   2026-05-03 04:29:08.012619 [PID:3149] [1] [ID:3] still running Suites.Auth.TC04 logout user after 15.0s
[DEBUG]   2026-05-03 04:29:23.030193 [PID:3149] [1] [ID:3] still running Suites.Auth.TC04 logout user after 30.0s
[INFO]    2026-05-03 04:29:25.736077 [PID:3149] [1] [ID:3] PASSED Suites.Auth.TC04 logout user in 32.7 seconds
[DEBUG]   2026-05-03 04:29:25.739609 [PID:3562] [0] [ID:4] EXECUTING Suites.Auth.TC05 register existing email
[INFO]    2026-05-03 04:29:30.725994 [PID:2313] [1] [ID:1] Execution failed in Suites.Auth.TC02 login valid with 1 failing test(s)
==============================================================================
Suites
==============================================================================
Suites.Auth
==============================================================================
Suites.Auth.TC02 login valid
==============================================================================
TC02 Login User With Correct Email And Password                       | FAIL |
Text 'Account Deleted' did not appear in 1 minute.
------------------------------------------------------------------------------
Suites.Auth.TC02 login valid                                          | FAIL |
1 test, 0 passed, 1 failed
==============================================================================
Suites.Auth                                                           | FAIL |
1 test, 0 passed, 1 failed
==============================================================================
Suites                                                                | FAIL |
1 test, 0 passed, 1 failed
==============================================================================
Output:  /home/runner/work/engg-robot-testing-framework/engg-robot-testing-framework/reports/pabot_results/1/output.xml

[ WARN ] Native click failed on Delete Account; trying JS click fallback.
[DEBUG]   2026-05-03 04:29:30.729328 [PID:3727] [1] [ID:5] EXECUTING Suites.Cart.TC12 add products to cart
[DEBUG]   2026-05-03 04:29:30.751222 [PID:3562] [0] [ID:4] still running Suites.Auth.TC05 register existing email after 5.0s
[DEBUG]   2026-05-03 04:29:35.739134 [PID:3727] [1] [ID:5] still running Suites.Cart.TC12 add products to cart after 5.0s
[DEBUG]   2026-05-03 04:29:40.761881 [PID:3562] [0] [ID:4] still running Suites.Auth.TC05 register existing email after 15.0s
[DEBUG]   2026-05-03 04:29:45.750197 [PID:3727] [1] [ID:5] still running Suites.Cart.TC12 add products to cart after 15.0s
[INFO]    2026-05-03 04:29:48.256441 [PID:3727] [1] [ID:5] PASSED Suites.Cart.TC12 add products to cart in 17.5 seconds
[DEBUG]   2026-05-03 04:29:48.261472 [PID:4046] [0] [ID:6] EXECUTING Suites.Cart.TC13 verify product quantity
[DEBUG]   2026-05-03 04:29:53.274725 [PID:4046] [0] [ID:6] still running Suites.Cart.TC13 verify product quantity after 5.0s
[DEBUG]   2026-05-03 04:29:55.778040 [PID:3562] [0] [ID:4] still running Suites.Auth.TC05 register existing email after 30.0s
[DEBUG]   2026-05-03 04:30:03.286528 [PID:4046] [0] [ID:6] still running Suites.Cart.TC13 verify product quantity after 15.0s
[INFO]    2026-05-03 04:30:03.590104 [PID:4046] [0] [ID:6] PASSED Suites.Cart.TC13 verify product quantity in 15.3 seconds
[DEBUG]   2026-05-03 04:30:03.594743 [PID:4297] [1] [ID:7] EXECUTING Suites.Cart.TC17 remove products from cart
[DEBUG]   2026-05-03 04:30:08.600711 [PID:4297] [1] [ID:7] still running Suites.Cart.TC17 remove products from cart after 5.0s
[DEBUG]   2026-05-03 04:30:15.802202 [PID:3562] [0] [ID:4] still running Suites.Auth.TC05 register existing email after 50.0s
[DEBUG]   2026-05-03 04:30:18.609146 [PID:4297] [1] [ID:7] still running Suites.Cart.TC17 remove products from cart after 15.0s
[INFO]    2026-05-03 04:30:22.115290 [PID:4297] [1] [ID:7] PASSED Suites.Cart.TC17 remove products from cart in 18.5 seconds
[DEBUG]   2026-05-03 04:30:22.119391 [PID:4592] [0] [ID:8] EXECUTING Suites.Cart.TC20 search and verify cart after login
[DEBUG]   2026-05-03 04:30:27.128466 [PID:4592] [0] [ID:8] still running Suites.Cart.TC20 search and verify cart after login after 5.0s
[DEBUG]   2026-05-03 04:30:37.137943 [PID:4592] [0] [ID:8] still running Suites.Cart.TC20 search and verify cart after login after 15.0s
[DEBUG]   2026-05-03 04:30:40.836083 [PID:3562] [0] [ID:4] still running Suites.Auth.TC05 register existing email after 75.0s
[INFO]    2026-05-03 04:30:41.339833 [PID:3562] [0] [ID:4] Execution failed in Suites.Auth.TC05 register existing email with 1 failing test(s)
==============================================================================
Suites
==============================================================================
Suites.Auth
==============================================================================
Suites.Auth.TC05 register existing email
==============================================================================
TC05 Register User With Existing Email                                | FAIL |
Element 'xpath=//a[contains(text(),'Logout')]' not visible after 45 seconds.
------------------------------------------------------------------------------
Suites.Auth.TC05 register existing email                              | FAIL |
1 test, 0 passed, 1 failed
==============================================================================
Suites.Auth                                                           | FAIL |
1 test, 0 passed, 1 failed
==============================================================================
Suites                                                                | FAIL |
1 test, 0 passed, 1 failed
==============================================================================
Output:  /home/runner/work/engg-robot-testing-framework/engg-robot-testing-framework/reports/pabot_results/4/output.xml
[DEBUG]   2026-05-03 04:30:41.343718 [PID:5038] [1] [ID:9] EXECUTING Suites.Cart.TC22 add from recommended items
[DEBUG]   2026-05-03 04:30:46.350100 [PID:5038] [1] [ID:9] still running Suites.Cart.TC22 add from recommended items after 5.0s
[DEBUG]   2026-05-03 04:30:52.170808 [PID:4592] [0] [ID:8] still running Suites.Cart.TC20 search and verify cart after login after 30.0s
[DEBUG]   2026-05-03 04:30:56.368022 [PID:5038] [1] [ID:9] still running Suites.Cart.TC22 add from recommended items after 15.0s
[INFO]    2026-05-03 04:30:58.474392 [PID:5038] [1] [ID:9] PASSED Suites.Cart.TC22 add from recommended items in 17.1 seconds
[INFO]    2026-05-03 04:31:01.585431 [PID:4592] [0] [ID:8] PASSED Suites.Cart.TC20 search and verify cart after login in 39.5 seconds
[INFO]    10 tests, 8 passed, 2 failed, 0 skipped.
[INFO]    ===================================================
[INFO]    Output:  /home/runner/work/engg-robot-testing-framework/engg-robot-testing-framework/reports/output.xml
[INFO]    Log:     /home/runner/work/engg-robot-testing-framework/engg-robot-testing-framework/reports/log.html
[INFO]    Report:  /home/runner/work/engg-robot-testing-framework/engg-robot-testing-framework/reports/report.html
[DEBUG]   Finalizing Pabot execution...
[DEBUG]   Stopping PabotLib process
[INFO]    Robot Framework remote server at 127.0.0.1:8270 stopped.
[DEBUG]   PabotLib process stopped
[INFO]    Total testing: 6 minutes 26.50 seconds
[INFO]    Elapsed time:  3 minutes 15.56 seconds
[DEBUG]   Logs flushed successfully.
